Power Supplies: LTC3564, LT3065
 Output Voltage Programming:
  Vout = 0.6V ( 1 + R2/R1)

R1(connect to gnd); R2;    Vout
1000	1		0.6006
1000	1.07		0.60064
909	1		0.60066
1000	1.1		0.60066
866	1		0.60069
909	1.07		0.60071
909	1.1		0.60073
866	1.07		0.60074
866	1.1		0.60076
768	1		0.60078
768	1.07		0.60084
698	1		0.60086
768	1.1		0.60086
1000	1.5		0.6009
698	1.07		0.60092
634	1		0.60095
698	1.1		0.60095
1000	1.6		0.60096
909	1.5		0.60099
634	1.07		0.60101
634	1.1		0.60104
866	1.5		0.60104
909	1.6		0.60106
562	1		0.60107
1000	1.78		0.60107
866	1.6		0.60111
562	1.07		0.60114
562	1.1		0.60117
768	1.5		0.60117
909	1.78		0.60117
866	1.78		0.60123
768	1.6		0.60125
475	1		0.60126
698	1.5		0.60129
453	1		0.60132
475	1.07		0.60135
698	1.6		0.60138
432	1		0.60139
475	1.1		0.60139
768	1.78		0.60139
453	1.07		0.60142
634	1.5		0.60142
412	1		0.60146
453	1.1		0.60146
432	1.07		0.60149
634	1.6		0.60151
432	1.1		0.60153
698	1.78		0.60153
412	1.07		0.60156
412	1.1		0.6016
562	1.5		0.6016
365	1		0.60164
1000	2.74		0.60164
634	1.78		0.60168
562	1.6		0.60171
365	1.07		0.60176
332	1		0.60181
365	1.1		0.60181
909	2.74		0.60181
475	1.5		0.60189
562	1.78		0.6019
866	2.74		0.6019
332	1.07		0.60193
301	1		0.60199
332	1.1		0.60199
453	1.5		0.60199
1000	3.32		0.60199
475	1.6		0.60202
432	1.5		0.60208
453	1.6		0.60212
301	1.07		0.60213
768	2.74		0.60214
412	1.5		0.60218
274	1		0.60219
301	1.1		0.60219
909	3.32		0.60219
432	1.6		0.60222
475	1.78		0.60225
866	3.32		0.6023
412	1.6		0.60233
274	1.07		0.60234
453	1.78		0.60236
698	2.74		0.60236
274	1.1		0.60241
365	1.5		0.60247
432	1.78		0.60247
237	1		0.60253
412	1.78		0.60259
634	2.74		0.60259
768	3.32		0.60259
365	1.6		0.60263
237	1.07		0.60271
332	1.5		0.60271
237	1.1		0.60278
698	3.32		0.60285
210	1		0.60286
332	1.6		0.60289
365	1.78		0.60293
562	2.74		0.60293
301	1.5		0.60299
200	1		0.603
210	1.07		0.60306
191	1		0.60314
210	1.1		0.60314
634	3.32		0.60314
301	1.6		0.60319
200	1.07		0.60321
332	1.78		0.60322
274	1.5		0.60328
182	1		0.6033
200	1.1		0.6033
191	1.07		0.60336
1000	5.62		0.60337
191	1.1		0.60346
475	2.74		0.60346
274	1.6		0.6035
182	1.07		0.60353
562	3.32		0.60354
169	1		0.60355
301	1.78		0.60355
182	1.1		0.60363
453	2.74		0.60363
162	1		0.6037
909	5.62		0.60371
169	1.07		0.6038
237	1.5		0.6038
432	2.74		0.60381
866	5.62		0.60389
274	1.78		0.6039
169	1.1		0.60391
162	1.07		0.60396
412	2.74		0.60399
237	1.6		0.60405
162	1.1		0.60407
147	1		0.60408
475	3.32		0.60419
140	1		0.60429
210	1.5		0.60429
147	1.07		0.60437
768	5.62		0.60439
453	3.32		0.6044
147	1.1		0.60449
200	1.5		0.6045
365	2.74		0.6045
237	1.78		0.60451
210	1.6		0.60457
140	1.07		0.60459
432	3.32		0.60461
140	1.1		0.60471
191	1.5		0.60471
127	1		0.60472
200	1.6		0.6048
412	3.32		0.60483
698	5.62		0.60483
182	1.5		0.60495
332	2.74		0.60495
121	1		0.60496
191	1.6		0.60503
127	1.07		0.60506
210	1.78		0.60509
127	1.1		0.6052
182	1.6		0.60527
121	1.07		0.60531
634	5.62		0.60532
169	1.5		0.60533
200	1.78		0.60534
121	1.1		0.60545
301	2.74		0.60546
365	3.32		0.60546
162	1.5		0.60556
191	1.78		0.60559
107	1		0.60561
169	1.6		0.60568
1000	9.76		0.60586
182	1.78		0.60587
162	1.6		0.60593
100	1		0.606
107	1.07		0.606
274	2.74		0.606
332	3.32		0.606
562	5.62		0.606
147	1.5		0.60612
1000	10.2		0.60612
107	1.1		0.60617
95.3	1		0.6063
169	1.78		0.60632
100	1.07		0.60642
140	1.5		0.60643
93.1	1		0.60644
909	9.76		0.60644
147	1.6		0.60653
162	1.78		0.60659
90.9	1		0.6066
100	1.1		0.6066
301	3.32		0.60662
909	10.2		0.60673
95.3	1.07		0.60674
88.7	1		0.60676
866	9.76		0.60676
140	1.6		0.60686
93.1	1.07		0.6069
95.3	1.1		0.60693
237	2.74		0.60694
90.9	1.07		0.60706
866	10.2		0.60707
1000	11.8		0.60708
93.1	1.1		0.60709
127	1.5		0.60709
84.5	1		0.6071
475	5.62		0.6071
88.7	1.07		0.60724
90.9	1.1		0.60726
147	1.78		0.60727
274	3.32		0.60727
88.7	1.1		0.60744
121	1.5		0.60744
453	5.62		0.60744
127	1.6		0.60756
84.5	1.07		0.6076
78.7	1		0.60762
768	9.76		0.60762
140	1.78		0.60763
909	11.8		0.60779
84.5	1.1		0.60781
432	5.62		0.60781
210	2.74		0.60783
121	1.6		0.60793
768	10.2		0.60797
75.0	1		0.608
78.7	1.07		0.60816
412	5.62		0.60818
866	11.8		0.60818
200	2.74		0.60822
78.7	1.1		0.60839
698	9.76		0.60839
107	1.5		0.60841
127	1.78		0.60841
237	3.32		0.60841
75.0	1.07		0.60856
191	2.74		0.60861
698	10.2		0.60877
75.0	1.1		0.6088
121	1.78		0.60883
107	1.6		0.60897
100	1.5		0.609
182	2.74		0.60903
768	11.8		0.60922
64.9	1		0.60924
365	5.62		0.60924
634	9.76		0.60924
1000	15.4		0.60924
95.3	1.5		0.60944
210	3.32		0.60949
100	1.6		0.6096
634	10.2		0.60965
93.1	1.5		0.60967
61.9	1		0.60969
169	2.74		0.60973
64.9	1.07		0.60989
90.9	1.5		0.6099
60.4	1		0.60993
200	3.32		0.60996
107	1.78		0.60998
95.3	1.6		0.61007
698	11.8		0.61014
1000	16.9		0.61014
88.7	1.5		0.61015
162	2.74		0.61015
332	5.62		0.61016
64.9	1.1		0.61017
909	15.4		0.61017
93.1	1.6		0.61031
61.9	1.07		0.61037
562	9.76		0.61042
191	3.32		0.61043
90.9	1.6		0.61056
60.4	1.07		0.61063
84.5	1.5		0.61065
61.9	1.1		0.61066
866	15.4		0.61067
100	1.78		0.61068
88.7	1.6		0.61082
562	10.2		0.61089
54.9	1		0.61093
60.4	1.1		0.61093
182	3.32		0.61095
909	16.9		0.61116
634	11.8		0.61117
147	2.74		0.61118
301	5.62		0.6112
95.3	1.78		0.61121
84.5	1.6		0.61136
78.7	1.5		0.61144
52.3	1		0.61147
93.1	1.78		0.61147
54.9	1.07		0.61169
866	16.9		0.61171
140	2.74		0.61174
90.9	1.78		0.61175
169	3.32		0.61179
75.0	1.5		0.612
1000	20		0.612
54.9	1.1		0.61202
768	15.4		0.61203
88.7	1.78		0.61204
78.7	1.6		0.6122
52.3	1.07		0.61228
162	3.32		0.6123
274	5.62		0.61231
475	9.76		0.61233
562	11.8		0.6126
52.3	1.1		0.61262
84.5	1.78		0.61264
75.0	1.6		0.6128
475	10.2		0.61288
453	9.76		0.61293
127	2.74		0.61294
768	16.9		0.6132
909	20		0.6132
698	15.4		0.61324
1000	22.1		0.61326
453	10.2		0.61351
147	3.32		0.61355
432	9.76		0.61356
78.7	1.78		0.61357
121	2.74		0.61359
866	20		0.61386
64.9	1.5		0.61387
43.2	1		0.61389
432	10.2		0.61417
412	9.76		0.61421
1000	23.7		0.61422
140	3.32		0.61423
237	5.62		0.61423
75.0	1.78		0.61424
698	16.9		0.61453
61.9	1.5		0.61454
634	15.4		0.61457
909	22.1		0.61459
64.9	1.6		0.61479
412	10.2		0.61485
43.2	1.07		0.61486
60.4	1.5		0.6149
475	11.8		0.61491
1000	24.9		0.61494
43.2	1.1		0.61528
866	22.1		0.61531
107	2.74		0.61536
61.9	1.6		0.61551
768	20		0.61562
453	11.8		0.61563
909	23.7		0.61564
127	3.32		0.61569
60.4	1.6		0.61589
634	16.9		0.61599
365	9.76		0.61604
210	5.62		0.61606
54.9	1.5		0.61639
432	11.8		0.61639
866	23.7		0.61642
100	2.74		0.61644
562	15.4		0.61644
909	24.9		0.61644
64.9	1.78		0.61646
121	3.32		0.61646
365	10.2		0.61677
200	5.62		0.61686
412	11.8		0.61718
698	20		0.61719
52.3	1.5		0.61721
61.9	1.78		0.61725
95.3	2.74		0.61725
866	24.9		0.61725
768	22.1		0.61727
54.9	1.6		0.61749
332	9.76		0.61764
191	5.62		0.61765
93.1	2.74		0.61766
60.4	1.78		0.61768
562	16.9		0.61804
1000	30.1		0.61806
33.2	1		0.61807
90.9	2.74		0.61809
52.3	1.6		0.61836
332	10.2		0.61843
32.4	1		0.61852
768	23.7		0.61852
88.7	2.74		0.61853
182	5.62		0.61853
1000	30.9		0.61854
107	3.32		0.61862
634	20		0.61893
698	22.1		0.619
33.2	1.07		0.61934
365	11.8		0.6194
30.9	1		0.61942
1000	32.4		0.61944
54.9	1.78		0.61945
475	15.4		0.61945
768	24.9		0.61945
84.5	2.74		0.61946
301	9.76		0.61946
32.4	1.07		0.61981
909	30.1		0.61987
33.2	1.1		0.61988
100	3.32		0.61992
1000	33.2		0.61992
30.1	1		0.61993
169	5.62		0.61995
301	10.2		0.62033
32.4	1.1		0.62037
698	23.7		0.62037
453	15.4		0.6204
909	30.9		0.6204
52.3	1.78		0.62042
30.9	1.07		0.62078
162	5.62		0.62081
43.2	1.5		0.62083
866	30.1		0.62085
78.7	2.74		0.62089
95.3	3.32		0.6209
634	22.1		0.62091
30.1	1.07		0.62133
332	11.8		0.62133
475	16.9		0.62135
562	20		0.62135
30.9	1.1		0.62136
274	9.76		0.62137
432	15.4		0.62139
909	32.4		0.62139
93.1	3.32		0.6214
698	24.9		0.6214
866	30.9		0.62141
90.9	3.32		0.62191
909	33.2		0.62191
75.0	2.74		0.62192
30.1	1.1		0.62193
43.2	1.6		0.62222
274	10.2		0.62234
453	16.9		0.62238
412	15.4		0.62243
634	23.7		0.62243
866	32.4		0.62245
88.7	3.32		0.62246
147	5.62		0.62294
866	33.2		0.623
432	16.9		0.62347
301	11.8		0.62352
768	30.1		0.62352
634	24.9		0.62356
84.5	3.32		0.62357
562	22.1		0.62359
140	5.62		0.62409
24.9	1		0.6241
768	30.9		0.62414
412	16.9		0.62461
237	9.76		0.62471
43.2	1.78		0.62472
475	20		0.62526
562	23.7		0.6253
78.7	3.32		0.62531
768	32.4		0.62531
23.7	1		0.62532
365	15.4		0.62532
64.9	2.74		0.62533
24.9	1.07		0.62578
237	10.2		0.62582
274	11.8		0.62584
698	30.1		0.62587
1000	43.2		0.62592
768	33.2		0.62594
453	20		0.62649
24.9	1.1		0.62651
127	5.62		0.62655
61.9	2.74		0.62656
75.0	3.32		0.62656
698	30.9		0.62656
562	24.9		0.62658
23.7	1.07		0.62709
33.2	1.5		0.62711
22.1	1		0.62715
60.4	2.74		0.62722
32.4	1.5		0.62778
365	16.9		0.62778
432	20		0.62778
332	15.4		0.62783
23.7	1.1		0.62785
698	32.4		0.62785
121	5.62		0.62787
210	9.76		0.62789
475	22.1		0.62792
634	30.1		0.62849
909	43.2		0.62851
698	33.2		0.62854
33.2	1.6		0.62892
22.1	1.07		0.62905
30.9	1.5		0.62913
412	20		0.62913
210	10.2		0.62914
634	30.9		0.62924
453	22.1		0.62927
200	9.76		0.62928
32.4	1.6		0.62963
22.1	1.1		0.62986
237	11.8		0.62987
30.1	1.5		0.6299
866	43.2		0.62993
475	23.7		0.62994
54.9	2.74		0.62995
20	1		0.63
332	16.9		0.63054
200	10.2		0.6306
191	9.76		0.63066
634	32.4		0.63066
64.9	3.32		0.63069
432	22.1		0.63069
301	15.4		0.6307
30.9	1.6		0.63107
1000	52.3		0.63138
453	23.7		0.63139
634	33.2		0.63142
52.3	2.74		0.63143
475	24.9		0.63145
107	5.62		0.63151
30.1	1.6		0.63189
191	10.2		0.63204
20	1.07		0.6321
562	30.1		0.63214
33.2	1.78		0.63217
61.9	3.32		0.63218
182	9.76		0.63218
412	22.1		0.63218
365	20		0.63288
432	23.7		0.63292
1000	54.9		0.63294
32.4	1.78		0.63296
60.4	3.32		0.63298
453	24.9		0.63298
562	30.9		0.63299
20	1.1		0.633
182	10.2		0.63363
301	16.9		0.63369
210	11.8		0.63371
100	5.62		0.63372
274	15.4		0.63372
768	43.2		0.63375
412	23.7		0.63451
909	52.3		0.63452
30.9	1.78		0.63456
432	24.9		0.63458
562	32.4		0.63459
169	9.76		0.63465
95.3	5.62		0.63538
200	11.8		0.6354
562	33.2		0.63544
30.1	1.78		0.63548
16.9	1		0.6355
24.9	1.5		0.63614
332	20		0.63614
162	9.76		0.63615
169	10.2		0.63621
93.1	5.62		0.63622
866	52.3		0.63624
909	54.9		0.63624
1000	60.4		0.63624
412	24.9		0.63626
54.9	3.32		0.63628
365	22.1		0.63633
274	16.9		0.63701
191	11.8		0.63707
90.9	5.62		0.6371
698	43.2		0.63713
1000	61.9		0.63714
162	10.2		0.63778
23.7	1.5		0.63797
16.9	1.07		0.63799
88.7	5.62		0.63802
475	30.1		0.63802
866	54.9		0.63804
43.2	2.74		0.63806
52.3	3.32		0.63809
24.9	1.6		0.63855
182	11.8		0.6389
1000	64.9		0.63894
15.4	1		0.63896
365	23.7		0.63896
237	15.4		0.63899
475	30.9		0.63903
16.9	1.1		0.63905
147	9.76		0.63984
301	20		0.63987
453	30.1		0.63987
909	60.4		0.63987
84.5	5.62		0.63991
332	22.1		0.63994
23.7	1.6		0.64051
22.1	1.5		0.64072
768	52.3		0.64086
909	61.9		0.64086
634	43.2		0.64088
365	24.9		0.64093
453	30.9		0.64093
475	32.4		0.64093
147	10.2		0.64163
15.4	1.07		0.64169
432	30.1		0.64181
140	9.76		0.64183
866	60.4		0.64185
169	11.8		0.64189
475	33.2		0.64194
237	16.9		0.64278
332	23.7		0.64283
909	64.9		0.64284
78.7	5.62		0.64285
15.4	1.1		0.64286
24.9	1.78		0.64289
768	54.9		0.64289
866	61.9		0.64289
453	32.4		0.64291
432	30.9		0.64292
22.1	1.6		0.64344
162	11.8		0.6437
140	10.2		0.64371
274	20		0.6438
412	30.1		0.64383
453	33.2		0.64397
210	15.4		0.644
301	22.1		0.64405
75.0	5.62		0.64496
698	52.3		0.64496
866	64.9		0.64497
20	1.5		0.645
332	24.9		0.645
412	30.9		0.645
432	32.4		0.645
1000	75.0		0.645
23.7	1.78		0.64506
43.2	3.32		0.64611
127	9.76		0.64611
432	33.2		0.64611
562	43.2		0.64612
200	15.4		0.6462
412	32.4		0.64718
698	54.9		0.64719
768	60.4		0.64719
1000	78.7		0.64722
301	23.7		0.64724
20	1.6		0.648
147	11.8		0.64816
127	10.2		0.64819
210	16.9		0.64829
22.1	1.78		0.64833
412	33.2		0.64835
768	61.9		0.64836
191	15.4		0.64838
274	22.1		0.64839
121	9.76		0.6484
365	30.1		0.64948
634	52.3		0.6495
909	75.0		0.6495
33.2	2.74		0.64952
301	24.9		0.64963
140	11.8		0.65057
121	10.2		0.65058
237	20		0.65063
200	16.9		0.6507
768	64.9		0.6507
1000	84.5		0.6507
32.4	2.74		0.65074
182	15.4		0.65077
365	30.9		0.65079
11.8	1		0.65085
274	23.7		0.6519
698	60.4		0.65192
909	78.7		0.65195
64.9	5.62		0.65196
634	54.9		0.65196
866	75.0		0.65196
191	16.9		0.65309
30.9	2.74		0.6532
698	61.9		0.65321
1000	88.7		0.65322
16.9	1.5		0.65325
365	32.4		0.65326
20	1.78		0.6534
332	30.1		0.6544
11.8	1.07		0.65441
61.9	5.62		0.65447
274	24.9		0.65453
866	78.7		0.65453
1000	90.9		0.65454
475	43.2		0.65457
365	33.2		0.65458
30.1	2.74		0.65462
169	15.4		0.65467
107	9.76		0.65473
182	16.9		0.65571
127	11.8		0.65575
909	84.5		0.65578
698	64.9		0.65579
60.4	5.62		0.65583
332	30.9		0.65584
562	52.3		0.65584
1000	93.1		0.65586
11.8	1.1		0.65593
237	22.1		0.65595
16.9	1.6		0.6568
162	15.4		0.65704
210	20		0.65714
634	60.4		0.65716
1000	95.3		0.65718
107	10.2		0.6572
453	43.2		0.65722
15.4	1.5		0.65844
121	11.8		0.65851
332	32.4		0.65855
866	84.5		0.65855
909	88.7		0.65855
100	9.76		0.65856
634	61.9		0.65858
768	75.0		0.65859
562	54.9		0.65861
10.2	1		0.65882
33.2	3.32		0.66
169	16.9		0.66
200	20		0.66
237	23.7		0.66
301	30.1		0.66
332	33.2		0.66
432	43.2		0.66
909	90.9		0.66
1000	100		0.66
100	10.2		0.6612
54.9	5.62		0.66142
634	64.9		0.66142
95.3	9.76		0.66145
866	88.7		0.66145
909	93.1		0.66145
9.76	1		0.66148
32.4	3.32		0.66148
768	78.7		0.66148
301	30.9		0.66159
15.4	1.6		0.66234
162	16.9		0.66259
191	20		0.66283
147	15.4		0.66286
93.1	9.76		0.6629
909	95.3		0.6629
412	43.2		0.66291
10.2	1.07		0.66294
866	90.9		0.66298
237	24.9		0.66304
210	22.1		0.66314
16.9	1.78		0.6632
1000	107		0.6642
95.3	10.2		0.66422
90.9	9.76		0.66442
30.9	3.32		0.66447
52.3	5.62		0.66447
698	75.0		0.66447
562	60.4		0.66448
866	93.1		0.6645
301	32.4		0.66458
10.2	1.1		0.66471
93.1	10.2		0.66574
9.76	1.07		0.66578
274	30.1		0.66591
182	20		0.66593
140	15.4		0.666
909	100		0.66601
24.9	2.74		0.66602
88.7	9.76		0.66602
768	84.5		0.66602
866	95.3		0.66603
475	52.3		0.66606
562	61.9		0.66609
107	11.8		0.66617
30.1	3.32		0.66618
301	33.2		0.66618
200	22.1		0.6663
90.9	10.2		0.66733
9.76	1.1		0.66762
698	78.7		0.66765
274	30.9		0.66766
210	23.7		0.66771
147	16.9		0.66898
88.7	10.2		0.669
453	52.3		0.66927
866	100		0.66928
562	64.9		0.66929
84.5	9.76		0.6693
768	88.7		0.6693
15.4	1.78		0.66935
475	54.9		0.66935
23.7	2.74		0.66937
191	22.1		0.66942
909	107		0.67063
100	11.8		0.6708
274	32.4		0.67095
634	75.0		0.67098
169	20		0.67101
365	43.2		0.67101
768	90.9		0.67102
200	23.7		0.6711
210	24.9		0.67114
84.5	10.2		0.67243
140	16.9		0.67243
1000	121		0.6726
432	52.3		0.67264
698	84.5		0.67264
274	33.2		0.6727
453	54.9		0.67272
768	93.1		0.67273
127	15.4		0.67276
182	22.1		0.67286
162	20		0.67407
866	107		0.67413
95.3	11.8		0.67429
22.1	2.74		0.67439
78.7	9.76		0.67441
191	23.7		0.67445
768	95.3		0.67445
634	78.7		0.67448
200	24.9		0.6747
93.1	11.8		0.67605
412	52.3		0.67617
237	30.1		0.6762
1000	127		0.6762
432	54.9		0.67625
698	88.7		0.67625
11.8	1.5		0.67627
475	60.4		0.67629
121	15.4		0.67636
78.7	10.2		0.67776
90.9	11.8		0.67789
43.2	5.62		0.67806
332	43.2		0.67807
75.0	9.76		0.67808
768	100		0.67812
182	23.7		0.67813
698	90.9		0.67814
475	61.9		0.67819
191	24.9		0.67822
237	30.9		0.67823
169	22.1		0.67846
88.7	11.8		0.67982
127	16.9		0.67984
909	121		0.67987
412	54.9		0.67995
634	84.5		0.67997
24.9	3.32		0.68
453	60.4		0.68
698	93.1		0.68003
562	75.0		0.68007
11.8	1.6		0.68136
75.0	10.2		0.6816
147	20		0.68163
162	22.1		0.68185
698	95.3		0.68192
475	64.9		0.68198
453	61.9		0.68199
237	32.4		0.68203
182	24.9		0.68209
20	2.74		0.6822
768	107		0.68359
84.5	11.8		0.68379
121	16.9		0.6838
866	121		0.68383
909	127		0.68383
432	60.4		0.68389
634	88.7		0.68394
1000	140		0.684
562	78.7		0.68402
23.7	3.32		0.68405
237	33.2		0.68405
169	23.7		0.68414
140	20		0.68571
453	64.9		0.68596
698	100		0.68596
365	52.3		0.68597
432	61.9		0.68597
210	30.1		0.686
634	90.9		0.68603
301	43.2		0.68611
107	15.4		0.68636
162	23.7		0.68778
412	60.4		0.68796
866	127		0.68799
634	93.1		0.68811
1000	147		0.6882
10.2	1.5		0.68824
210	30.9		0.68829
169	24.9		0.6884
78.7	11.8		0.68996
22.1	3.32		0.69014
432	64.9		0.69014
412	61.9		0.69015
634	95.3		0.69019
147	22.1		0.6902
562	84.5		0.69021
64.9	9.76		0.69023
365	54.9		0.69025
200	30.1		0.6903
11.8	1.78		0.69051
698	107		0.69198
9.76	1.5		0.69221
162	24.9		0.69222
100	15.4		0.6924
909	140		0.69241
210	32.4		0.69257
200	30.9		0.6927
10.2	1.6		0.69412
64.9	10.2		0.6943
75.0	11.8		0.6944
127	20		0.69449
412	64.9		0.69451
332	52.3		0.69452
768	121		0.69453
191	30.1		0.69455
61.9	9.76		0.6946
274	43.2		0.6946
634	100		0.69464
562	88.7		0.6947
140	22.1		0.69471
475	75.0		0.69474
107	16.9		0.69477
210	33.2		0.69486
147	23.7		0.69673
60.4	9.76		0.69695
95.3	15.4		0.69696
866	140		0.697
909	147		0.69703
562	90.9		0.69705
191	30.9		0.69707
200	32.4		0.6972
1000	162		0.6972
16.9	2.74		0.69728
9.76	1.6		0.69836
61.9	10.2		0.69887
121	20		0.69917
332	54.9		0.69922
768	127		0.69922
182	30.1		0.69923
93.1	15.4		0.69925
365	60.4		0.69929
453	75.0		0.69934
562	93.1		0.6994
475	78.7		0.69941
20	3.32		0.6996
200	33.2		0.6996
634	107		0.70126
60.4	10.2		0.70132
100	16.9		0.7014
1000	169		0.7014
33.2	5.62		0.70157
140	23.7		0.70157
147	24.9		0.70163
90.9	15.4		0.70165
562	95.3		0.70174
365	61.9		0.70175
191	32.4		0.70178
866	147		0.70185
182	30.9		0.70187
698	121		0.70401
32.4	5.62		0.70407
88.7	15.4		0.70417
432	75.0		0.70417
453	78.7		0.70424
301	52.3		0.70425
191	33.2		0.70429
127	22.1		0.70441
10.2	1.78		0.70471
95.3	16.9		0.7064
54.9	9.76		0.70667
365	64.9		0.70668
140	24.9		0.70671
475	84.5		0.70674
15.4	2.74		0.70675
5.62	1		0.70676
562	100		0.70676
182	32.4		0.70681
169	30.1		0.70686
909	162		0.70693
93.1	16.9		0.70892
64.9	11.8		0.70909
30.9	5.62		0.70913
332	60.4		0.70916
698	127		0.70917
1000	182		0.7092
412	75.0		0.70922
432	78.7		0.70931
84.5	15.4		0.70935
237	43.2		0.70937
768	140		0.70937
9.76	1.78		0.70943
301	54.9		0.70944
182	33.2		0.70945
121	22.1		0.70959
169	30.9		0.7097
54.9	10.2		0.71148
162	30.1		0.71148
90.9	16.9		0.71155
909	169		0.71155
332	61.9		0.71187
453	84.5		0.71192
52.3	9.76		0.71197
127	23.7		0.71197
30.1	5.62		0.71203
475	88.7		0.71204
107	20		0.71215
866	162		0.71224
5.62	1.07		0.71423
562	107		0.71423
88.7	16.9		0.71432
61.9	11.8		0.71438
162	30.9		0.71444
634	121		0.71451
274	52.3		0.71453
1000	191		0.7146
412	78.7		0.71461
475	90.9		0.71482
768	147		0.71484
169	32.4		0.71503
52.3	10.2		0.71702
866	169		0.71709
60.4	11.8		0.71722
332	64.9		0.71729
432	84.5		0.71736
78.7	15.4		0.71741
5.62	1.1		0.71744
453	88.7		0.71748
121	23.7		0.71752
475	93.1		0.7176
127	24.9		0.71764
16.9	3.32		0.71787
169	33.2		0.71787
84.5	16.9		0.72
100	20		0.72
162	32.4		0.72
1000	200		0.72
909	182		0.72013
634	127		0.72019
274	54.9		0.72022
698	140		0.72034
475	95.3		0.72038
301	60.4		0.7204
453	90.9		0.7204
147	30.1		0.72286
162	33.2		0.72296
412	84.5		0.72306
432	88.7		0.72319
75.0	15.4		0.7232
365	75.0		0.72329
453	93.1		0.72331
301	61.9		0.72339
210	43.2		0.72343
121	24.9		0.72347
107	22.1		0.72393
95.3	20		0.72592
1000	210		0.726
909	191		0.72607
866	182		0.7261
147	30.9		0.72612
453	95.3		0.72623
432	90.9		0.72625
475	100		0.72632
698	147		0.72636
768	162		0.72656
78.7	16.9		0.72884
93.1	20		0.72889
54.9	11.8		0.72896
140	30.1		0.729
412	88.7		0.72917
562	121		0.72918
432	93.1		0.72931
15.4	3.32		0.72935
301	64.9		0.72937
365	78.7		0.72937
200	43.2		0.7296
90.9	20		0.73201
909	200		0.73201
768	169		0.73203
147	32.4		0.73224
274	60.4		0.73226
866	191		0.73233
432	95.3		0.73236
412	90.9		0.73238
237	52.3		0.73241
140	30.9		0.73243
453	100		0.73245
634	140		0.73249
100	22.1		0.7326
107	23.7		0.7329
475	107		0.73516
75.0	16.9		0.7352
88.7	20		0.73529
52.3	11.8		0.73537
24.9	5.62		0.73542
147	33.2		0.73551
332	75.0		0.73554
274	61.9		0.73555
43.2	9.76		0.73556
412	93.1		0.73558
562	127		0.73559
191	43.2		0.73571
866	200		0.73857
909	210		0.73861
412	95.3		0.73879
140	32.4		0.73886
432	100		0.73889
365	84.5		0.7389
237	54.9		0.73899
634	147		0.73912
95.3	22.1		0.73914
698	162		0.73926
11.8	2.74		0.73932
107	24.9		0.73963
43.2	10.2		0.74167
453	107		0.74172
84.5	20		0.74201
274	64.9		0.74212
768	182		0.74219
100	23.7		0.7422
127	30.1		0.7422
1000	237		0.7422
332	78.7		0.74223
23.7	5.62		0.74228
140	33.2		0.74229
64.9	15.4		0.74237
182	43.2		0.74242
93.1	22.1		0.74243
698	169		0.74527
866	210		0.7455
412	100		0.74563
365	88.7		0.74581
90.9	22.1		0.74587
127	30.9		0.74598
432	107		0.74861
95.3	23.7		0.74921
768	191		0.74922
121	30.1		0.74926
61.9	15.4		0.74927
100	24.9		0.7494
365	90.9		0.74942
210	52.3		0.74943
562	140		0.74947
88.7	22.1		0.74949
301	75.0		0.7495
78.7	20		0.75248
22.1	5.62		0.75258
332	84.5		0.75271
93.1	23.7		0.75274
475	121		0.75284
237	60.4		0.75291
60.4	15.4		0.75298
365	93.1		0.75304
127	32.4		0.75307
121	30.9		0.75322
634	162		0.75331
169	43.2		0.75337
412	107		0.75583
64.9	16.9		0.75624
768	200		0.75625
90.9	23.7		0.75644
909	237		0.75644
698	182		0.75645
365	95.3		0.75666
237	61.9		0.75671
95.3	24.9		0.75677
127	33.2		0.75685
210	54.9		0.75686
301	78.7		0.75688
200	52.3		0.7569
84.5	22.1		0.75692
562	147		0.75694
634	169		0.75994
75.0	20		0.76
162	43.2		0.76
5.62	1.5		0.76014
453	121		0.76026
332	88.7		0.7603
88.7	23.7		0.76032
475	127		0.76042
93.1	24.9		0.76047
121	32.4		0.76066
10.2	2.74		0.76118
61.9	16.9		0.76381
43.2	11.8		0.76389
768	210		0.76406
698	191		0.76418
866	237		0.7642
274	75.0		0.76423
332	90.9		0.76428
191	52.3		0.76429
237	64.9		0.7643
90.9	24.9		0.76436
365	100		0.76438
1000	274		0.7644
121	33.2		0.76463
200	54.9		0.7647
60.4	16.9		0.76788
432	121		0.76806
453	127		0.76821
332	93.1		0.76825
84.5	23.7		0.76828
54.9	15.4		0.76831
88.7	24.9		0.76843
9.76	2.74		0.76844
301	84.5		0.76844
78.7	22.1		0.76849
20	5.62		0.7686
107	30.1		0.76879
11.8	3.32		0.76881
5.62	1.6		0.77082
698	200		0.77192
332	95.3		0.77223
634	182		0.77224
274	78.7		0.77234
182	52.3		0.77242
191	54.9		0.77246
210	60.4		0.77257
562	162		0.77295
107	30.9		0.77327
365	107		0.77589
412	121		0.77621
147	43.2		0.77633
33.2	9.76		0.77639
432	127		0.77639
52.3	15.4		0.77667
75.0	22.1		0.7768
84.5	24.9		0.7768
301	88.7		0.77681
475	140		0.77684
210	61.9		0.77686
562	169		0.78043
698	210		0.78052
100	30.1		0.7806
1000	301		0.7806
78.7	23.7		0.78069
3.32	1		0.78072
332	100		0.78072
32.4	9.76		0.78074
634	191		0.78076
909	274		0.78086
182	54.9		0.78099
200	60.4		0.7812
301	90.9		0.7812
107	32.4		0.78168
33.2	10.2		0.78434
54.9	16.9		0.7847
64.9	20		0.7849
412	127		0.78495
274	84.5		0.78504
140	43.2		0.78514
768	237		0.78516
100	30.9		0.7854
210	64.9		0.78543
453	140		0.78543
301	93.1		0.78558
169	52.3		0.78568
475	147		0.78568
200	61.9		0.7857
107	33.2		0.78617
32.4	10.2		0.78889
634	200		0.78927
30.9	9.76		0.78951
95.3	30.1		0.78951
75.0	23.7		0.7896
191	60.4		0.78974
78.7	24.9		0.78983
866	274		0.78984
237	75.0		0.78987
301	95.3		0.78997
5.62	1.78		0.79004
3.32	1.07		0.79337
332	107		0.79337
162	52.3		0.7937
61.9	20		0.79386
52.3	16.9		0.79388
93.1	30.1		0.79398
274	88.7		0.79423
562	182		0.79431
100	32.4		0.7944
432	140		0.79444
191	61.9		0.79445
95.3	30.9		0.79454
30.1	9.76		0.79455
200	64.9		0.7947
453	147		0.7947
169	54.9		0.79491
10.2	3.32		0.79529
30.9	10.2		0.79806
60.4	20		0.79868
90.9	30.1		0.79868
909	301		0.79868
634	210		0.79874
3.32	1.1		0.7988
365	121		0.7989
274	90.9		0.79905
182	60.4		0.79912
93.1	30.9		0.79914
75.0	24.9		0.7992
100	33.2		0.7992
1000	332		0.7992
237	78.7		0.79924
301	100		0.79934
16.9	5.62		0.79953
30.1	10.2		0.80332
162	54.9		0.80333
88.7	30.1		0.80361
698	237		0.80372
191	64.9		0.80387
274	93.1		0.80387
412	140		0.80388
562	191		0.80391
90.9	30.9		0.80396
95.3	32.4		0.80399
182	61.9		0.80407
127	43.2		0.80409
9.76	3.32		0.8041
432	147		0.80417
64.9	22.1		0.80431
475	162		0.80463
866	301		0.80855
274	95.3		0.80869
365	127		0.80877
93.1	32.4		0.80881
88.7	30.9		0.80902
95.3	33.2		0.80902
33.2	11.8		0.81325
301	107		0.81329
147	52.3		0.81347
475	169		0.81347
562	200		0.81352
84.5	30.1		0.81373
90.9	32.4		0.81386
43.2	15.4		0.81389
237	84.5		0.81392
93.1	33.2		0.81396
182	64.9		0.81396
768	274		0.81406
412	147		0.81408
121	43.2		0.81421
61.9	22.1		0.81422
210	75.0		0.81429
169	60.4		0.81444
453	162		0.81457
32.4	11.8		0.81852
54.9	20		0.81858
332	121		0.81867
15.4	5.62		0.81896
2.74	1		0.81898
274	100		0.81898
1000	365		0.819
64.9	23.7		0.81911
90.9	33.2		0.81914
909	332		0.81914
88.7	32.4		0.81917
84.5	30.9		0.81941
60.4	22.1		0.81954
169	61.9		0.81976
162	60.4		0.8237
453	169		0.82384
147	54.9		0.82408
140	52.3		0.82414
562	210		0.8242
634	237		0.82429
237	88.7		0.82456
88.7	33.2		0.82458
210	78.7		0.82486
200	75.0		0.825
432	162		0.825
30.9	11.8		0.82913
162	61.9		0.82926
52.3	20		0.82945
78.7	30.1		0.82948
332	127		0.82952
61.9	23.7		0.82973
475	182		0.82989
866	332		0.83002
84.5	32.4		0.83006
237	90.9		0.83013
365	140		0.83014
64.9	24.9		0.8302
169	64.9		0.83041
2.74	1.07		0.83431
274	107		0.83431
43.2	16.9		0.83472
432	169		0.83472
768	301		0.83516
24.9	9.76		0.83518
30.1	11.8		0.83522
140	54.9		0.83529
60.4	23.7		0.83543
698	274		0.83553
78.7	30.9		0.83558
191	75.0		0.8356
237	93.1		0.8357
84.5	33.2		0.83574
412	162		0.83592
200	78.7		0.8361
162	64.9		0.84037
75.0	30.1		0.8408
2.74	1.1		0.84088
909	365		0.84092
453	182		0.84106
301	121		0.8412
475	191		0.84126
237	95.3		0.84127
61.9	24.9		0.84136
210	84.5		0.84143
54.9	22.1		0.84153
365	147		0.84164
107	43.2		0.84224
24.9	10.2		0.84578
412	169		0.84612
147	60.4		0.84653
78.7	32.4		0.84701
23.7	9.76		0.84709
127	52.3		0.84709
75.0	30.9		0.8472
1000	412		0.8472
191	78.7		0.84723
182	75.0		0.84725
60.4	24.9		0.84735
475	200		0.85263
147	61.9		0.85265
432	182		0.85278
866	365		0.85289
453	191		0.85298
332	140		0.85301
562	237		0.85302
78.7	33.2		0.85311
237	100		0.85316
301	127		0.85316
210	88.7		0.85343
200	84.5		0.8535
52.3	22.1		0.85354
23.7	10.2		0.85823
698	301		0.85874
140	60.4		0.85886
54.9	23.7		0.85902
75.0	32.4		0.8592
100	43.2		0.8592
1000	432		0.8592
634	274		0.85931
121	52.3		0.85934
127	54.9		0.85937
768	332		0.85938
182	78.7		0.85945
210	90.9		0.85971
147	64.9		0.8649
453	200		0.8649
274	121		0.86496
22.1	9.76		0.86498
412	182		0.86505
475	210		0.86526
432	191		0.86528
140	61.9		0.86529
191	84.5		0.86545
75.0	33.2		0.8656
332	147		0.86566
210	93.1		0.866
200	88.7		0.8661
169	75.0		0.86627
365	162		0.8663
237	107		0.87089
3.32	1.5		0.87108
1000	453		0.8718
52.3	23.7		0.87189
909	412		0.87195
95.3	43.2		0.87198
54.9	24.9		0.87213
121	54.9		0.87223
210	95.3		0.87229
200	90.9		0.8727
22.1	10.2		0.87692
43.2	20		0.87778
162	75.0		0.87778
432	200		0.87778
365	169		0.87781
274	127		0.8781
140	64.9		0.87814
453	210		0.87815
412	191		0.87816
64.9	30.1		0.87827
33.2	15.4		0.87831
93.1	43.2		0.87841
182	84.5		0.87857
191	88.7		0.87864
301	140		0.87907
200	93.1		0.8793
169	78.7		0.87941
24.9	11.8		0.88434
634	301		0.88486
1000	475		0.885
90.9	43.2		0.88515
909	432		0.88515
768	365		0.88516
32.4	15.4		0.88519
127	60.4		0.88535
698	332		0.88539
866	412		0.88545
191	90.9		0.88555
52.3	24.9		0.88566
64.9	30.9		0.88567
210	100		0.88571
11.8	5.62		0.88576
200	95.3		0.8859
3.32	1.6		0.88916
412	200		0.89126
162	78.7		0.89148
432	210		0.89167
61.9	30.1		0.89176
88.7	43.2		0.89222
182	88.7		0.89242
127	61.9		0.89244
191	93.1		0.89246
5.62	2.74		0.89253
562	274		0.89253
332	162		0.89277
20	9.76		0.8928
301	147		0.89302
107	52.3		0.89327
23.7	11.8		0.89873
60.4	30.1		0.89901
909	453		0.89901
30.9	15.4		0.89903
365	182		0.89918
866	432		0.89931
191	95.3		0.89937
475	237		0.89937
121	60.4		0.8995
61.9	30.9		0.89952
64.9	32.4		0.89954
182	90.9		0.89967
169	84.5		0.9
200	100		0.9
33.2	16.9		0.90542
332	169		0.90542
210	107		0.90571
412	210		0.90583
20	10.2		0.906
147	75.0		0.90612
237	121		0.90633
274	140		0.90657
127	64.9		0.90661
84.5	43.2		0.90675
182	93.1		0.90692
64.9	33.2		0.90693
43.2	22.1		0.90694
121	61.9		0.90694
60.4	30.9		0.90695
30.1	15.4		0.90698
107	54.9		0.90785
32.4	16.9		0.91296
162	84.5		0.91296
909	475		0.91353
698	365		0.91375
100	52.3		0.9138
866	453		0.91386
453	237		0.91391
365	191		0.91397
61.9	32.4		0.91405
191	100		0.91414
182	95.3		0.91418
634	332		0.9142
169	88.7		0.91491
22.1	11.8		0.92036
200	107		0.921
147	78.7		0.92122
562	301		0.92135
140	75.0		0.92143
237	127		0.92152
3.32	1.78		0.92169
61.9	33.2		0.92181
121	64.9		0.92182
60.4	32.4		0.92185
768	412		0.92188
274	147		0.9219
169	90.9		0.92272
301	162		0.92292
30.9	16.9		0.92816
2.74	1.5		0.92847
162	88.7		0.92852
365	200		0.92877
332	182		0.92892
54.9	30.1		0.92896
866	475		0.9291
43.2	23.7		0.92917
432	237		0.92917
95.3	52.3		0.92928
78.7	43.2		0.92935
100	54.9		0.9294
182	100		0.92967
60.4	33.2		0.9298
169	93.1		0.93053
10.2	5.62		0.93059
191	107		0.93613
162	90.9		0.93667
30.1	16.9		0.93688
301	169		0.93688
93.1	52.3		0.93706
1.78	1		0.93708
1000	562		0.9372
140	78.7		0.93729
768	432		0.9375
54.9	30.9		0.9377
169	95.3		0.93834
107	60.4		0.93869
162	93.1		0.94481
147	84.5		0.9449
412	237		0.94515
332	191		0.94518
90.9	52.3		0.94521
365	210		0.94521
52.3	30.1		0.94532
634	365		0.94543
9.76	5.62		0.94549
75.0	43.2		0.9456
95.3	54.9		0.94565
210	121		0.94571
43.2	24.9		0.94583
475	274		0.94611
16.9	9.76		0.94651
107	61.9		0.9471
2.74	1.6		0.95036
182	107		0.95275
162	95.3		0.95296
88.7	52.3		0.95378
93.1	54.9		0.95381
768	453		0.95391
20	11.8		0.954
54.9	32.4		0.9541
698	412		0.95415
127	75.0		0.95433
237	140		0.95443
5.62	3.32		0.95445
562	332		0.95445
52.3	30.9		0.95449
274	162		0.95474
169	100		0.95503
1.78	1.07		0.96067
33.2	20		0.96145
332	200		0.96145
147	88.7		0.96204
16.9	10.2		0.96213
140	84.5		0.96214
90.9	54.9		0.96238
100	60.4		0.9624
301	182		0.96279
54.9	33.2		0.96284
210	127		0.96286
453	274		0.96291
200	121		0.963
107	64.9		0.96393
274	169		0.97007
32.4	20		0.97037
162	100		0.97037
1.78	1.1		0.97079
909	562		0.97096
147	90.9		0.97102
24.9	15.4		0.97108
768	475		0.97109
698	432		0.97135
84.5	52.3		0.97136
88.7	54.9		0.97136
100	61.9		0.9714
52.3	32.4		0.9717
127	78.7		0.97181
121	75.0		0.9719
237	147		0.97215
1.6	1		0.975
332	210		0.97952
169	107		0.97988
147	93.1		0.98
191	121		0.9801
140	88.7		0.98014
475	301		0.98021
15.4	9.76		0.98026
95.3	60.4		0.98027
1000	634		0.9804
432	274		0.98056
301	191		0.98073
52.3	33.2		0.98088
200	127		0.981
30.9	20		0.98835
147	95.3		0.98898
93.1	60.4		0.98926
866	562		0.98938
100	64.9		0.9894
698	453		0.9894
140	90.9		0.98957
365	237		0.98959
562	365		0.98968
95.3	61.9		0.98972
2.74	1.78		0.98978
84.5	54.9		0.98982
23.7	15.4		0.98987
634	412		0.98991
121	78.7		0.99025
162	107		0.9963
15.4	10.2		0.9974
274	182		0.99854
30.1	20		0.99867
301	200		0.99867
90.9	60.4		0.99868
453	301		0.99868
78.7	52.3		0.99873
182	121		0.9989
93.1	61.9		0.99893
191	127		0.99895
140	93.1		0.999
412	274		0.99903
127	84.5		0.99921
64.9	43.2		0.99938
33.2	22.1		0.9994
1.5	1		1.0
210	140		1.0
1.6	1.07		1.0012
24.9	16.9		1.0072
147	100		1.0082
698	475		1.0083
140	95.3		1.0084
88.7	60.4		1.0086
90.9	61.9		1.0086
95.3	64.9		1.0086
634	432		1.0088
32.4	22.1		1.0093
237	162		1.0101
1.6	1.1		1.0125
22.1	15.4		1.0181
43.2	30.1		1.0181
432	301		1.0181
274	191		1.0182
93.1	64.9		1.0183
75.0	52.3		1.0184
909	634		1.0185
78.7	54.9		1.0186
301	210		1.0186
61.9	43.2		1.0187
88.7	61.9		1.0187
182	127		1.0187
1000	698		1.0188
16.9	11.8		1.0189
121	84.5		1.019
127	88.7		1.0191
475	332		1.0194
200	140		1.02
210	147		1.02
107	75.0		1.0206
23.7	16.9		1.0278
237	169		1.0278
1.5	1.07		1.028
33.2	23.7		1.0283
332	237		1.0283
90.9	64.9		1.0284
140	100		1.0286
634	453		1.0287
84.5	60.4		1.0289
30.9	22.1		1.0291
60.4	43.2		1.0291
43.2	30.9		1.0292
127	90.9		1.0294
169	121		1.0296
147	107		1.0367
274	200		1.038
412	301		1.0383
32.4	23.7		1.0389
88.7	64.9		1.039
768	562		1.0391
75.0	54.9		1.0392
866	634		1.0393
84.5	61.9		1.0395
453	332		1.0397
121	88.7		1.0398
127	93.1		1.0398
191	140		1.0398
562	412		1.0399
1.5	1.1		1.04
30.1	22.1		1.0405
200	147		1.041
107	78.7		1.0413
162	121		1.0481
634	475		1.0495
33.2	24.9		1.05
43.2	32.4		1.05
100	75.0		1.05
127	95.3		1.0502
365	274		1.0504
121	90.9		1.0507
169	127		1.0509
140	107		1.0586
22.1	16.9		1.0588
15.4	11.8		1.0597
274	210		1.0599
30.9	23.7		1.0602
78.7	60.4		1.0605
909	698		1.0607
84.5	64.9		1.0608
237	182		1.0608
1000	768		1.0608
32.4	24.9		1.0611
43.2	33.2		1.0611
432	332		1.0611
475	365		1.0611
562	432		1.0612
182	140		1.0615
121	93.1		1.0617
191	147		1.0618
20	15.4		1.062
210	162		1.0629
162	127		1.0704
78.7	61.9		1.0719
54.9	43.2		1.0721
95.3	75.0		1.0722
100	78.7		1.0722
30.1	23.7		1.0724
127	100		1.0724
301	237		1.0724
121	95.3		1.0726
107	84.5		1.0738
24.9	20		1.0819
210	169		1.0829
698	562		1.0831
75.0	60.4		1.0832
93.1	75.0		1.0834
453	365		1.0834
30.9	24.9		1.0835
64.9	52.3		1.0835
237	191		1.0835
412	332		1.0835
562	453		1.0836
866	698		1.0836
182	147		1.0846
200	162		1.086
147	121		1.0939
78.7	64.9		1.0948
365	301		1.0948
90.9	75.0		1.095
3.32	2.74		1.0952
75.0	61.9		1.0952
332	274		1.0952
768	634		1.0953
95.3	78.7		1.0955
52.3	43.2		1.0956
121	100		1.0959
11.8	9.76		1.0963
30.1	24.9		1.0963
169	140		1.097
107	88.7		1.0974
127	107		1.1055
1.78	1.5		1.1056
23.7	20		1.1063
237	200		1.1063
61.9	52.3		1.1069
432	365		1.1069
909	768		1.1069
20	16.9		1.107
100	84.5		1.107
200	169		1.107
562	475		1.1071
93.1	78.7		1.1072
88.7	75.0		1.1073
64.9	54.9		1.1076
191	162		1.1089
107	90.9		1.1097
147	127		1.1184
162	140		1.1185
11.8	10.2		1.1186
140	121		1.1186
274	237		1.119
75.0	64.9		1.1192
60.4	52.3		1.1195
90.9	78.7		1.1195
1000	866		1.1196
210	182		1.12
475	412		1.1204
169	147		1.1219
107	93.1		1.1221
121	107		1.1306
191	169		1.1309
237	210		1.1316
412	365		1.1316
634	562		1.1319
95.3	84.5		1.132
61.9	54.9		1.1321
866	768		1.1321
100	88.7		1.1322
88.7	78.7		1.1324
24.9	22.1		1.1325
84.5	75.0		1.1325
182	162		1.1341
107	95.3		1.1344
1.78	1.6		1.1393
22.1	20		1.143
33.2	30.1		1.144
332	301		1.144
140	127		1.1443
162	147		1.1444
93.1	84.5		1.1446
698	634		1.145
768	698		1.1453
60.4	54.9		1.1454
100	90.9		1.1454
1000	909		1.1454
1.1	1		1.1455
210	191		1.1457
453	412		1.1457
475	432		1.1457
365	332		1.1458
200	182		1.146
301	274		1.1462
16.9	15.4		1.1467
182	169		1.1571
32.4	30.1		1.1574
90.9	84.5		1.1578
33.2	30.9		1.1584
64.9	60.4		1.1584
95.3	88.7		1.1584
100	93.1		1.1586
84.5	78.7		1.1588
23.7	22.1		1.1595
1.07	1		1.1607
107	100		1.1607
1.6	1.5		1.1625
24.9	23.7		1.1711
147	140		1.1714
210	200		1.1714
54.9	52.3		1.1716
88.7	84.5		1.1716
93.1	88.7		1.1716
909	866		1.1716
127	121		1.1717
191	182		1.1717
78.7	75.0		1.1718
100	95.3		1.1718
32.4	30.9		1.1722
432	412		1.1722
453	432		1.1722
475	453		1.1722
64.9	61.9		1.1723
95.3	90.9		1.1723
200	191		1.173
10.2	9.76		1.1741
169	162		1.1751
1.1	1.07		1.1836
30.9	30.1		1.1845
33.2	32.4		1.1855
61.9	60.4		1.1855
90.9	88.7		1.1855
93.1	90.9		1.1858
95.3	93.1		1.1861
1	1		1.2
1.07	1.07		1.2
1.1	1.1		1.2
1.5	1.5		1.2
1.6	1.6		1.2
1.78	1.78		1.2
2.74	2.74		1.2
3.32	3.32		1.2
5.62	5.62		1.2
9.76	9.76		1.2
10.2	10.2		1.2
11.8	11.8		1.2
15.4	15.4		1.2
16.9	16.9		1.2
20	20		1.2
22.1	22.1		1.2
23.7	23.7		1.2
24.9	24.9		1.2
30.1	30.1		1.2
30.9	30.9		1.2
32.4	32.4		1.2
33.2	33.2		1.2
43.2	43.2		1.2
52.3	52.3		1.2
54.9	54.9		1.2
60.4	60.4		1.2
61.9	61.9		1.2
64.9	64.9		1.2
75.0	75.0		1.2
78.7	78.7		1.2
84.5	84.5		1.2
88.7	88.7		1.2
90.9	90.9		1.2
93.1	93.1		1.2
95.3	95.3		1.2
100	100		1.2
107	107		1.2
121	121		1.2
127	127		1.2
140	140		1.2
147	147		1.2
162	162		1.2
169	169		1.2
182	182		1.2
191	191		1.2
200	200		1.2
210	210		1.2
237	237		1.2
274	274		1.2
301	301		1.2
332	332		1.2
365	365		1.2
412	412		1.2
432	432		1.2
453	453		1.2
475	475		1.2
562	562		1.2
634	634		1.2
698	698		1.2
768	768		1.2
866	866		1.2
909	909		1.2
1000	1000		1.2
93.1	95.3		1.2142
90.9	93.1		1.2145
32.4	33.2		1.2148
60.4	61.9		1.2149
88.7	90.9		1.2149
30.1	30.9		1.2159
1.07	1.1		1.2168
162	169		1.2259
9.76	10.2		1.227
191	200		1.2283
90.9	95.3		1.229
30.9	32.4		1.2291
61.9	64.9		1.2291
412	432		1.2291
453	475		1.2291
432	453		1.2292
75.0	78.7		1.2296
95.3	100		1.2296
182	191		1.2297
52.3	54.9		1.2298
84.5	88.7		1.2298
88.7	93.1		1.2298
121	127		1.2298
866	909		1.2298
140	147		1.23
200	210		1.23
23.7	24.9		1.2304
1.5	1.6		1.24
1	1.07		1.242
100	107		1.242
22.1	23.7		1.2434
78.7	84.5		1.2442
93.1	100		1.2445
88.7	95.3		1.2446
30.9	33.2		1.2447
60.4	64.9		1.2447
84.5	90.9		1.2454
30.1	32.4		1.2458
169	182		1.2462
15.4	16.9		1.2584
274	301		1.2591
182	200		1.2593
332	365		1.2596
191	210		1.2597
412	453		1.2597
432	475		1.2597
1	1.1		1.26
54.9	60.4		1.2601
90.9	100		1.2601
909	1000		1.2601
698	768		1.2602
634	698		1.2606
84.5	93.1		1.2611
147	162		1.2612
127	140		1.2614
30.1	33.2		1.2618
301	332		1.2618
20	22.1		1.263
1.6	1.78		1.2675
95.3	107		1.2737
162	182		1.2741
22.1	24.9		1.276
75.0	84.5		1.276
78.7	88.7		1.2762
88.7	100		1.2764
54.9	61.9		1.2765
768	866		1.2766
84.5	95.3		1.2767
562	634		1.2769
210	237		1.2771
365	412		1.2773
169	191		1.2781
107	121		1.2785
93.1	107		1.2896
147	169		1.2898
412	475		1.2917
182	210		1.2923
866	1000		1.2928
52.3	60.4		1.2929
78.7	90.9		1.293
64.9	75.0		1.2934
237	274		1.2937
10.2	11.8		1.2941
121	140		1.2942
140	162		1.2943
127	147		1.2945
90.9	107		1.3063
162	191		1.3074
54.9	64.9		1.3093
75.0	88.7		1.3096
78.7	93.1		1.3098
475	562		1.3099
16.9	20		1.3101
52.3	61.9		1.3101
84.5	100		1.3101
169	200		1.3101
365	432		1.3101
768	909		1.3102
20	23.7		1.311
200	237		1.311
1.5	1.78		1.312
107	127		1.3121
88.7	107		1.3238
140	169		1.3243
24.9	30.1		1.3253
9.76	11.8		1.3254
100	121		1.326
43.2	52.3		1.3264
78.7	95.3		1.3266
634	768		1.3268
2.74	3.32		1.327
61.9	75.0		1.327
274	332		1.327
75.0	90.9		1.3272
64.9	78.7		1.3276
301	365		1.3276
121	147		1.3289
162	200		1.3407
147	182		1.3429
453	562		1.3444
698	866		1.3444
191	237		1.3445
24.9	30.9		1.3446
52.3	64.9		1.3446
332	412		1.3446
365	453		1.3447
75.0	93.1		1.3448
60.4	75.0		1.345
562	698		1.3452
169	210		1.3456
20	24.9		1.347
84.5	107		1.3598
95.3	121		1.3618
23.7	30.1		1.362
100	127		1.362
237	301		1.362
75.0	95.3		1.3624
78.7	100		1.3624
43.2	54.9		1.3625
61.9	78.7		1.3628
127	162		1.3654
162	210		1.3778
15.4	20		1.3792
147	191		1.3796
93.1	121		1.3798
140	182		1.38
432	562		1.3806
24.9	32.4		1.3807
33.2	43.2		1.3807
332	432		1.3807
365	475		1.3808
64.9	84.5		1.3812
768	1000		1.3812
182	237		1.3813
698	909		1.3814
60.4	78.7		1.3818
23.7	30.9		1.3823
210	274		1.3829
11.8	15.4		1.3831
16.9	22.1		1.3846
107	140		1.385
127	169		1.3984
90.9	121		1.3987
274	365		1.3993
95.3	127		1.3996
24.9	33.2		1.4
32.4	43.2		1.4
75.0	100		1.4
475	634		1.4008
121	162		1.4033
78.7	107		1.4158
147	200		1.4163
22.1	30.1		1.4172
1.1	1.5		1.4182
412	562		1.4184
88.7	121		1.4185
93.1	127		1.4185
140	191		1.4186
332	453		1.4187
61.9	84.5		1.4191
634	866		1.4196
54.9	75.0		1.4197
562	768		1.4199
64.9	88.7		1.42
23.7	32.4		1.4203
301	412		1.4213
200	274		1.422
107	147		1.4243
121	169		1.438
90.9	127		1.4383
30.9	43.2		1.4388
22.1	30.9		1.4389
43.2	60.4		1.4389
60.4	84.5		1.4394
453	634		1.4397
100	140		1.44
64.9	90.9		1.4404
23.7	33.2		1.4405
237	332		1.4405
1.07	1.5		1.4411
16.9	23.7		1.4414
169	237		1.4414
75.0	107		1.456
140	200		1.4571
147	210		1.4571
332	475		1.4584
88.7	127		1.4591
84.5	121		1.4592
11.8	16.9		1.4593
698	1000		1.4596
43.2	61.9		1.4597
61.9	88.7		1.4598
127	182		1.4598
210	301		1.46
54.9	78.7		1.4601
634	909		1.4603
52.3	75.0		1.4604
64.9	93.1		1.4607
191	274		1.4607
15.4	22.1		1.461
30.1	43.2		1.4611
301	432		1.4611
1.1	1.6		1.4727
162	237		1.4778
22.1	32.4		1.4796
432	634		1.4806
64.9	95.3		1.481
60.4	88.7		1.4811
61.9	90.9		1.4811
95.3	140		1.4814
475	698		1.4817
100	147		1.482
16.9	24.9		1.484
1.07	1.6		1.4972
1	1.5		1.5
140	210		1.5
22.1	33.2		1.5014
43.2	64.9		1.5014
84.5	127		1.5018
274	412		1.5022
93.1	140		1.5023
61.9	93.1		1.5024
127	191		1.5024
121	182		1.5025
52.3	78.7		1.5029
20	30.1		1.503
60.4	90.9		1.503
200	301		1.503
301	453		1.503
182	274		1.5033
10.2	15.4		1.5059
107	162		1.5084
78.7	121		1.5225
412	634		1.5233
15.4	23.7		1.5234
54.9	84.5		1.5235
1.78	2.74		1.5236
61.9	95.3		1.5237
365	562		1.5238
90.9	140		1.5241
237	365		1.5241
64.9	100		1.5245
453	698		1.5245
562	866		1.5246
60.4	93.1		1.5248
95.3	147		1.5255
20	30.9		1.527
127	200		1.5449
33.2	52.3		1.5452
191	301		1.5455
274	432		1.546
634	1000		1.5464
9.76	15.4		1.5467
60.4	95.3		1.5467
301	475		1.5468
88.7	140		1.547
121	191		1.5471
93.1	147		1.5474
107	169		1.5477
210	332		1.5486
1	1.6		1.56
147	237		1.5673
75.0	121		1.568
78.7	127		1.5682
32.4	52.3		1.5685
61.9	100		1.5693
52.3	84.5		1.5694
54.9	88.7		1.5694
432	698		1.5694
15.4	24.9		1.5701
475	768		1.5701
90.9	147		1.5703
562	909		1.5705
1.1	1.78		1.5709
20	32.4		1.572
100	162		1.572
169	274		1.5728
64.9	107		1.5892
121	200		1.5917
274	453		1.592
127	210		1.5921
33.2	54.9		1.5922
182	301		1.5923
54.9	90.9		1.5934
60.4	100		1.5934
10.2	16.9		1.5941
84.5	140		1.5941
88.7	147		1.5944
20	33.2		1.596
200	332		1.596
1.07	1.78		1.5981
100	169		1.614
162	274		1.6148
30.9	52.3		1.6155
3.32	5.62		1.6157
140	237		1.6157
332	562		1.6157
75.0	127		1.616
412	698		1.6165
32.4	54.9		1.6167
11.8	20		1.6169
453	768		1.6172
54.9	93.1		1.6175
52.3	88.7		1.6176
95.3	162		1.6199
107	182		1.6206
1.6	2.74		1.6275
61.9	107		1.6372
9.76	16.9		1.6389
274	475		1.6401
24.9	43.2		1.641
121	210		1.6413
54.9	95.3		1.6415
43.2	75.0		1.6417
5.62	9.76		1.642
365	634		1.6422
30.1	52.3		1.6425
52.3	90.9		1.6428
191	332		1.6429
210	365		1.6429
237	412		1.643
84.5	147		1.6438
93.1	162		1.644
60.4	107		1.6629
95.3	169		1.664
30.9	54.9		1.666
432	768		1.6667
78.7	140		1.6673
562	1000		1.6676
1	1.78		1.668
52.3	93.1		1.6681
16.9	30.1		1.6686
169	301		1.6686
90.9	162		1.6693
107	191		1.671
5.62	10.2		1.689
93.1	169		1.6892
33.2	60.4		1.6916
100	182		1.692
54.9	100		1.6929
43.2	78.7		1.6931
52.3	95.3		1.6933
23.7	43.2		1.6937
237	432		1.6937
475	866		1.6939
30.1	54.9		1.6944
182	332		1.6945
200	365		1.695
88.7	162		1.6958
1.5	2.74		1.696
16.9	30.9		1.697
162	301		1.7148
90.9	169		1.7155
147	274		1.7184
412	768		1.7184
32.4	60.4		1.7185
64.9	121		1.7186
33.2	61.9		1.7187
1.78	3.32		1.7191
127	237		1.7197
75.0	140		1.72
301	562		1.7203
78.7	147		1.7207
107	200		1.7215
11.8	22.1		1.7237
88.7	169		1.7432
332	634		1.7458
95.3	182		1.7459
100	191		1.746
32.4	61.9		1.7463
191	365		1.7466
237	453		1.7468
453	866		1.747
52.3	100		1.7472
365	698		1.7474
475	909		1.7482
16.9	32.4		1.7503
84.5	162		1.7503
54.9	107		1.7694
15.4	30.1		1.7727
30.9	60.4		1.7728
22.1	43.2		1.7729
33.2	64.9		1.7729
61.9	121		1.7729
93.1	182		1.7729
43.2	84.5		1.7736
64.9	127		1.7741
140	274		1.7743
121	237		1.7752
75.0	147		1.776
10.2	20		1.7765
210	412		1.7771
107	210		1.7776
16.9	33.2		1.7787
169	332		1.7787
84.5	169		1.8
100	200		1.8
90.9	182		1.8013
30.9	61.9		1.8019
32.4	64.9		1.8019
60.4	121		1.802
95.3	191		1.8025
237	475		1.8025
432	866		1.8028
182	365		1.8033
15.4	30.9		1.8039
30.1	60.4		1.804
453	909		1.804
11.8	23.7		1.8051
52.3	107		1.8275
147	301		1.8286
9.76	20		1.8295
162	332		1.8296
2.74	5.62		1.8307
274	562		1.8307
93.1	191		1.8309
61.9	127		1.831
88.7	182		1.8311
43.2	88.7		1.8319
30.1	61.9		1.8339
210	432		1.8343
78.7	162		1.8351
200	412		1.836
1.6	3.32		1.845
95.3	200		1.8592
5.62	11.8		1.8598
100	210		1.86
24.9	52.3		1.8602
30.9	64.9		1.8602
90.9	191		1.8607
412	866		1.8612
332	698		1.8614
60.4	127		1.8616
15.4	32.4		1.8623
43.2	90.9		1.8625
365	768		1.8625
432	909		1.8625
475	1000		1.8632
301	634		1.8638
11.8	24.9		1.8661
78.7	169		1.8884
93.1	200		1.8889
140	301		1.89
88.7	191		1.892
84.5	182		1.8923
43.2	93.1		1.8931
15.4	33.2		1.8935
30.1	64.9		1.8937
191	412		1.8942
64.9	140		1.8943
210	453		1.8943
127	274		1.8945
169	365		1.8959
20	43.2		1.896
75.0	162		1.896
200	432		1.896
10.2	22.1		1.9
90.9	200		1.9201
95.3	210		1.9221
54.9	121		1.9224
24.9	54.9		1.9229
43.2	95.3		1.9236
412	909		1.9238
23.7	52.3		1.9241
453	1000		1.9245
1.5	3.32		1.928
107	237		1.929
162	365		1.9519
75.0	169		1.952
88.7	200		1.9529
93.1	210		1.9534
147	332		1.9551
33.2	75.0		1.9554
84.5	191		1.9562
61.9	140		1.957
191	432		1.9571
210	475		1.9571
182	412		1.9582
9.76	22.1		1.9586
121	274		1.9587
64.9	147		1.959
200	453		1.959
90.9	210		1.9861
78.7	182		1.9875
54.9	127		1.988
332	768		1.988
52.3	121		1.9881
274	634		1.9883
32.4	75.0		1.9889
43.2	100		1.9889
432	1000		1.9889
23.7	54.9		1.9899
60.4	140		1.9907
301	698		1.9914
10.2	23.7		1.9941
22.1	52.3		2.0199
84.5	200		2.0201
88.7	210		2.0205
100	237		2.022
127	301		2.022
33.2	78.7		2.0223
237	562		2.0228
140	332		2.0229
191	453		2.023
365	866		2.0236
182	432		2.0242
61.9	147		2.0249
200	475		2.025
24.9	60.4		2.0554
75.0	182		2.056
78.7	191		2.0562
30.9	75.0		2.0563
412	1000		2.0563
9.76	23.7		2.057
52.3	127		2.057
32.4	78.7		2.0574
60.4	147		2.0603
169	412		2.0627
10.2	24.9		2.0647
43.2	107		2.0861
147	365		2.0898
22.1	54.9		2.0905
84.5	210		2.0911
24.9	61.9		2.0916
95.3	237		2.0921
191	475		2.0921
121	301		2.0926
182	453		2.0934
365	909		2.0942
1.1	2.74		2.0945
30.1	75.0		2.095
64.9	162		2.0977
78.7	200		2.1248
162	412		2.1259
33.2	84.5		2.1271
93.1	237		2.1274
75.0	191		2.128
30.9	78.7		2.1282
274	698		2.1285
23.7	60.4		2.1291
54.9	140		2.1301
11.8	30.1		2.1305
9.76	24.9		2.1307
301	768		2.1309
16.9	43.2		2.1337
169	432		2.1337
1.07	2.74		2.1364
107	274		2.1364
64.9	169		2.1624
24.9	64.9		2.1639
140	365		2.1643
90.9	237		2.1644
32.4	84.5		2.1648
332	866		2.1651
182	475		2.1659
23.7	61.9		2.1671
127	332		2.1685
30.1	78.7		2.1688
20	52.3		2.169
61.9	162		2.1703
11.8	30.9		2.1712
75.0	200		2.2
162	432		2.2
78.7	210		2.201
33.2	88.7		2.203
88.7	237		2.2032
237	634		2.2051
210	562		2.2057
52.3	140		2.2061
54.9	147		2.2066
169	453		2.2083
60.4	162		2.2093
61.9	169		2.2381
22.1	60.4		2.2398
30.9	84.5		2.2408
32.4	88.7		2.2426
33.2	90.9		2.2428
332	909		2.2428
23.7	64.9		2.243
365	1000		2.2438
1	2.74		2.244
100	274		2.244
5.62	15.4		2.2441
121	332		2.2463
20	54.9		2.247
11.8	32.4		2.2475
162	453		2.2778
60.4	169		2.2788
75.0	210		2.28
22.1	61.9		2.2805
43.2	121		2.2806
147	412		2.2816
274	768		2.2818
33.2	93.1		2.2825
64.9	182		2.2826
84.5	237		2.2828
15.4	43.2		2.2831
32.4	90.9		2.2833
30.1	84.5		2.2844
200	562		2.286
52.3	147		2.2864
169	475		2.2864
107	301		2.2879
11.8	33.2		2.2881
30.9	88.7		2.3223
33.2	95.3		2.3223
32.4	93.1		2.3241
127	365		2.3244
95.3	274		2.3251
301	866		2.3262
162	475		2.3593
22.1	64.9		2.362
147	432		2.3633
3.32	9.76		2.3639
43.2	127		2.3639
61.9	182		2.3641
32.4	95.3		2.3648
30.9	90.9		2.365
191	562		2.3654
140	412		2.3657
64.9	191		2.3658
93.1	274		2.3658
237	698		2.3671
30.1	88.7		2.3681
54.9	162		2.3705
10.2	30.1		2.3706
5.62	16.9		2.4043
100	301		2.406
78.7	237		2.4069
24.9	75.0		2.4072
33.2	100		2.4072
332	1000		2.4072
30.9	93.1		2.4078
60.4	182		2.4079
90.9	274		2.4086
121	365		2.4099
1.1	3.32		2.4109
210	634		2.4114
20	60.4		2.412
30.1	90.9		2.412
301	909		2.412
10.2	30.9		2.4176
3.32	10.2		2.4434
54.9	169		2.447
64.9	200		2.449
147	453		2.449
9.76	30.1		2.4504
30.9	95.3		2.4505
61.9	191		2.4514
140	432		2.4514
32.4	100		2.4519
182	562		2.4527
88.7	274		2.4534
30.1	93.1		2.4558
16.9	52.3		2.4568
20	61.9		2.457
52.3	162		2.4585
1.07	3.32		2.4617
107	332		2.4617
1.78	5.62		2.4944
95.3	301		2.4951
75.0	237		2.496
24.9	78.7		2.4964
274	866		2.4964
60.4	191		2.4974
23.7	75.0		2.4987
9.76	30.9		2.4996
30.1	95.3		2.4997
200	634		2.502
10.2	32.4		2.5059
33.2	107		2.5337
61.9	200		2.5386
52.3	169		2.5388
147	475		2.5388
93.1	301		2.5398
64.9	210		2.5414
140	453		2.5414
30.9	100		2.5417
237	768		2.5443
43.2	140		2.5444
84.5	274		2.5456
127	412		2.5465
20	64.9		2.547
16.9	54.9		2.5491
10.2	33.2		2.5529
32.4	107		2.5815
60.4	200		2.5868
90.9	301		2.5868
54.9	182		2.5891
274	909		2.5905
191	634		2.5916
9.76	32.4		2.5918
1	3.32		2.592
100	332		2.592
23.7	78.7		2.5924
30.1	100		2.5934
301	1000		2.5934
210	698		2.5943
169	562		2.5953
61.9	210		2.6355
140	475		2.6357
24.9	84.5		2.6361
88.7	301		2.6361
22.1	75.0		2.6362
15.4	52.3		2.6377
127	432		2.6409
9.76	33.2		2.641
43.2	147		2.6417
121	412		2.643
107	365		2.6467
30.9	107		2.6777
162	562		2.6815
60.4	210		2.6861
54.9	191		2.6874
52.3	182		2.688
78.7	274		2.6889
182	634		2.6901
95.3	332		2.6902
200	698		2.694
1.6	5.62		2.7075
3.32	11.8		2.7325
30.1	107		2.7329
5.62	20		2.7352
22.1	78.7		2.7367
2.74	9.76		2.7372
24.9	88.7		2.7373
84.5	301		2.7373
15.4	54.9		2.739
23.7	84.5		2.7392
93.1	332		2.7396
127	453		2.7402
121	432		2.7421
16.9	60.4		2.7444
54.9	200		2.7858
33.2	121		2.7867
274	1000		2.7898
100	365		2.79
24.9	90.9		2.7904
64.9	237		2.7911
52.3	191		2.7912
90.9	332		2.7914
75.0	274		2.792
237	866		2.7924
191	698		2.7927
210	768		2.7943
11.8	43.2		2.7966
16.9	61.9		2.7976
2.74	10.2		2.8336
32.4	121		2.8407
24.9	93.1		2.8434
127	475		2.8441
23.7	88.7		2.8456
88.7	332		2.8458
121	453		2.8463
1.5	5.62		2.848
20	75.0		2.85
43.2	162		2.85
169	634		2.8509
147	562		2.8939
22.1	84.5		2.8941
52.3	200		2.8945
78.7	301		2.8948
54.9	210		2.8951
33.2	127		2.8952
24.9	95.3		2.8964
61.9	237		2.8973
95.3	365		2.898
182	698		2.9011
23.7	90.9		2.9013
237	909		2.9013
200	768		2.904
16.9	64.9		2.9041
107	412		2.9103
43.2	169		2.9472
162	634		2.9481
30.9	121		2.9495
32.4	127		2.9519
93.1	365		2.9523
15.4	60.4		2.9532
60.4	237		2.9543
121	475		2.9554
23.7	93.1		2.957
84.5	332		2.9574
5.62	22.1		2.9594
20	78.7		2.961
75.0	301		3.008
22.1	88.7		3.0081
140	562		3.0086
52.3	210		3.0092
90.9	365		3.0092
24.9	100		3.0096
15.4	61.9		3.0117
30.1	121		3.012
191	768		3.0126
23.7	95.3		3.0127
107	432		3.0224
30.9	127		3.066
22.1	90.9		3.0679
88.7	365		3.069
100	412		3.072
210	866		3.0743
169	698		3.0781
22.1	93.1		3.1276
43.2	182		3.1278
15.4	64.9		3.1286
33.2	140		3.1301
5.62	23.7		3.1302
78.7	332		3.1311
23.7	100		3.1316
30.1	127		3.1316
237	1000		3.1316
182	768		3.1319
64.9	274		3.1331
20	84.5		3.135
107	453		3.1402
10.2	43.2		3.1412
24.9	107		3.1783
2.74	11.8		3.1839
162	698		3.1852
22.1	95.3		3.1873
147	634		3.1878
54.9	237		3.1902
84.5	365		3.1917
100	432		3.192
32.4	140		3.1926
95.3	412		3.1939
210	909		3.1971
200	866		3.198
43.2	191		3.2528
127	562		3.2551
93.1	412		3.2552
9.76	43.2		3.2557
61.9	274		3.2559
75.0	332		3.256
33.2	147		3.2566
5.62	24.9		3.2584
11.8	52.3		3.2593
20	88.7		3.261
16.9	75.0		3.2627
107	475		3.2636
23.7	107		3.3089
22.1	100		3.3149
140	634		3.3171
100	453		3.318
30.9	140		3.3184
52.3	237		3.3189
90.9	412		3.3195
95.3	432		3.3198
191	866		3.3204
60.4	274		3.3219
32.4	147		3.3222
169	768		3.3266
20	90.9		3.327
200	909		3.327
43.2	200		3.3778
64.9	301		3.3827
78.7	365		3.3827
3.32	15.4		3.3831
93.1	432		3.3841
121	562		3.3868
88.7	412		3.3869
30.1	140		3.3907
11.8	54.9		3.3915
20	93.1		3.393
16.9	78.7		3.3941
162	768		3.4444
147	698		3.449
100	475		3.45
90.9	432		3.4515
95.3	453		3.452
30.9	147		3.4544
182	866		3.4549
191	909		3.4555
210	1000		3.4571
20	95.3		3.459
22.1	107		3.505
24.9	121		3.5157
43.2	210		3.5167
61.9	301		3.5176
93.1	453		3.5194
75.0	365		3.52
15.4	75.0		3.5221
88.7	432		3.5222
84.5	412		3.5254
33.2	162		3.5277
30.1	147		3.5302
60.4	301		3.5901
90.9	453		3.5901
95.3	475		3.5906
140	698		3.5914
54.9	274		3.5945
127	634		3.5953
182	909		3.5967
16.9	84.5		3.6
20	100		3.6
32.4	162		3.6
200	1000		3.6
3.32	16.9		3.6542
33.2	169		3.6542
24.9	127		3.6602
93.1	475		3.6612
23.7	121		3.6633
88.7	453		3.6643
1.1	5.62		3.6655
15.4	78.7		3.6662
84.5	432		3.6675
64.9	332		3.6693
11.8	60.4		3.6712
169	866		3.6746
10.2	52.3		3.6765
32.4	169		3.7296
147	768		3.7347
90.9	475		3.7353
78.7	412		3.741
191	1000		3.7414
52.3	274		3.7434
121	634		3.7438
30.9	162		3.7456
11.8	61.9		3.7475
16.9	88.7		3.7491
1.07	5.62		3.7514
107	562		3.7514
162	866		3.8074
20	107		3.81
88.7	475		3.8131
5.62	30.1		3.8135
9.76	52.3		3.8152
23.7	127		3.8152
84.5	453		3.8166
61.9	332		3.8181
16.9	90.9		3.8272
169	909		3.8272
30.1	162		3.8292
10.2	54.9		3.8294
30.9	169		3.8816
22.1	121		3.8851
33.2	182		3.8892
54.9	301		3.8896
1.78	9.76		3.8899
140	768		3.8914
43.2	237		3.8917
15.4	84.5		3.8922
78.7	432		3.8935
75.0	412		3.896
182	1000		3.8967
127	698		3.8976
60.4	332		3.898
5.62	30.9		3.8989
11.8	64.9		3.9
16.9	93.1		3.9053
162	909		3.9667
30.1	169		3.9688
32.4	182		3.9704
1	5.62		3.972
100	562		3.972
2.74	15.4		3.9723
84.5	475		3.9728
24.9	140		3.9735
64.9	365		3.9744
9.76	54.9		3.975
16.9	95.3		3.9834
1.78	10.2		4.0382
22.1	127		4.048
33.2	191		4.0518
52.3	301		4.0532
78.7	453		4.0536
15.4	88.7		4.0558
75.0	432		4.056
5.62	32.4		4.0591
121	698		4.0612
30.9	182		4.134
147	866		4.1347
32.4	191		4.137
61.9	365		4.138
95.3	562		4.1383
15.4	90.9		4.1416
24.9	147		4.1422
23.7	140		4.1443
5.62	33.2		4.1445
16.9	100		4.1503
169	1000		4.1503
10.2	60.4		4.1529
107	634		4.1551
3.32	20		4.2145
33.2	200		4.2145
78.7	475		4.2213
93.1	562		4.2219
75.0	453		4.224
60.4	365		4.2258
15.4	93.1		4.2273
30.1	182		4.2279
127	768		4.2283
54.9	332		4.2284
20	121		4.23
10.2	61.9		4.2412
1.6	9.76		4.26
2.74	16.9		4.3007
32.4	200		4.3037
162	1000		4.3037
30.9	191		4.3087
90.9	562		4.3096
147	909		4.3102
140	866		4.3114
15.4	95.3		4.313
9.76	60.4		4.3131
23.7	147		4.3215
33.2	210		4.3952
16.9	107		4.3988
75.0	475		4.4
22.1	140		4.4009
88.7	562		4.4016
100	634		4.404
9.76	61.9		4.4053
43.2	274		4.4056
30.1	191		4.4073
121	768		4.4083
52.3	332		4.4088
64.9	412		4.4089
20	127		4.41
11.8	75.0		4.4136
10.2	64.9		4.4176
1.6	10.2		4.425
30.9	200		4.4835
32.4	210		4.4889
140	909		4.4957
15.4	100		4.4961
24.9	162		4.5036
1.5	9.76		4.504
107	698		4.514
1.78	11.8		4.5775
30.1	200		4.5867
54.9	365		4.5891
9.76	64.9		4.5898
84.5	562		4.5905
22.1	147		4.591
95.3	634		4.5916
61.9	412		4.5935
64.9	432		4.5938
3.32	22.1		4.594
11.8	78.7		4.6017
24.9	169		4.6723
30.9	210		4.6777
1.5	10.2		4.68
147	1000		4.6816
93.1	634		4.6859
127	866		4.6913
60.4	412		4.6927
23.7	162		4.7013
15.4	107		4.7688
43.2	301		4.7806
90.9	634		4.7848
30.1	210		4.786
52.3	365		4.7874
61.9	432		4.7874
64.9	453		4.788
100	698		4.788
20	140		4.8
23.7	169		4.8785
3.32	23.7		4.8831
33.2	237		4.8831
78.7	562		4.8846
140	1000		4.8857
88.7	634		4.8886
60.4	432		4.8914
121	866		4.8942
127	909		4.8945
16.9	121		4.8959
11.8	84.5		4.8966
107	768		4.9065
2.74	20		4.9796
24.9	182		4.9855
32.4	237		4.9889
61.9	453		4.991
64.9	475		4.9914
95.3	698		4.9945
22.1	162		4.9982
20	147		5.01
10.2	75.0		5.0118
1.6	11.8		5.025
75.0	562		5.096
93.1	698		5.0984
3.32	24.9		5.1
60.4	453		5.1
84.5	634		5.1018
54.9	412		5.1027
121	909		5.1074
16.9	127		5.1089
11.8	88.7		5.1102
22.1	169		5.1882
30.9	237		5.2019
24.9	191		5.2024
61.9	475		5.2042
90.9	698		5.2073
23.7	182		5.2076
100	768		5.208
9.76	75.0		5.2107
43.2	332		5.2111
5.62	43.2		5.2121
11.8	90.9		5.222
10.2	78.7		5.2294
15.4	121		5.3143
60.4	475		5.3185
1.5	11.8		5.32
54.9	432		5.3213
88.7	698		5.3215
30.1	237		5.3243
127	1000		5.3244
52.3	412		5.3266
11.8	93.1		5.3339
24.9	200		5.4193
78.7	634		5.4335
95.3	768		5.4353
23.7	191		5.4354
9.76	78.7		5.4381
2.74	22.1		5.4394
11.8	95.3		5.4458
107	866		5.4561
20	162		5.46
