Power Supplies: ADP3334
 Output Voltage:
  Vout = 1.178 ( R1/R2 + 1 )

R1; R2(connect to gnd);    Vout
1	1000		1.1792
1	909		1.1793
1.07	1000		1.1793
1.1	1000		1.1793
1	866		1.1794
1.07	909		1.1794
1.1	909		1.1794
1	768		1.1795
1.07	866		1.1795
1.1	866		1.1795
1.07	768		1.1796
1	698		1.1797
1.1	768		1.1797
1.07	698		1.1798
1.5	1000		1.1798
1	634		1.1799
1.1	698		1.1799
1.5	909		1.1799
1.6	1000		1.1799
1.07	634		1.18
1.1	634		1.18
1.5	866		1.18
1	562		1.1801
1.6	909		1.1801
1.78	1000		1.1801
1.07	562		1.1802
1.6	866		1.1802
1.1	562		1.1803
1.5	768		1.1803
1.78	909		1.1803
1.78	866		1.1804
1	475		1.1805
1.5	698		1.1805
1.6	768		1.1805
1	453		1.1806
1	432		1.1807
1.07	475		1.1807
1.1	475		1.1807
1.6	698		1.1807
1.78	768		1.1807
1.07	453		1.1808
1.5	634		1.1808
1	412		1.1809
1.07	432		1.1809
1.1	453		1.1809
1.1	432		1.181
1.6	634		1.181
1.78	698		1.181
1.07	412		1.1811
1.1	412		1.1811
1.5	562		1.1811
1	365		1.1812
2.74	1000		1.1812
1.78	634		1.1813
1.6	562		1.1814
1	332		1.1815
1.07	365		1.1815
1.1	365		1.1816
2.74	909		1.1816
1.5	475		1.1817
1.78	562		1.1817
2.74	866		1.1817
1.07	332		1.1818
1	301		1.1819
1.1	332		1.1819
1.5	453		1.1819
3.32	1000		1.1819
1.6	475		1.182
1.5	432		1.1821
1.07	301		1.1822
1.6	453		1.1822
2.74	768		1.1822
1	274		1.1823
1.1	301		1.1823
1.5	412		1.1823
3.32	909		1.1823
1.6	432		1.1824
1.78	475		1.1824
3.32	866		1.1825
1.07	274		1.1826
1.6	412		1.1826
1.78	453		1.1826
2.74	698		1.1826
1.1	274		1.1827
1.5	365		1.1828
1.78	432		1.1829
1	237		1.183
1.78	412		1.1831
2.74	634		1.1831
3.32	768		1.1831
1.6	365		1.1832
1.07	237		1.1833
1.5	332		1.1833
1.1	237		1.1835
1	210		1.1836
3.32	698		1.1836
1.6	332		1.1837
1.78	365		1.1837
2.74	562		1.1837
1	200		1.1839
1.5	301		1.1839
1.07	210		1.184
1	191		1.1842
1.1	210		1.1842
3.32	634		1.1842
1.07	200		1.1843
1.6	301		1.1843
1.78	332		1.1843
1.5	274		1.1844
1	182		1.1845
1.1	200		1.1845
1.07	191		1.1846
5.62	1000		1.1846
1.1	191		1.1848
2.74	475		1.1848
1.07	182		1.1849
1.6	274		1.1849
1	169		1.185
1.78	301		1.185
3.32	562		1.185
1.1	182		1.1851
2.74	453		1.1851
1	162		1.1853
5.62	909		1.1853
1.07	169		1.1855
1.5	237		1.1855
2.74	432		1.1855
5.62	866		1.1856
1.1	169		1.1857
1.78	274		1.1857
1.07	162		1.1858
2.74	412		1.1858
1	147		1.186
1.1	162		1.186
1.6	237		1.186
3.32	475		1.1862
1	140		1.1864
1.5	210		1.1864
1.07	147		1.1866
3.32	453		1.1866
5.62	768		1.1866
1.1	147		1.1868
1.5	200		1.1868
1.78	237		1.1868
2.74	365		1.1868
1.07	140		1.187
1.6	210		1.187
3.32	432		1.1871
1	127		1.1873
1.1	140		1.1873
1.5	191		1.1873
1.6	200		1.1874
3.32	412		1.1875
5.62	698		1.1875
1	121		1.1877
1.5	182		1.1877
2.74	332		1.1877
1.07	127		1.1879
1.6	191		1.1879
1.78	210		1.188
1.1	127		1.1882
1.07	121		1.1884
1.6	182		1.1884
5.62	634		1.1884
1.5	169		1.1885
1.78	200		1.1885
1.1	121		1.1887
2.74	301		1.1887
3.32	365		1.1887
1.5	162		1.1889
1	107		1.189
1.78	191		1.189
1.6	169		1.1892
1.78	182		1.1895
9.76	1000		1.1895
1.6	162		1.1896
1	100		1.1898
1.07	107		1.1898
2.74	274		1.1898
3.32	332		1.1898
5.62	562		1.1898
1.5	147		1.19
10.2	1000		1.19
1.1	107		1.1901
1	95.3		1.1904
1.78	169		1.1904
1.07	100		1.1906
1.5	140		1.1906
9.76	909		1.1906
1	93.1		1.1907
1.6	147		1.1908
1.78	162		1.1909
1	90.9		1.191
1.1	100		1.191
3.32	301		1.191
1.07	95.3		1.1912
10.2	909		1.1912
1	88.7		1.1913
9.76	866		1.1913
1.07	93.1		1.1915
1.6	140		1.1915
1.1	95.3		1.1916
2.74	237		1.1916
1	84.5		1.1919
1.07	90.9		1.1919
1.1	93.1		1.1919
1.5	127		1.1919
5.62	475		1.1919
10.2	866		1.1919
11.8	1000		1.1919
1.07	88.7		1.1922
1.1	90.9		1.1923
1.78	147		1.1923
3.32	274		1.1923
1.1	88.7		1.1926
1.5	121		1.1926
5.62	453		1.1926
1.6	127		1.1928
1.07	84.5		1.1929
1	78.7		1.193
1.78	140		1.193
9.76	768		1.193
1.1	84.5		1.1933
5.62	432		1.1933
11.8	909		1.1933
2.74	210		1.1934
1.6	121		1.1936
10.2	768		1.1936
1	75.0		1.1937
1.07	78.7		1.194
2.74	200		1.1941
5.62	412		1.1941
11.8	866		1.1941
1.1	78.7		1.1945
1.5	107		1.1945
1.78	127		1.1945
3.32	237		1.1945
9.76	698		1.1945
1.07	75.0		1.1948
2.74	191		1.1949
10.2	698		1.1952
1.1	75.0		1.1953
1.78	121		1.1953
1.6	107		1.1956
1.5	100		1.1957
2.74	182		1.1957
5.62	365		1.1961
9.76	634		1.1961
11.8	768		1.1961
15.4	1000		1.1961
1	64.9		1.1962
1.5	95.3		1.1965
3.32	210		1.1966
1.6	100		1.1968
1	61.9		1.197
1.5	93.1		1.197
10.2	634		1.197
2.74	169		1.1971
1.07	64.9		1.1974
1.5	90.9		1.1974
1	60.4		1.1975
1.78	107		1.1976
3.32	200		1.1976
1.6	95.3		1.1978
1.5	88.7		1.1979
2.74	162		1.1979
5.62	332		1.1979
11.8	698		1.1979
16.9	1000		1.1979
1.1	64.9		1.198
15.4	909		1.198
1.6	93.1		1.1982
1.07	61.9		1.1984
3.32	191		1.1985
9.76	562		1.1985
1.6	90.9		1.1987
1.07	60.4		1.1989
1.1	61.9		1.1989
1.5	84.5		1.1989
15.4	866		1.1989
1.78	100		1.199
1.6	88.7		1.1992
10.2	562		1.1994
1	54.9		1.1995
1.1	60.4		1.1995
3.32	182		1.1995
11.8	634		1.1999
16.9	909		1.1999
1.78	95.3		1.2
2.74	147		1.2
5.62	301		1.2
1.6	84.5		1.2003
1	52.3		1.2005
1.5	78.7		1.2005
1.78	93.1		1.2005
1.07	54.9		1.201
16.9	866		1.201
1.78	90.9		1.2011
2.74	140		1.2011
3.32	169		1.2011
1.1	54.9		1.2016
1.5	75.0		1.2016
1.78	88.7		1.2016
15.4	768		1.2016
20	1000		1.2016
1.6	78.7		1.2019
1.07	52.3		1.2021
3.32	162		1.2021
5.62	274		1.2022
9.76	475		1.2022
11.8	562		1.2027
1.1	52.3		1.2028
1.78	84.5		1.2028
1.6	75.0		1.2031
10.2	475		1.2033
2.74	127		1.2034
9.76	453		1.2034
16.9	768		1.2039
20	909		1.2039
15.4	698		1.204
22.1	1000		1.204
10.2	453		1.2045
1.78	78.7		1.2046
3.32	147		1.2046
9.76	432		1.2046
2.74	121		1.2047
1.5	64.9		1.2052
20	866		1.2052
1	43.2		1.2053
10.2	432		1.2058
3.32	140		1.2059
5.62	237		1.2059
9.76	412		1.2059
23.7	1000		1.2059
1.78	75.0		1.206
1.5	61.9		1.2065
16.9	698		1.2065
15.4	634		1.2066
22.1	909		1.2066
1.6	64.9		1.207
1.07	43.2		1.2072
10.2	412		1.2072
1.5	60.4		1.2073
11.8	475		1.2073
24.9	1000		1.2073
1.1	43.2		1.208
22.1	866		1.2081
2.74	107		1.2082
1.6	61.9		1.2084
11.8	453		1.2087
20	768		1.2087
23.7	909		1.2087
3.32	127		1.2088
1.6	60.4		1.2092
16.9	634		1.2094
5.62	210		1.2095
9.76	365		1.2095
1.5	54.9		1.2102
11.8	432		1.2102
23.7	866		1.2102
1.78	64.9		1.2103
2.74	100		1.2103
3.32	121		1.2103
15.4	562		1.2103
24.9	909		1.2103
10.2	365		1.2109
5.62	200		1.2111
11.8	412		1.2117
1.5	52.3		1.2118
20	698		1.2118
1.78	61.9		1.2119
2.74	95.3		1.2119
22.1	768		1.2119
24.9	866		1.2119
1.6	54.9		1.2123
9.76	332		1.2126
1.78	60.4		1.2127
2.74	93.1		1.2127
5.62	191		1.2127
16.9	562		1.2134
1	33.2		1.2135
2.74	90.9		1.2135
30.1	1000		1.2135
1.6	52.3		1.214
10.2	332		1.2142
1	32.4		1.2144
2.74	88.7		1.2144
5.62	182		1.2144
23.7	768		1.2144
30.9	1000		1.2144
3.32	107		1.2146
20	634		1.2152
22.1	698		1.2153
1.07	33.2		1.216
1	30.9		1.2161
11.8	365		1.2161
1.78	54.9		1.2162
2.74	84.5		1.2162
9.76	301		1.2162
15.4	475		1.2162
24.9	768		1.2162
32.4	1000		1.2162
1.07	32.4		1.2169
1.1	33.2		1.217
30.1	909		1.217
1	30.1		1.2171
3.32	100		1.2171
33.2	1000		1.2171
5.62	169		1.2172
10.2	301		1.2179
1.1	32.4		1.218
15.4	453		1.218
23.7	698		1.218
30.9	909		1.218
1.78	52.3		1.2181
1.07	30.9		1.2188
1.5	43.2		1.2189
5.62	162		1.2189
30.1	866		1.2189
2.74	78.7		1.219
3.32	95.3		1.219
22.1	634		1.2191
1.07	30.1		1.2199
1.1	30.9		1.2199
11.8	332		1.2199
16.9	475		1.2199
20	562		1.2199
3.32	93.1		1.22
9.76	274		1.22
15.4	432		1.22
24.9	698		1.22
30.9	866		1.22
32.4	909		1.22
1.1	30.1		1.221
2.74	75.0		1.221
3.32	90.9		1.221
33.2	909		1.221
1.6	43.2		1.2216
10.2	274		1.2219
16.9	453		1.2219
15.4	412		1.222
23.7	634		1.222
3.32	88.7		1.2221
32.4	866		1.2221
5.62	147		1.223
33.2	866		1.2232
16.9	432		1.2241
11.8	301		1.2242
30.1	768		1.2242
3.32	84.5		1.2243
22.1	562		1.2243
24.9	634		1.2243
1	24.9		1.2253
5.62	140		1.2253
30.9	768		1.2254
16.9	412		1.2263
1.78	43.2		1.2265
9.76	237		1.2265
20	475		1.2276
1	23.7		1.2277
2.74	64.9		1.2277
3.32	78.7		1.2277
15.4	365		1.2277
23.7	562		1.2277
32.4	768		1.2277
1.07	24.9		1.2286
10.2	237		1.2287
11.8	274		1.2287
30.1	698		1.2288
33.2	768		1.2289
43.2	1000		1.2289
1.1	24.9		1.23
20	453		1.23
2.74	61.9		1.2301
3.32	75.0		1.2301
5.62	127		1.2301
30.9	698		1.2301
24.9	562		1.2302
1.07	23.7		1.2312
1.5	33.2		1.2312
1	22.1		1.2313
2.74	60.4		1.2314
1.5	32.4		1.2325
16.9	365		1.2325
20	432		1.2325
15.4	332		1.2326
1.1	23.7		1.2327
5.62	121		1.2327
9.76	210		1.2327
32.4	698		1.2327
22.1	475		1.2328
30.1	634		1.2339
33.2	698		1.234
43.2	909		1.234
1.6	33.2		1.2348
1.07	22.1		1.235
1.5	30.9		1.2352
10.2	210		1.2352
20	412		1.2352
30.9	634		1.2354
9.76	200		1.2355
22.1	453		1.2355
1.6	32.4		1.2362
1.1	22.1		1.2366
1.5	30.1		1.2367
11.8	237		1.2367
2.74	54.9		1.2368
23.7	475		1.2368
43.2	866		1.2368
1	20		1.2369
16.9	332		1.238
10.2	200		1.2381
9.76	191		1.2382
32.4	634		1.2382
3.32	64.9		1.2383
15.4	301		1.2383
22.1	432		1.2383
1.6	30.9		1.239
23.7	453		1.2396
52.3	1000		1.2396
2.74	52.3		1.2397
33.2	634		1.2397
24.9	475		1.2398
5.62	107		1.2399
1.6	30.1		1.2406
10.2	191		1.2409
1.07	20		1.241
30.1	562		1.2411
1.78	33.2		1.2412
3.32	61.9		1.2412
9.76	182		1.2412
22.1	412		1.2412
20	365		1.2425
23.7	432		1.2426
1.78	32.4		1.2427
54.9	1000		1.2427
1.1	20		1.2428
3.32	60.4		1.2428
24.9	453		1.2428
30.9	562		1.2428
10.2	182		1.244
16.9	301		1.2441
5.62	100		1.2442
11.8	210		1.2442
15.4	274		1.2442
43.2	768		1.2443
23.7	412		1.2458
52.3	909		1.2458
1.78	30.9		1.2459
24.9	432		1.2459
32.4	562		1.2459
9.76	169		1.246
5.62	95.3		1.2475
11.8	200		1.2475
33.2	562		1.2476
1	16.9		1.2477
1.78	30.1		1.2477
1.5	24.9		1.249
9.76	162		1.249
20	332		1.249
5.62	93.1		1.2491
10.2	169		1.2491
52.3	866		1.2491
54.9	909		1.2491
3.32	54.9		1.2492
24.9	412		1.2492
60.4	1000		1.2492
22.1	365		1.2493
16.9	274		1.2507
5.62	90.9		1.2508
11.8	191		1.2508
43.2	698		1.2509
61.9	1000		1.2509
10.2	162		1.2522
1.07	16.9		1.2526
1.5	23.7		1.2526
5.62	88.7		1.2526
30.1	475		1.2526
2.74	43.2		1.2527
54.9	866		1.2527
3.32	52.3		1.2528
1.6	24.9		1.2537
11.8	182		1.2544
1	15.4		1.2545
15.4	237		1.2545
23.7	365		1.2545
64.9	1000		1.2545
30.9	475		1.2546
1.1	16.9		1.2547
9.76	147		1.2562
5.62	84.5		1.2563
20	301		1.2563
30.1	453		1.2563
60.4	909		1.2563
22.1	332		1.2564
1.6	23.7		1.2575
1.5	22.1		1.258
52.3	768		1.2582
61.9	909		1.2582
43.2	634		1.2583
24.9	365		1.2584
30.9	453		1.2584
32.4	475		1.2584
10.2	147		1.2597
1.07	15.4		1.2598
9.76	140		1.2601
30.1	432		1.2601
60.4	866		1.2602
11.8	169		1.2603
33.2	475		1.2603
16.9	237		1.262
1.1	15.4		1.2621
5.62	78.7		1.2621
23.7	332		1.2621
64.9	909		1.2621
1.78	24.9		1.2622
54.9	768		1.2622
61.9	866		1.2622
30.9	432		1.2623
32.4	453		1.2623
1.6	22.1		1.2633
10.2	140		1.2638
11.8	162		1.2638
20	274		1.264
30.1	412		1.2641
33.2	453		1.2643
15.4	210		1.2644
22.1	301		1.2645
1.5	20		1.2663
5.62	75.0		1.2663
24.9	332		1.2663
30.9	412		1.2663
32.4	432		1.2663
52.3	698		1.2663
64.9	866		1.2663
75.0	1000		1.2663
1.78	23.7		1.2665
3.32	43.2		1.2685
9.76	127		1.2685
33.2	432		1.2685
43.2	562		1.2686
15.4	200		1.2687
32.4	412		1.2706
60.4	768		1.2706
54.9	698		1.2707
78.7	1000		1.2707
23.7	301		1.2708
1.6	20		1.2722
10.2	127		1.2726
11.8	147		1.2726
16.9	210		1.2728
1.78	22.1		1.2729
33.2	412		1.2729
61.9	768		1.2729
9.76	121		1.273
15.4	191		1.273
22.1	274		1.273
30.1	365		1.2751
2.74	33.2		1.2752
52.3	634		1.2752
75.0	909		1.2752
24.9	301		1.2754
10.2	121		1.2773
11.8	140		1.2773
20	237		1.2774
16.9	200		1.2775
64.9	768		1.2775
84.5	1000		1.2775
2.74	32.4		1.2776
15.4	182		1.2777
30.9	365		1.2777
1	11.8		1.2778
23.7	274		1.2799
60.4	698		1.2799
5.62	64.9		1.28
54.9	634		1.28
75.0	866		1.28
78.7	909		1.28
16.9	191		1.2822
2.74	30.9		1.2825
61.9	698		1.2825
88.7	1000		1.2825
1.5	16.9		1.2826
32.4	365		1.2826
1.78	20		1.2828
1.07	11.8		1.2848
30.1	332		1.2848
5.62	61.9		1.285
24.9	274		1.2851
33.2	365		1.2851
43.2	475		1.2851
78.7	866		1.2851
90.9	1000		1.2851
2.74	30.1		1.2852
15.4	169		1.2853
9.76	107		1.2855
16.9	182		1.2874
11.8	127		1.2875
64.9	698		1.2875
84.5	909		1.2875
5.62	60.4		1.2876
30.9	332		1.2876
52.3	562		1.2876
93.1	1000		1.2877
1.1	11.8		1.2878
22.1	237		1.2878
1.6	16.9		1.2895
15.4	162		1.29
20	210		1.2902
60.4	634		1.2902
10.2	107		1.2903
43.2	453		1.2903
95.3	1000		1.2903
1.5	15.4		1.2927
11.8	121		1.2929
84.5	866		1.2929
88.7	909		1.2929
9.76	100		1.293
32.4	332		1.293
61.9	634		1.293
75.0	768		1.293
54.9	562		1.2931
1	10.2		1.2935
3.32	33.2		1.2958
16.9	169		1.2958
20	200		1.2958
23.7	237		1.2958
30.1	301		1.2958
33.2	332		1.2958
43.2	432		1.2958
90.9	909		1.2958
100	1000		1.2958
10.2	100		1.2982
5.62	54.9		1.2986
9.76	95.3		1.2986
64.9	634		1.2986
1	9.76		1.2987
3.32	32.4		1.2987
78.7	768		1.2987
88.7	866		1.2987
93.1	909		1.2987
30.9	301		1.2989
1.6	15.4		1.3004
16.9	162		1.3009
15.4	147		1.3014
20	191		1.3014
9.76	93.1		1.3015
43.2	412		1.3015
95.3	909		1.3015
1.07	10.2		1.3016
90.9	866		1.3016
24.9	237		1.3018
22.1	210		1.302
1.78	16.9		1.3021
107	1000		1.304
10.2	95.3		1.3041
9.76	90.9		1.3045
3.32	30.9		1.3046
5.62	52.3		1.3046
60.4	562		1.3046
75.0	698		1.3046
93.1	866		1.3046
32.4	301		1.3048
1.1	10.2		1.305
1.07	9.76		1.3071
10.2	93.1		1.3071
30.1	274		1.3074
20	182		1.3075
2.74	24.9		1.3076
9.76	88.7		1.3076
15.4	140		1.3076
84.5	768		1.3076
95.3	866		1.3076
100	909		1.3076
52.3	475		1.3077
61.9	562		1.3077
3.32	30.1		1.3079
11.8	107		1.3079
33.2	301		1.3079
22.1	200		1.3082
10.2	90.9		1.3102
1.1	9.76		1.3108
30.9	274		1.3108
78.7	698		1.3108
23.7	210		1.3109
16.9	147		1.3134
10.2	88.7		1.3135
52.3	453		1.314
64.9	562		1.314
100	866		1.314
9.76	84.5		1.3141
88.7	768		1.3141
1.78	15.4		1.3142
2.74	23.7		1.3142
54.9	475		1.3142
22.1	191		1.3143
107	909		1.3167
11.8	100		1.317
32.4	274		1.3173
20	169		1.3174
43.2	365		1.3174
75.0	634		1.3174
90.9	768		1.3174
23.7	200		1.3176
24.9	210		1.3177
10.2	84.5		1.3202
16.9	140		1.3202
121	1000		1.3205
52.3	432		1.3206
84.5	698		1.3206
33.2	274		1.3207
15.4	127		1.3208
54.9	453		1.3208
93.1	768		1.3208
22.1	182		1.321
20	162		1.3234
107	866		1.3235
11.8	95.3		1.3239
2.74	22.1		1.3241
9.76	78.7		1.3241
23.7	191		1.3242
78.7	634		1.3242
95.3	768		1.3242
24.9	200		1.3247
11.8	93.1		1.3273
52.3	412		1.3275
30.1	237		1.3276
127	1000		1.3276
1.5	11.8		1.3277
54.9	432		1.3277
88.7	698		1.3277
60.4	475		1.3278
15.4	121		1.3279
10.2	78.7		1.3307
11.8	90.9		1.3309
5.62	43.2		1.3312
9.76	75.0		1.3313
43.2	332		1.3313
23.7	182		1.3314
90.9	698		1.3314
100	768		1.3314
61.9	475		1.3315
24.9	191		1.3316
30.9	237		1.3316
22.1	169		1.332
11.8	88.7		1.3347
16.9	127		1.3348
121	909		1.3348
54.9	412		1.335
84.5	634		1.335
3.32	24.9		1.3351
60.4	453		1.3351
93.1	698		1.3351
75.0	562		1.3352
1.6	11.8		1.3377
10.2	75.0		1.3382
20	147		1.3383
22.1	162		1.3387
95.3	698		1.3388
32.4	237		1.339
61.9	453		1.339
64.9	475		1.339
24.9	182		1.3392
2.74	20		1.3394
107	768		1.3421
11.8	84.5		1.3425
16.9	121		1.3425
121	866		1.3426
127	909		1.3426
60.4	432		1.3427
88.7	634		1.3428
140	1000		1.3429
3.32	23.7		1.343
33.2	237		1.343
78.7	562		1.343
23.7	169		1.3432
20	140		1.3463
30.1	210		1.3468
52.3	365		1.3468
61.9	432		1.3468
64.9	453		1.3468
100	698		1.3468
90.9	634		1.3469
43.2	301		1.3471
15.4	107		1.3475
23.7	162		1.3503
60.4	412		1.3507
127	866		1.3508
93.1	634		1.351
1.5	10.2		1.3512
147	1000		1.3512
30.9	210		1.3513
24.9	169		1.3516
11.8	78.7		1.3546
3.32	22.1		1.355
61.9	412		1.355
64.9	432		1.355
22.1	147		1.3551
84.5	562		1.3551
95.3	634		1.3551
9.76	64.9		1.3552
54.9	365		1.3552
30.1	200		1.3553
1.78	11.8		1.3557
107	698		1.3586
1.5	9.76		1.359
24.9	162		1.3591
15.4	100		1.3594
140	909		1.3594
32.4	210		1.3597
30.9	200		1.36
1.6	10.2		1.3628
10.2	64.9		1.3631
11.8	75.0		1.3633
20	127		1.3635
30.1	191		1.3636
52.3	332		1.3636
64.9	412		1.3636
121	768		1.3636
9.76	61.9		1.3637
43.2	274		1.3637
100	634		1.3638
88.7	562		1.3639
22.1	140		1.364
75.0	475		1.364
16.9	107		1.3641
33.2	210		1.3642
23.7	147		1.3679
9.76	60.4		1.3684
15.4	95.3		1.3684
140	866		1.3684
90.9	562		1.3685
147	909		1.3685
30.9	191		1.3686
32.4	200		1.3688
162	1000		1.3688
2.74	16.9		1.369
1.6	9.76		1.3711
10.2	61.9		1.3721
20	121		1.3727
30.1	182		1.3728
54.9	332		1.3728
127	768		1.3728
15.4	93.1		1.3729
60.4	365		1.3729
75.0	453		1.373
93.1	562		1.3731
78.7	475		1.3732
3.32	20		1.3735
33.2	200		1.3735
107	634		1.3768
10.2	60.4		1.3769
16.9	100		1.3771
169	1000		1.3771
5.62	33.2		1.3774
23.7	140		1.3774
24.9	147		1.3775
15.4	90.9		1.3776
32.4	191		1.3778
61.9	365		1.3778
95.3	562		1.3778
30.9	182		1.378
147	866		1.378
121	698		1.3822
5.62	32.4		1.3823
15.4	88.7		1.3825
75.0	432		1.3825
52.3	301		1.3827
78.7	453		1.3827
33.2	191		1.3828
22.1	127		1.383
1.78	10.2		1.3836
16.9	95.3		1.3869
9.76	54.9		1.3874
24.9	140		1.3875
64.9	365		1.3875
1	5.62		1.3876
2.74	15.4		1.3876
84.5	475		1.3876
100	562		1.3876
32.4	182		1.3877
30.1	169		1.3878
162	909		1.3879
16.9	93.1		1.3918
11.8	64.9		1.3922
5.62	30.9		1.3923
60.4	332		1.3923
127	698		1.3923
75.0	412		1.3924
182	1000		1.3924
78.7	432		1.3926
15.4	84.5		1.3927
43.2	237		1.3927
140	768		1.3927
1.78	9.76		1.3928
33.2	182		1.3929
54.9	301		1.3929
22.1	121		1.3932
30.9	169		1.3934
10.2	54.9		1.3969
30.1	162		1.3969
16.9	90.9		1.397
169	909		1.397
61.9	332		1.3976
84.5	453		1.3977
9.76	52.3		1.3978
23.7	127		1.3978
5.62	30.1		1.3979
88.7	475		1.398
20	107		1.3982
162	866		1.3984
1.07	5.62		1.4023
107	562		1.4023
16.9	88.7		1.4024
11.8	61.9		1.4026
30.9	162		1.4027
121	634		1.4028
52.3	274		1.4029
78.7	412		1.403
191	1000		1.403
90.9	475		1.4034
147	768		1.4035
32.4	169		1.4038
10.2	52.3		1.4077
169	866		1.4079
11.8	60.4		1.4081
64.9	332		1.4083
84.5	432		1.4084
15.4	78.7		1.4085
1.1	5.62		1.4086
23.7	121		1.4087
88.7	453		1.4087
93.1	475		1.4089
24.9	127		1.409
3.32	16.9		1.4094
33.2	169		1.4094
16.9	84.5		1.4136
20	100		1.4136
32.4	162		1.4136
200	1000		1.4136
182	909		1.4139
54.9	274		1.414
127	634		1.414
95.3	475		1.4143
140	698		1.4143
60.4	301		1.4144
90.9	453		1.4144
30.1	147		1.4192
33.2	162		1.4194
84.5	412		1.4196
15.4	75.0		1.4199
88.7	432		1.4199
75.0	365		1.4201
93.1	453		1.4201
43.2	210		1.4203
61.9	301		1.4203
24.9	121		1.4204
22.1	107		1.4213
20	95.3		1.4252
210	1000		1.4254
191	909		1.4255
30.9	147		1.4256
182	866		1.4256
95.3	453		1.4258
90.9	432		1.4259
100	475		1.426
147	698		1.4261
162	768		1.4265
16.9	78.7		1.431
20	93.1		1.4311
11.8	54.9		1.4312
30.1	140		1.4313
88.7	412		1.4316
121	562		1.4316
93.1	432		1.4319
3.32	15.4		1.432
64.9	301		1.432
78.7	365		1.432
43.2	200		1.4324
20	90.9		1.4372
169	768		1.4372
200	909		1.4372
32.4	147		1.4376
60.4	274		1.4377
191	866		1.4378
90.9	412		1.4379
95.3	432		1.4379
30.9	140		1.438
52.3	237		1.438
100	453		1.438
140	634		1.4381
22.1	100		1.4383
23.7	107		1.4389
16.9	75.0		1.4434
107	475		1.4434
20	88.7		1.4436
11.8	52.3		1.4438
5.62	24.9		1.4439
9.76	43.2		1.4441
33.2	147		1.4441
61.9	274		1.4441
75.0	332		1.4441
93.1	412		1.4442
127	562		1.4442
43.2	191		1.4444
200	866		1.4501
210	909		1.4501
95.3	412		1.4505
32.4	140		1.4506
84.5	365		1.4507
100	432		1.4507
54.9	237		1.4509
147	634		1.4511
22.1	95.3		1.4512
162	698		1.4514
2.74	11.8		1.4515
24.9	107		1.4521
10.2	43.2		1.4561
107	453		1.4562
20	84.5		1.4568
64.9	274		1.457
23.7	100		1.4572
30.1	127		1.4572
78.7	332		1.4572
182	768		1.4572
237	1000		1.4572
5.62	23.7		1.4573
33.2	140		1.4574
15.4	64.9		1.4575
22.1	93.1		1.4576
43.2	182		1.4576
169	698		1.4632
210	866		1.4637
100	412		1.4639
88.7	365		1.4643
22.1	90.9		1.4644
30.9	127		1.4646
107	432		1.4698
23.7	95.3		1.471
30.1	121		1.471
191	768		1.471
15.4	61.9		1.4711
24.9	100		1.4713
52.3	210		1.4714
90.9	365		1.4714
22.1	88.7		1.4715
75.0	301		1.4715
140	562		1.4715
20	78.7		1.4774
5.62	22.1		1.4776
84.5	332		1.4778
23.7	93.1		1.4779
121	475		1.4781
60.4	237		1.4782
15.4	60.4		1.4784
32.4	127		1.4785
93.1	365		1.4785
30.9	121		1.4788
162	634		1.479
43.2	169		1.4791
107	412		1.4839
16.9	64.9		1.4848
200	768		1.4848
23.7	90.9		1.4851
237	909		1.4851
182	698		1.4852
95.3	365		1.4856
61.9	237		1.4857
24.9	95.3		1.4858
33.2	127		1.4859
52.3	200		1.486
54.9	210		1.486
78.7	301		1.486
22.1	84.5		1.4861
147	562		1.4861
169	634		1.492
20	75.0		1.4921
43.2	162		1.4921
1.5	5.62		1.4924
88.7	332		1.4927
121	453		1.4927
23.7	88.7		1.4928
127	475		1.493
24.9	93.1		1.4931
32.4	121		1.4934
2.74	10.2		1.4944
16.9	61.9		1.4996
11.8	43.2		1.4998
210	768		1.5001
191	698		1.5003
75.0	274		1.5004
237	866		1.5004
90.9	332		1.5005
52.3	191		1.5006
64.9	237		1.5006
24.9	90.9		1.5007
100	365		1.5007
274	1000		1.5008
33.2	121		1.5012
54.9	200		1.5014
16.9	60.4		1.5076
121	432		1.5079
93.1	332		1.5083
127	453		1.5083
15.4	54.9		1.5084
23.7	84.5		1.5084
2.74	9.76		1.5087
24.9	88.7		1.5087
84.5	301		1.5087
22.1	78.7		1.5088
5.62	20		1.509
3.32	11.8		1.5094
30.1	107		1.5094
1.6	5.62		1.5134
200	698		1.5155
95.3	332		1.5161
182	634		1.5162
78.7	274		1.5164
52.3	182		1.5165
54.9	191		1.5166
60.4	210		1.5168
162	562		1.5176
30.9	107		1.5182
107	365		1.5233
121	412		1.524
43.2	147		1.5242
9.76	33.2		1.5243
127	432		1.5243
15.4	52.3		1.5249
22.1	75.0		1.5251
24.9	84.5		1.5251
88.7	301		1.5251
61.9	210		1.5252
140	475		1.5252
169	562		1.5322
210	698		1.5324
30.1	100		1.5326
301	1000		1.5326
23.7	78.7		1.5327
1	3.32		1.5328
100	332		1.5328
9.76	32.4		1.5329
191	634		1.5329
274	909		1.5331
54.9	182		1.5333
90.9	301		1.5337
60.4	200		1.5338
32.4	107		1.5347
10.2	33.2		1.5399
16.9	54.9		1.5406
20	64.9		1.541
127	412		1.5411
84.5	274		1.5413
43.2	140		1.5415
237	768		1.5415
30.9	100		1.542
64.9	210		1.5421
140	453		1.5421
93.1	301		1.5424
52.3	169		1.5426
61.9	200		1.5426
147	475		1.5426
33.2	107		1.5435
10.2	32.4		1.5489
200	634		1.5496
9.76	30.9		1.5501
30.1	95.3		1.5501
23.7	75.0		1.5502
60.4	191		1.5505
24.9	78.7		1.5507
274	866		1.5507
75.0	237		1.5508
95.3	301		1.551
1.78	5.62		1.5511
1.07	3.32		1.5577
107	332		1.5577
52.3	162		1.5583
20	61.9		1.5586
16.9	52.3		1.5587
30.1	93.1		1.5589
88.7	274		1.5593
182	562		1.5595
32.4	100		1.5597
61.9	191		1.5598
140	432		1.5598
9.76	30.1		1.56
30.9	95.3		1.56
64.9	200		1.5603
147	453		1.5603
54.9	169		1.5607
3.32	10.2		1.5614
10.2	30.9		1.5669
20	60.4		1.5681
30.1	90.9		1.5681
301	909		1.5681
210	634		1.5682
1.1	3.32		1.5683
121	365		1.5685
90.9	274		1.5688
60.4	182		1.5689
30.9	93.1		1.569
24.9	75.0		1.5691
33.2	100		1.5691
332	1000		1.5691
78.7	237		1.5692
100	301		1.5694
5.62	16.9		1.5697
10.2	30.1		1.5772
54.9	162		1.5772
30.1	88.7		1.5777
237	698		1.578
64.9	191		1.5783
93.1	274		1.5783
140	412		1.5783
30.9	90.9		1.5784
191	562		1.5784
32.4	95.3		1.5785
61.9	182		1.5786
3.32	9.76		1.5787
43.2	127		1.5787
147	432		1.5788
22.1	64.9		1.5791
162	475		1.5798
301	866		1.5874
95.3	274		1.5877
127	365		1.5879
32.4	93.1		1.588
30.9	88.7		1.5884
33.2	95.3		1.5884
11.8	33.2		1.5967
107	301		1.5968
52.3	147		1.5971
169	475		1.5971
200	562		1.5972
30.1	84.5		1.5976
15.4	43.2		1.5979
32.4	90.9		1.5979
84.5	237		1.598
33.2	93.1		1.5981
64.9	182		1.5981
147	412		1.5983
274	768		1.5983
22.1	61.9		1.5986
43.2	121		1.5986
75.0	210		1.5987
60.4	169		1.599
162	453		1.5993
11.8	32.4		1.607
20	54.9		1.6071
121	332		1.6073
1	2.74		1.6079
5.62	15.4		1.6079
100	274		1.6079
365	1000		1.608
23.7	64.9		1.6082
33.2	90.9		1.6082
332	909		1.6082
32.4	88.7		1.6083
30.9	84.5		1.6088
22.1	60.4		1.609
61.9	169		1.6095
60.4	162		1.6172
169	453		1.6175
54.9	147		1.6179
52.3	140		1.6181
210	562		1.6182
237	634		1.6184
33.2	88.7		1.6189
88.7	237		1.6189
78.7	210		1.6195
75.0	200		1.6197
162	432		1.6197
11.8	30.9		1.6279
61.9	162		1.6281
20	52.3		1.6285
30.1	78.7		1.6285
127	332		1.6286
23.7	61.9		1.629
182	475		1.6294
332	866		1.6296
32.4	84.5		1.6297
90.9	237		1.6298
140	365		1.6298
24.9	64.9		1.63
64.9	169		1.6304
1.07	2.74		1.638
107	274		1.638
16.9	43.2		1.6388
169	432		1.6388
9.76	24.9		1.6397
301	768		1.6397
11.8	30.1		1.6398
54.9	140		1.6399
23.7	60.4		1.6402
274	698		1.6404
30.9	78.7		1.6405
75.0	191		1.6406
33.2	84.5		1.6408
93.1	237		1.6408
162	412		1.6412
78.7	200		1.6415
64.9	162		1.6499
30.1	75.0		1.6508
1.1	2.74		1.6509
365	909		1.651
182	453		1.6513
121	301		1.6515
95.3	237		1.6517
191	475		1.6517
24.9	61.9		1.6519
84.5	210		1.652
22.1	54.9		1.6522
147	365		1.6524
43.2	107		1.6536
10.2	24.9		1.6606
169	412		1.6612
60.4	147		1.662
32.4	78.7		1.663
9.76	23.7		1.6631
52.3	127		1.6631
30.9	75.0		1.6633
412	1000		1.6633
75.0	182		1.6634
78.7	191		1.6634
24.9	60.4		1.6636
61.9	147		1.674
200	475		1.674
182	432		1.6743
365	866		1.6745
140	332		1.6747
191	453		1.6747
237	562		1.6748
33.2	78.7		1.6749
100	237		1.675
127	301		1.675
88.7	210		1.6756
84.5	200		1.6757
22.1	52.3		1.6758
10.2	23.7		1.685
301	698		1.686
60.4	140		1.6862
23.7	54.9		1.6865
32.4	75.0		1.6869
43.2	100		1.6869
432	1000		1.6869
274	634		1.6871
52.3	121		1.6872
54.9	127		1.6872
332	768		1.6872
78.7	182		1.6874
90.9	210		1.6879
64.9	147		1.6981
200	453		1.6981
9.76	22.1		1.6982
121	274		1.6982
182	412		1.6984
61.9	140		1.6988
191	432		1.6988
210	475		1.6988
84.5	191		1.6992
33.2	75.0		1.6995
147	332		1.6996
93.1	210		1.7002
88.7	200		1.7004
75.0	169		1.7008
162	365		1.7008
107	237		1.7098
1.5	3.32		1.7102
453	1000		1.7116
23.7	52.3		1.7118
412	909		1.7119
43.2	95.3		1.712
24.9	54.9		1.7123
54.9	121		1.7125
95.3	210		1.7126
90.9	200		1.7134
10.2	22.1		1.7217
20	43.2		1.7234
75.0	162		1.7234
169	365		1.7234
200	432		1.7234
127	274		1.724
64.9	140		1.7241
191	412		1.7241
210	453		1.7241
30.1	64.9		1.7243
15.4	33.2		1.7244
43.2	93.1		1.7246
84.5	182		1.7249
88.7	191		1.7251
140	301		1.7259
93.1	200		1.7264
78.7	169		1.7266
11.8	24.9		1.7362
301	634		1.7373
475	1000		1.7375
43.2	90.9		1.7378
432	909		1.7378
15.4	32.4		1.7379
365	768		1.7379
60.4	127		1.7382
332	698		1.7383
412	866		1.7384
90.9	191		1.7386
24.9	52.3		1.7388
30.9	64.9		1.7389
5.62	11.8		1.739
100	210		1.739
95.3	200		1.7393
1.6	3.32		1.7457
200	412		1.7498
78.7	162		1.7503
210	432		1.7506
30.1	61.9		1.7508
43.2	88.7		1.7517
88.7	182		1.7521
61.9	127		1.7522
93.1	191		1.7522
2.74	5.62		1.7523
274	562		1.7523
162	332		1.7528
9.76	20		1.7529
147	301		1.7533
52.3	107		1.7538
11.8	23.7		1.7645
30.1	60.4		1.765
15.4	30.9		1.7651
453	909		1.7651
182	365		1.7654
432	866		1.7656
95.3	191		1.7658
237	475		1.7658
30.9	61.9		1.766
60.4	121		1.766
32.4	64.9		1.7661
90.9	182		1.7664
84.5	169		1.767
100	200		1.767
16.9	33.2		1.7776
169	332		1.7776
107	210		1.7782
210	412		1.7784
10.2	20		1.7788
75.0	147		1.779
121	237		1.7794
140	274		1.7799
64.9	127		1.78
43.2	84.5		1.7802
22.1	43.2		1.7806
33.2	64.9		1.7806
61.9	121		1.7806
93.1	182		1.7806
15.4	30.1		1.7807
30.9	60.4		1.7807
54.9	107		1.7824
16.9	32.4		1.7925
84.5	162		1.7925
475	909		1.7936
365	698		1.794
52.3	100		1.7941
453	866		1.7942
237	453		1.7943
191	365		1.7944
32.4	61.9		1.7946
95.3	182		1.7948
100	191		1.7948
332	634		1.7949
88.7	169		1.7963
11.8	22.1		1.807
107	200		1.8082
78.7	147		1.8087
301	562		1.8089
75.0	140		1.8091
127	237		1.8092
1.78	3.32		1.8096
33.2	61.9		1.8098
64.9	121		1.8098
32.4	60.4		1.8099
412	768		1.8099
147	274		1.81
90.9	169		1.8116
162	301		1.812
16.9	30.9		1.8223
1.5	2.74		1.8229
88.7	162		1.823
200	365		1.8235
182	332		1.8238
30.1	54.9		1.8239
475	866		1.8241
23.7	43.2		1.8243
237	432		1.8243
52.3	95.3		1.8245
43.2	78.7		1.8246
54.9	100		1.8247
100	182		1.8253
33.2	60.4		1.8255
93.1	169		1.8269
5.62	10.2		1.8271
107	191		1.8379
90.9	162		1.839
16.9	30.1		1.8394
169	301		1.8394
1	1.78		1.8398
52.3	93.1		1.8398
562	1000		1.84
78.7	140		1.8402
432	768		1.8406
30.9	54.9		1.841
95.3	169		1.8423
60.4	107		1.843
93.1	162		1.855
84.5	147		1.8551
237	412		1.8556
191	332		1.8557
52.3	90.9		1.8558
210	365		1.8558
30.1	52.3		1.856
365	634		1.8562
5.62	9.76		1.8563
43.2	75.0		1.8565
54.9	95.3		1.8566
121	210		1.8568
24.9	43.2		1.857
274	475		1.8575
9.76	16.9		1.8583
61.9	107		1.8595
1.6	2.74		1.8659
107	182		1.8706
95.3	162		1.871
52.3	88.7		1.8726
54.9	93.1		1.8727
453	768		1.8728
11.8	20		1.873
32.4	54.9		1.8732
412	698		1.8733
75.0	127		1.8737
3.32	5.62		1.8739
140	237		1.8739
332	562		1.8739
30.9	52.3		1.874
162	274		1.8745
100	169		1.875
1.07	1.78		1.8861
20	33.2		1.8876
200	332		1.8876
88.7	147		1.8888
10.2	16.9		1.889
84.5	140		1.889
54.9	90.9		1.8895
60.4	100		1.8895
182	301		1.8903
33.2	54.9		1.8904
127	210		1.8904
274	453		1.8905
121	200		1.8907
64.9	107		1.8925
169	274		1.9046
20	32.4		1.9052
100	162		1.9052
1.1	1.78		1.906
562	909		1.9063
90.9	147		1.9064
15.4	24.9		1.9066
475	768		1.9066
52.3	84.5		1.9071
54.9	88.7		1.9071
432	698		1.9071
61.9	100		1.9072
32.4	52.3		1.9078
78.7	127		1.908
75.0	121		1.9082
147	237		1.9087
1	1.6		1.9143
210	332		1.9231
107	169		1.9238
93.1	147		1.9241
88.7	140		1.9243
121	191		1.9243
301	475		1.9245
9.76	15.4		1.9246
60.4	95.3		1.9246
634	1000		1.9249
274	432		1.9252
191	301		1.9255
33.2	52.3		1.9258
127	200		1.926
20	30.9		1.9405
95.3	147		1.9417
60.4	93.1		1.9422
64.9	100		1.9425
453	698		1.9425
562	866		1.9425
90.9	140		1.9429
237	365		1.9429
61.9	95.3		1.9431
365	562		1.9431
1.78	2.74		1.9433
54.9	84.5		1.9434
15.4	23.7		1.9435
412	634		1.9435
78.7	121		1.9442
107	162		1.9561
10.2	15.4		1.9582
182	274		1.9605
20	30.1		1.9607
60.4	90.9		1.9607
200	301		1.9607
301	453		1.9607
52.3	78.7		1.9608
61.9	93.1		1.9612
121	182		1.9612
127	191		1.9613
93.1	140		1.9614
274	412		1.9614
84.5	127		1.9618
43.2	64.9		1.9621
22.1	33.2		1.9622
1	1.5		1.9633
140	210		1.9633
1.07	1.6		1.9658
16.9	24.9		1.9775
100	147		1.9794
475	698		1.9796
95.3	140		1.9799
60.4	88.7		1.9802
61.9	90.9		1.9802
64.9	95.3		1.9802
432	634		1.9807
22.1	32.4		1.9815
162	237		1.9832
1.1	1.6		1.9879
30.1	43.2		1.9988
301	432		1.9988
15.4	22.1		1.9989
64.9	93.1		1.9992
191	274		1.9992
52.3	75.0		1.9995
634	909		1.9996
54.9	78.7		1.9998
210	301		1.9999
127	182		2.0
43.2	61.9		2.0001
61.9	88.7		2.0001
698	1000		2.0002
11.8	16.9		2.0005
84.5	121		2.0007
88.7	127		2.0007
332	475		2.0014
140	200		2.0026
147	210		2.0026
75.0	107		2.0037
16.9	23.7		2.018
169	237		2.018
1.07	1.5		2.0183
23.7	33.2		2.0189
237	332		2.0189
64.9	90.9		2.0191
100	140		2.0194
453	634		2.0197
60.4	84.5		2.02
22.1	30.9		2.0205
43.2	60.4		2.0205
30.9	43.2		2.0206
90.9	127		2.0212
121	169		2.0214
107	147		2.0355
200	274		2.0379
301	412		2.0386
23.7	32.4		2.0397
64.9	88.7		2.0399
562	768		2.04
54.9	75.0		2.0403
634	866		2.0404
61.9	84.5		2.0409
332	453		2.0413
88.7	121		2.0415
140	191		2.0415
93.1	127		2.0416
412	562		2.0416
1.1	1.5		2.0419
22.1	30.1		2.0429
147	200		2.0438
78.7	107		2.0444
121	162		2.0579
475	634		2.0606
24.9	33.2		2.0615
32.4	43.2		2.0615
75.0	100		2.0615
95.3	127		2.062
274	365		2.0623
90.9	121		2.063
127	169		2.0632
107	140		2.0783
16.9	22.1		2.0788
11.8	15.4		2.0806
210	274		2.0808
23.7	30.9		2.0815
60.4	78.7		2.0821
182	237		2.0826
698	909		2.0826
768	1000		2.0827
64.9	84.5		2.0828
365	475		2.0832
24.9	32.4		2.0833
33.2	43.2		2.0833
332	432		2.0833
432	562		2.0835
140	182		2.0842
93.1	121		2.0844
147	191		2.0846
15.4	20		2.0851
162	210		2.0867
127	162		2.1015
61.9	78.7		2.1045
43.2	54.9		2.105
75.0	95.3		2.1051
78.7	100		2.1051
23.7	30.1		2.1055
237	301		2.1055
100	127		2.1056
95.3	121		2.1058
84.5	107		2.1083
20	24.9		2.1242
169	210		2.126
562	698		2.1265
60.4	75.0		2.1267
75.0	93.1		2.127
365	453		2.1272
24.9	30.9		2.1273
52.3	64.9		2.1273
332	412		2.1273
191	237		2.1274
453	562		2.1275
698	866		2.1275
147	182		2.1295
162	200		2.1322
121	147		2.1476
64.9	78.7		2.1494
301	365		2.1494
75.0	90.9		2.1499
2.74	3.32		2.1502
61.9	75.0		2.1502
274	332		2.1502
634	768		2.1505
78.7	95.3		2.1508
43.2	52.3		2.151
100	121		2.1516
9.76	11.8		2.1523
24.9	30.1		2.1525
140	169		2.1539
88.7	107		2.1545
107	127		2.1705
1.5	1.78		2.1707
20	23.7		2.1721
200	237		2.1721
52.3	61.9		2.1733
365	432		2.1733
768	909		2.1733
16.9	20		2.1734
84.5	100		2.1734
169	200		2.1734
475	562		2.1736
78.7	93.1		2.1738
75.0	88.7		2.1741
54.9	64.9		2.1745
162	191		2.1771
90.9	107		2.1787
127	147		2.1957
140	162		2.196
121	140		2.1961
10.2	11.8		2.1963
237	274		2.1969
64.9	75.0		2.1974
78.7	90.9		2.1979
52.3	60.4		2.198
866	1000		2.1981
182	210		2.1989
412	475		2.1998
147	169		2.2027
93.1	107		2.203
107	121		2.2197
169	191		2.2203
365	412		2.2216
210	237		2.2218
562	634		2.2222
84.5	95.3		2.2225
768	866		2.2227
54.9	61.9		2.2228
88.7	100		2.2229
78.7	88.7		2.2232
22.1	24.9		2.2235
75.0	84.5		2.2236
162	182		2.2265
95.3	107		2.2272
1.6	1.78		2.2369
20	22.1		2.2441
30.1	33.2		2.246
301	332		2.246
127	140		2.2466
147	162		2.2469
84.5	93.1		2.2472
634	698		2.248
698	768		2.2486
54.9	60.4		2.2487
90.9	100		2.2488
909	1000		2.2488
1	1.1		2.2489
191	210		2.2494
412	453		2.2494
432	475		2.2494
332	365		2.2495
182	200		2.25
274	301		2.2503
15.4	16.9		2.2514
169	182		2.2719
30.1	32.4		2.2724
84.5	90.9		2.2731
60.4	64.9		2.2743
30.9	33.2		2.2744
88.7	95.3		2.2744
93.1	100		2.2747
78.7	84.5		2.2751
22.1	23.7		2.2765
1	1.07		2.2789
100	107		2.2789
1.5	1.6		2.2824
23.7	24.9		2.2992
140	147		2.2999
200	210		2.2999
52.3	54.9		2.3002
84.5	88.7		2.3002
88.7	93.1		2.3003
121	127		2.3003
866	909		2.3003
182	191		2.3005
75.0	78.7		2.3006
95.3	100		2.3006
432	453		2.3014
453	475		2.3014
30.9	32.4		2.3015
61.9	64.9		2.3015
412	432		2.3015
90.9	95.3		2.3016
191	200		2.303
9.76	10.2		2.3052
162	169		2.3072
1.07	1.1		2.3239
30.1	30.9		2.3255
60.4	61.9		2.3275
88.7	90.9		2.3275
32.4	33.2		2.3276
90.9	93.1		2.3282
93.1	95.3		2.3288
1	1		2.356
1.07	1.07		2.356
1.1	1.1		2.356
1.5	1.5		2.356
1.6	1.6		2.356
1.78	1.78		2.356
2.74	2.74		2.356
3.32	3.32		2.356
5.62	5.62		2.356
9.76	9.76		2.356
10.2	10.2		2.356
11.8	11.8		2.356
15.4	15.4		2.356
16.9	16.9		2.356
20	20		2.356
22.1	22.1		2.356
23.7	23.7		2.356
24.9	24.9		2.356
30.1	30.1		2.356
30.9	30.9		2.356
32.4	32.4		2.356
33.2	33.2		2.356
43.2	43.2		2.356
52.3	52.3		2.356
54.9	54.9		2.356
60.4	60.4		2.356
61.9	61.9		2.356
64.9	64.9		2.356
75.0	75.0		2.356
78.7	78.7		2.356
84.5	84.5		2.356
88.7	88.7		2.356
90.9	90.9		2.356
93.1	93.1		2.356
95.3	95.3		2.356
100	100		2.356
107	107		2.356
121	121		2.356
127	127		2.356
140	140		2.356
147	147		2.356
162	162		2.356
169	169		2.356
182	182		2.356
191	191		2.356
200	200		2.356
210	210		2.356
237	237		2.356
274	274		2.356
301	301		2.356
332	332		2.356
365	365		2.356
412	412		2.356
432	432		2.356
453	453		2.356
475	475		2.356
562	562		2.356
634	634		2.356
698	698		2.356
768	768		2.356
866	866		2.356
909	909		2.356
1000	1000		2.356
95.3	93.1		2.3838
93.1	90.9		2.3845
33.2	32.4		2.3851
90.9	88.7		2.3852
61.9	60.4		2.3853
30.9	30.1		2.3873
1.1	1.07		2.389
169	162		2.4069
10.2	9.76		2.4091
200	191		2.4115
95.3	90.9		2.413
64.9	61.9		2.4131
32.4	30.9		2.4132
432	412		2.4132
475	453		2.4132
453	432		2.4133
78.7	75.0		2.4141
100	95.3		2.4141
191	182		2.4143
93.1	88.7		2.4144
127	121		2.4144
909	866		2.4145
54.9	52.3		2.4146
88.7	84.5		2.4146
147	140		2.4149
210	200		2.4149
24.9	23.7		2.4156
1.6	1.5		2.4345
1.07	1		2.4385
107	100		2.4385
23.7	22.1		2.4413
84.5	78.7		2.4428
100	93.1		2.4433
33.2	30.9		2.4437
95.3	88.7		2.4437
64.9	60.4		2.4438
90.9	84.5		2.4452
32.4	30.1		2.446
182	169		2.4466
16.9	15.4		2.4707
301	274		2.4721
200	182		2.4725
365	332		2.4731
210	191		2.4732
453	412		2.4732
475	432		2.4733
1.1	1		2.4738
100	90.9		2.4739
1000	909		2.4739
60.4	54.9		2.474
768	698		2.4741
698	634		2.4749
93.1	84.5		2.4759
162	147		2.4762
140	127		2.4766
33.2	30.1		2.4773
332	301		2.4773
22.1	20		2.4797
1.78	1.6		2.4885
107	95.3		2.5006
182	162		2.5014
24.9	22.1		2.5052
84.5	75.0		2.5052
88.7	78.7		2.5057
100	88.7		2.5061
61.9	54.9		2.5062
866	768		2.5063
95.3	84.5		2.5066
634	562		2.5069
237	210		2.5075
412	365		2.5077
191	169		2.5093
121	107		2.5101
107	93.1		2.5319
169	147		2.5323
475	412		2.5361
210	182		2.5372
1000	866		2.5383
60.4	52.3		2.5384
90.9	78.7		2.5386
75.0	64.9		2.5393
274	237		2.5399
11.8	10.2		2.5408
140	121		2.541
162	140		2.5411
147	127		2.5415
107	90.9		2.5646
191	162		2.5669
64.9	54.9		2.5706
88.7	75.0		2.5712
93.1	78.7		2.5715
562	475		2.5718
20	16.9		2.5721
100	84.5		2.5721
200	169		2.5721
61.9	52.3		2.5722
432	365		2.5722
909	768		2.5723
23.7	20		2.5739
237	200		2.5739
1.78	1.5		2.5759
127	107		2.5762
107	88.7		2.599
169	140		2.6
30.1	24.9		2.602
11.8	9.76		2.6022
121	100		2.6034
52.3	43.2		2.6041
95.3	78.7		2.6045
768	634		2.605
75.0	61.9		2.6053
3.32	2.74		2.6054
332	274		2.6054
90.9	75.0		2.6057
78.7	64.9		2.6065
365	301		2.6065
147	121		2.6091
200	162		2.6323
182	147		2.6365
562	453		2.6394
866	698		2.6395
237	191		2.6397
64.9	52.3		2.6398
30.9	24.9		2.6399
412	332		2.6399
453	365		2.64
93.1	75.0		2.6403
75.0	60.4		2.6407
698	562		2.6411
210	169		2.6418
24.9	20		2.6446
107	84.5		2.6697
121	95.3		2.6737
30.1	23.7		2.6741
127	100		2.6741
301	237		2.6741
95.3	75.0		2.6748
100	78.7		2.6748
54.9	43.2		2.675
78.7	61.9		2.6757
162	127		2.6806
210	162		2.705
20	15.4		2.7079
191	147		2.7086
121	93.1		2.709
182	140		2.7094
562	432		2.7105
32.4	24.9		2.7108
43.2	33.2		2.7108
432	332		2.7108
475	365		2.711
84.5	64.9		2.7118
1000	768		2.7119
237	182		2.712
909	698		2.7121
78.7	60.4		2.7129
30.9	23.7		2.7139
274	210		2.715
15.4	11.8		2.7154
22.1	16.9		2.7185
140	107		2.7193
169	127		2.7456
121	90.9		2.7461
365	274		2.7472
127	95.3		2.7478
33.2	24.9		2.7487
43.2	32.4		2.7487
100	75.0		2.7487
634	475		2.7503
162	121		2.7552
107	78.7		2.7796
200	147		2.7807
30.1	22.1		2.7824
1.5	1.1		2.7844
127	93.1		2.7849
562	412		2.7849
121	88.7		2.785
191	140		2.7851
453	332		2.7853
84.5	61.9		2.7861
866	634		2.7871
75.0	54.9		2.7873
768	562		2.7878
88.7	64.9		2.788
32.4	23.7		2.7884
412	301		2.7904
274	200		2.7919
147	107		2.7964
169	121		2.8233
127	90.9		2.8238
43.2	30.9		2.8249
60.4	43.2		2.825
30.9	22.1		2.8251
84.5	60.4		2.826
634	453		2.8267
140	100		2.8272
90.9	64.9		2.8279
33.2	23.7		2.8282
332	237		2.8282
1.5	1.07		2.8294
23.7	16.9		2.83
237	169		2.83
107	75.0		2.8586
200	140		2.8609
210	147		2.8609
475	332		2.8634
127	88.7		2.8647
121	84.5		2.8648
16.9	11.8		2.8651
1000	698		2.8657
61.9	43.2		2.8659
88.7	61.9		2.866
182	127		2.8662
301	210		2.8665
78.7	54.9		2.8667
909	634		2.867
75.0	52.3		2.8673
93.1	64.9		2.8679
274	191		2.8679
22.1	15.4		2.8685
43.2	30.1		2.8687
432	301		2.8687
1.6	1.1		2.8915
237	162		2.9014
32.4	22.1		2.905
634	432		2.9068
95.3	64.9		2.9078
88.7	60.4		2.9079
90.9	61.9		2.9079
140	95.3		2.9085
698	475		2.909
147	100		2.9097
24.9	16.9		2.9136
1.6	1.07		2.9395
1.5	1		2.945
210	140		2.945
33.2	22.1		2.9477
64.9	43.2		2.9477
127	84.5		2.9485
412	274		2.9493
140	93.1		2.9494
191	127		2.9496
93.1	61.9		2.9498
182	121		2.9499
78.7	52.3		2.9506
30.1	20		2.9509
90.9	60.4		2.9509
301	200		2.9509
453	301		2.9509
274	182		2.9515
15.4	10.2		2.9565
162	107		2.9615
121	78.7		2.9892
634	412		2.9907
23.7	15.4		2.9909
84.5	54.9		2.9911
2.74	1.78		2.9913
95.3	61.9		2.9916
562	365		2.9918
365	237		2.9922
140	90.9		2.9923
100	64.9		2.9931
698	453		2.9931
866	562		2.9932
93.1	60.4		2.9938
147	95.3		2.9951
30.9	20		2.998
200	127		3.0331
52.3	33.2		3.0337
301	191		3.0344
432	274		3.0353
1000	634		3.036
15.4	9.76		3.0367
95.3	60.4		3.0367
475	301		3.037
140	88.7		3.0373
191	121		3.0375
147	93.1		3.038
169	107		3.0386
332	210		3.0404
1.6	1		3.0628
237	147		3.0772
121	75.0		3.0785
127	78.7		3.079
52.3	32.4		3.0795
100	61.9		3.0811
84.5	52.3		3.0813
88.7	54.9		3.0813
698	432		3.0813
768	475		3.0826
24.9	15.4		3.0827
147	90.9		3.083
909	562		3.0833
1.78	1.1		3.0842
32.4	20		3.0864
162	100		3.0864
274	169		3.0879
107	64.9		3.1202
200	121		3.1251
453	274		3.1256
210	127		3.1259
54.9	33.2		3.126
301	182		3.1262
100	60.4		3.1283
90.9	54.9		3.1285
140	84.5		3.1297
16.9	10.2		3.1298
147	88.7		3.1303
33.2	20		3.1335
332	200		3.1335
1.78	1.07		3.1377
169	100		3.1688
274	162		3.1704
52.3	30.9		3.1718
5.62	3.32		3.1721
562	332		3.1721
237	140		3.1722
127	75.0		3.1727
698	412		3.1737
54.9	32.4		3.1741
20	11.8		3.1746
768	453		3.1751
93.1	54.9		3.1757
88.7	52.3		3.1759
162	95.3		3.1805
182	107		3.1817
2.74	1.6		3.1953
107	61.9		3.2143
16.9	9.76		3.2178
475	274		3.2202
43.2	24.9		3.2218
210	121		3.2225
95.3	54.9		3.2229
75.0	43.2		3.2231
9.76	5.62		3.2238
634	365		3.2242
52.3	30.1		3.2248
90.9	52.3		3.2254
365	210		3.2255
332	191		3.2256
412	237		3.2258
147	84.5		3.2273
162	93.1		3.2278
107	60.4		3.2649
169	95.3		3.267
54.9	30.9		3.271
768	432		3.2722
140	78.7		3.2736
1000	562		3.2741
1.78	1		3.2748
93.1	52.3		3.275
30.1	16.9		3.2761
301	169		3.2761
162	90.9		3.2774
191	107		3.2808
10.2	5.62		3.316
169	93.1		3.3164
60.4	33.2		3.3211
182	100		3.322
100	54.9		3.3237
78.7	43.2		3.324
95.3	52.3		3.3245
43.2	23.7		3.3252
432	237		3.3252
866	475		3.3257
54.9	30.1		3.3266
332	182		3.3269
365	200		3.3279
162	88.7		3.3295
2.74	1.5		3.3298
30.9	16.9		3.3319
301	162		3.3668
169	90.9		3.3681
274	147		3.3737
768	412		3.3739
60.4	32.4		3.374
61.9	33.2		3.3743
121	64.9		3.3743
3.32	1.78		3.3752
237	127		3.3763
140	75.0		3.3769
562	301		3.3775
147	78.7		3.3783
200	107		3.3799
22.1	11.8		3.3843
169	88.7		3.4224
634	332		3.4276
182	95.3		3.4277
191	100		3.428
61.9	32.4		3.4286
365	191		3.4292
453	237		3.4296
866	453		3.43
100	52.3		3.4304
698	365		3.4307
909	475		3.4323
32.4	16.9		3.4364
162	84.5		3.4364
107	54.9		3.4739
30.1	15.4		3.4805
60.4	30.9		3.4806
43.2	22.1		3.4807
121	61.9		3.4807
64.9	33.2		3.4808
182	93.1		3.4809
84.5	43.2		3.4822
127	64.9		3.4832
274	140		3.4835
237	121		3.4853
147	75.0		3.4869
20	10.2		3.4878
412	210		3.4891
210	107		3.49
33.2	16.9		3.4922
332	169		3.4922
169	84.5		3.534
200	100		3.534
182	90.9		3.5366
64.9	32.4		3.5376
61.9	30.9		3.5378
121	60.4		3.5379
191	95.3		3.5389
475	237		3.539
866	432		3.5395
365	182		3.5405
30.9	15.4		3.5416
60.4	30.1		3.5418
909	453		3.5418
23.7	11.8		3.544
107	52.3		3.5881
301	147		3.5901
20	9.76		3.5919
332	162		3.5922
5.62	2.74		3.5942
562	274		3.5942
191	93.1		3.5947
127	61.9		3.5949
182	88.7		3.5951
88.7	43.2		3.5967
61.9	30.1		3.6005
432	210		3.6013
162	78.7		3.6029
412	200		3.6047
3.32	1.6		3.6223
200	95.3		3.6502
11.8	5.62		3.6514
210	100		3.6518
64.9	30.9		3.6522
52.3	24.9		3.6523
191	90.9		3.6532
866	412		3.6541
698	332		3.6546
127	60.4		3.6549
32.4	15.4		3.6564
768	365		3.6566
90.9	43.2		3.6567
909	432		3.6567
1000	475		3.658
634	301		3.6592
24.9	11.8		3.6638
169	78.7		3.7076
200	93.1		3.7086
301	140		3.7107
191	88.7		3.7146
182	84.5		3.7152
93.1	43.2		3.7167
33.2	15.4		3.7176
64.9	30.1		3.7179
412	191		3.719
140	64.9		3.7191
453	210		3.7191
274	127		3.7195
365	169		3.7222
43.2	20		3.7225
162	75.0		3.7225
432	200		3.7225
22.1	10.2		3.7303
200	90.9		3.7699
210	95.3		3.7738
121	54.9		3.7743
54.9	24.9		3.7753
95.3	43.2		3.7767
909	412		3.777
52.3	23.7		3.7776
1000	453		3.7784
3.32	1.5		3.7853
237	107		3.7872
365	162		3.8321
169	75.0		3.8324
200	88.7		3.8341
210	93.1		3.8351
332	147		3.8385
75.0	33.2		3.8391
191	84.5		3.8407
140	61.9		3.8423
432	191		3.8424
475	210		3.8425
412	182		3.8447
22.1	9.76		3.8454
274	121		3.8455
147	64.9		3.8462
453	200		3.8462
210	90.9		3.8995
182	78.7		3.9022
768	332		3.903
127	54.9		3.9031
121	52.3		3.9034
634	274		3.9037
75.0	32.4		3.9049
100	43.2		3.9049
1000	432		3.9049
54.9	23.7		3.9068
140	60.4		3.9085
698	301		3.9097
23.7	10.2		3.9151
52.3	22.1		3.9658
200	84.5		3.9662
210	88.7		3.967
237	100		3.9699
301	127		3.97
78.7	33.2		3.9704
562	237		3.9714
332	140		3.9715
453	191		3.9719
866	365		3.9729
432	182		3.9741
147	61.9		3.9755
475	200		3.9757
60.4	24.9		4.0355
182	75.0		4.0366
191	78.7		4.0369
75.0	30.9		4.0372
1000	412		4.0372
23.7	9.76		4.0385
127	52.3		4.0385
78.7	32.4		4.0394
147	60.4		4.045
412	169		4.0498
24.9	10.2		4.0537
107	43.2		4.0957
365	147		4.103
54.9	22.1		4.1043
210	84.5		4.1056
61.9	24.9		4.1064
237	95.3		4.1075
475	191		4.1076
301	121		4.1084
453	182		4.1101
909	365		4.1117
2.74	1.1		4.1123
75.0	30.1		4.1132
162	64.9		4.1185
200	78.7		4.1716
412	162		4.1739
84.5	33.2		4.1762
237	93.1		4.1768
191	75.0		4.178
78.7	30.9		4.1783
698	274		4.1789
60.4	23.7		4.1802
140	54.9		4.182
30.1	11.8		4.1829
24.9	9.76		4.1833
768	301		4.1837
43.2	16.9		4.1892
432	169		4.1892
2.74	1.07		4.1946
274	107		4.1946
169	64.9		4.2455
64.9	24.9		4.2484
365	140		4.2492
237	90.9		4.2494
84.5	32.4		4.2503
866	332		4.2507
475	182		4.2525
61.9	23.7		4.2547
332	127		4.2575
78.7	30.1		4.258
52.3	20		4.2585
162	61.9		4.261
30.9	11.8		4.2628
200	75.0		4.3193
432	162		4.3193
210	78.7		4.3213
88.7	33.2		4.3252
237	88.7		4.3255
634	237		4.3293
562	210		4.3306
140	52.3		4.3313
147	54.9		4.3322
453	169		4.3356
162	60.4		4.3375
169	61.9		4.3942
60.4	22.1		4.3975
84.5	30.9		4.3994
88.7	32.4		4.403
90.9	33.2		4.4033
909	332		4.4033
64.9	23.7		4.4038
1000	365		4.4054
2.74	1		4.4057
274	100		4.4057
15.4	5.62		4.406
332	121		4.4102
54.9	20		4.4116
32.4	11.8		4.4125
453	162		4.472
169	60.4		4.4741
210	75.0		4.4764
61.9	22.1		4.4775
121	43.2		4.4775
412	147		4.4796
768	274		4.4798
93.1	33.2		4.4814
182	64.9		4.4815
237	84.5		4.482
43.2	15.4		4.4825
90.9	32.4		4.4829
84.5	30.1		4.485
562	200		4.4882
475	169		4.4889
147	52.3		4.489
301	107		4.4918
33.2	11.8		4.4924
95.3	33.2		4.5594
88.7	30.9		4.5595
93.1	32.4		4.5629
365	127		4.5636
274	95.3		4.5649
866	301		4.5672
475	162		4.632
64.9	22.1		4.6374
432	147		4.6399
9.76	3.32		4.641
127	43.2		4.6411
182	61.9		4.6416
95.3	32.4		4.6429
90.9	30.9		4.6434
562	191		4.6442
412	140		4.6447
191	64.9		4.6448
274	93.1		4.6449
698	237		4.6474
88.7	30.1		4.6494
162	54.9		4.6541
30.1	10.2		4.6543
16.9	5.62		4.7204
301	100		4.7238
237	78.7		4.7255
75.0	24.9		4.7262
100	33.2		4.7262
1000	332		4.7262
93.1	30.9		4.7272
182	60.4		4.7276
274	90.9		4.7288
365	121		4.7315
3.32	1.1		4.7334
634	210		4.7344
90.9	30.1		4.7355
909	301		4.7355
60.4	20		4.7356
30.9	10.2		4.7466
10.2	3.32		4.7972
169	54.9		4.8043
200	64.9		4.8082
453	147		4.8082
30.1	9.76		4.811
95.3	30.9		4.8111
191	61.9		4.8129
432	140		4.813
100	32.4		4.8138
562	182		4.8156
274	88.7		4.8169
93.1	30.1		4.8216
52.3	16.9		4.8235
61.9	20		4.8239
162	52.3		4.8269
3.32	1.07		4.8331
332	107		4.8331
5.62	1.78		4.8973
301	95.3		4.8987
237	75.0		4.9005
78.7	24.9		4.9012
866	274		4.9012
191	60.4		4.9031
75.0	23.7		4.9058
30.9	9.76		4.9075
95.3	30.1		4.9077
634	200		4.9123
32.4	10.2		4.9199
107	33.2		4.9746
200	61.9		4.9841
169	52.3		4.9845
475	147		4.9845
301	93.1		4.9866
210	64.9		4.9897
453	140		4.9897
100	30.9		4.9903
768	237		4.9953
140	43.2		4.9956
274	84.5		4.9978
412	127		4.9995
64.9	20		5.0006
54.9	16.9		5.0048
33.2	10.2		5.0123
107	32.4		5.0683
200	60.4		5.0787
301	90.9		5.0787
182	54.9		5.0832
909	274		5.086
634	191		5.0882
32.4	9.76		5.0886
3.32	1		5.089
332	100		5.089
78.7	23.7		5.0898
100	30.1		5.0916
1000	301		5.0916
698	210		5.0934
562	169		5.0954
210	61.9		5.1744
475	140		5.1748
301	88.7		5.1755
84.5	24.9		5.1756
75.0	22.1		5.1757
52.3	15.4		5.1786
33.2	9.76		5.1851
432	127		5.1851
147	43.2		5.1865
412	121		5.189
365	107		5.1964
107	30.9		5.2572
562	162		5.2646
210	60.4		5.2737
191	54.9		5.2763
182	52.3		5.2773
274	78.7		5.2793
634	182		5.2816
332	95.3		5.2818
698	200		5.2892
5.62	1.6		5.3157
11.8	3.32		5.3649
107	30.1		5.3656
20	5.62		5.3702
78.7	22.1		5.373
9.76	2.74		5.3741
301	84.5		5.3742
88.7	24.9		5.3743
54.9	15.4		5.3775
84.5	23.7		5.378
332	93.1		5.3788
453	127		5.3798
432	121		5.3838
60.4	16.9		5.3881
200	54.9		5.4694
121	33.2		5.4713
1000	274		5.4773
365	100		5.4777
90.9	24.9		5.4784
237	64.9		5.4798
191	52.3		5.4801
332	90.9		5.4805
274	75.0		5.4816
866	237		5.4824
698	191		5.4829
768	210		5.4861
43.2	11.8		5.4907
61.9	16.9		5.4927
10.2	2.74		5.5633
121	32.4		5.5773
93.1	24.9		5.5825
475	127		5.5839
88.7	23.7		5.5868
332	88.7		5.5872
453	121		5.5882
5.62	1.5		5.5916
75.0	20		5.5955
162	43.2		5.5955
634	169		5.5972
562	147		5.6816
84.5	22.1		5.6821
200	52.3		5.6828
301	78.7		5.6834
210	54.9		5.684
127	33.2		5.6842
95.3	24.9		5.6866
237	61.9		5.6883
365	95.3		5.6898
698	182		5.6958
90.9	23.7		5.6962
909	237		5.6962
768	200		5.7015
64.9	16.9		5.7018
412	107		5.7139
169	43.2		5.7864
634	162		5.7882
121	30.9		5.7909
127	32.4		5.7955
365	93.1		5.7964
60.4	15.4		5.7982
237	60.4		5.8003
475	121		5.8024
93.1	23.7		5.8055
332	84.5		5.8064
22.1	5.62		5.8103
78.7	20		5.8134
301	75.0		5.9057
88.7	22.1		5.906
562	140		5.9068
210	52.3		5.908
365	90.9		5.9081
100	24.9		5.9089
61.9	15.4		5.9129
121	30.1		5.9135
768	191		5.9147
95.3	23.7		5.9149
432	107		5.934
127	30.9		6.0196
90.9	22.1		6.0233
365	88.7		6.0255
412	100		6.0314
866	210		6.0358
698	169		6.0433
93.1	22.1		6.1405
182	43.2		6.1409
64.9	15.4		6.1424
140	33.2		6.1455
23.7	5.62		6.1457
332	78.7		6.1475
127	30.1		6.1483
100	23.7		6.1485
1000	237		6.1485
768	182		6.1489
274	64.9		6.1514
84.5	20		6.155
453	107		6.1652
43.2	10.2		6.1672
107	24.9		6.2401
11.8	2.74		6.2511
698	162		6.2536
95.3	22.1		6.2578
634	147		6.2586
237	54.9		6.2634
365	84.5		6.2664
432	100		6.267
140	32.4		6.2681
412	95.3		6.2707
909	210		6.2771
866	200		6.2787
191	43.2		6.3863
562	127		6.3909
412	93.1		6.3911
43.2	9.76		6.3921
274	61.9		6.3924
332	75.0		6.3926
147	33.2		6.3938
24.9	5.62		6.3973
52.3	11.8		6.3991
88.7	20		6.4024
75.0	16.9		6.4058
475	107		6.4074
107	23.7		6.4964
100	22.1		6.5083
634	140		6.5127
453	100		6.5143
140	30.9		6.5152
237	52.3		6.5162
412	90.9		6.5172
432	95.3		6.5179
866	191		6.5191
274	60.4		6.5219
147	32.4		6.5226
768	169		6.5313
90.9	20		6.532
909	200		6.532
200	43.2		6.6317
365	78.7		6.6414
301	64.9		6.6415
15.4	3.32		6.6422
432	93.1		6.6441
562	121		6.6494
412	88.7		6.6497
140	30.1		6.6571
54.9	11.8		6.6587
93.1	20		6.6616
78.7	16.9		6.6637
768	162		6.7626
698	147		6.7715
475	100		6.7735
432	90.9		6.7764
453	95.3		6.7775
147	30.9		6.7821
866	182		6.7832
909	191		6.7843
1000	210		6.7875
95.3	20		6.7912
107	22.1		6.8814
121	24.9		6.9024
210	43.2		6.9044
301	61.9		6.9062
453	93.1		6.9098
365	75.0		6.9109
75.0	15.4		6.915
432	88.7		6.9153
412	84.5		6.9216
162	33.2		6.9261
147	30.1		6.931
301	60.4		7.0485
453	90.9		7.0486
475	95.3		7.0495
698	140		7.0512
274	54.9		7.0573
634	127		7.0587
909	182		7.0615
84.5	16.9		7.068
100	20		7.068
162	32.4		7.068
1000	200		7.068
16.9	3.32		7.1744
169	33.2		7.1744
127	24.9		7.1863
475	93.1		7.1882
121	23.7		7.1923
453	88.7		7.1942
5.62	1.1		7.1965
78.7	15.4		7.198
432	84.5		7.2004
332	64.9		7.2041
60.4	11.8		7.2078
866	169		7.2144
52.3	10.2		7.2181
169	32.4		7.3225
768	147		7.3324
475	90.9		7.3337
412	78.7		7.3449
1000	191		7.3455
274	52.3		7.3495
634	121		7.3503
162	30.9		7.3539
61.9	11.8		7.3575
88.7	16.9		7.3608
5.62	1.07		7.3653
562	107		7.3653
866	162		7.4752
107	20		7.4803
475	88.7		7.4863
30.1	5.62		7.4872
52.3	9.76		7.4904
127	23.7		7.4905
453	84.5		7.4932
332	61.9		7.4962
90.9	16.9		7.5141
909	169		7.5141
162	30.1		7.5181
54.9	10.2		7.5184
169	30.9		7.6208
121	22.1		7.6277
182	33.2		7.6357
301	54.9		7.6366
9.76	1.78		7.6371
768	140		7.6402
237	43.2		7.6406
84.5	15.4		7.6417
432	78.7		7.6443
412	75.0		7.6491
1000	182		7.6505
698	127		7.6524
332	60.4		7.6531
30.9	5.62		7.6549
64.9	11.8		7.657
93.1	16.9		7.6675
909	162		7.7879
169	30.1		7.792
182	32.4		7.7952
5.62	1		7.7984
562	100		7.7984
15.4	2.74		7.7989
475	84.5		7.7999
140	24.9		7.8013
365	64.9		7.8031
54.9	9.76		7.8042
95.3	16.9		7.8208
10.2	1.78		7.9283
127	22.1		7.9475
191	33.2		7.955
301	52.3		7.9577
453	78.7		7.9586
88.7	15.4		7.963
432	75.0		7.9633
32.4	5.62		7.9693
698	121		7.9734
182	30.9		8.1164
866	147		8.1178
191	32.4		8.1224
365	61.9		8.1242
562	95.3		8.1249
90.9	15.4		8.1313
147	24.9		8.1325
140	23.7		8.1366
33.2	5.62		8.137
100	16.9		8.1484
1000	169		8.1484
60.4	10.2		8.1536
634	107		8.1579
20	3.32		8.2744
200	33.2		8.2744
475	78.7		8.2879
562	93.1		8.289
453	75.0		8.2931
365	60.4		8.2967
93.1	15.4		8.2995
182	30.1		8.3008
768	127		8.3017
332	54.9		8.3018
121	20		8.3049
61.9	10.2		8.3268
9.76	1.6		8.3638
16.9	2.74		8.4438
200	32.4		8.4496
1000	162		8.4496
191	30.9		8.4595
562	90.9		8.4611
909	147		8.4624
866	140		8.4648
95.3	15.4		8.4678
60.4	9.76		8.4681
147	23.7		8.4846
210	33.2		8.6292
107	16.9		8.6363
475	75.0		8.6387
140	22.1		8.6404
562	88.7		8.6418
634	100		8.6465
61.9	9.76		8.6491
274	43.2		8.6496
191	30.1		8.653
768	121		8.6549
332	52.3		8.6559
412	64.9		8.6562
127	20		8.6583
75.0	11.8		8.6653
64.9	10.2		8.6733
10.2	1.6		8.6877
200	30.9		8.8026
210	32.4		8.8132
909	140		8.8266
100	15.4		8.8274
162	24.9		8.8421
9.76	1.5		8.8429
698	107		8.8625
11.8	1.78		8.9872
200	30.1		9.0052
365	54.9		9.0099
64.9	9.76		9.0112
562	84.5		9.0127
147	22.1		9.0136
634	95.3		9.0149
412	61.9		9.0186
432	64.9		9.0192
22.1	3.32		9.0195
78.7	11.8		9.0347
169	24.9		9.1733
210	30.9		9.1838
10.2	1.5		9.1884
1000	147		9.1916
634	93.1		9.2
866	127		9.2107
412	60.4		9.2134
162	23.7		9.2302
107	15.4		9.3628
301	43.2		9.3858
634	90.9		9.3942
210	30.1		9.3966
365	52.3		9.3992
432	61.9		9.3993
453	64.9		9.4004
698	100		9.4004
140	20		9.424
169	23.7		9.5781
23.7	3.32		9.5872
237	33.2		9.5872
562	78.7		9.5901
1000	140		9.5923
634	88.7		9.598
432	60.4		9.6034
866	121		9.609
909	127		9.6095
121	16.9		9.6122
84.5	11.8		9.6137
768	107		9.6332
20	2.74		9.7765
182	24.9		9.7883
237	32.4		9.7949
453	61.9		9.7989
475	64.9		9.7997
698	95.3		9.806
162	22.1		9.8131
147	20		9.8363
75.0	10.2		9.8398
11.8	1.6		9.8658
562	75.0		10.005
698	93.1		10.01
24.9	3.32		10.013
453	60.4		10.013
634	84.5		10.016
412	54.9		10.018
909	121		10.028
127	16.9		10.03
88.7	11.8		10.033
