Power Supplies: LT8610
 FB Resistor Network:
  R1 = R2 ( Vout/0.8 - 1)

R1; R2(connect to gnd);    Vout
1	20		0.8
1	100		0.8
1	107		0.8
1	115		0.8
1	121		0.8
1	127		0.8
1	130		0.8
1	140		0.8
1	147		0.8
1	162		0.8
1	169		0.8
1	182		0.8
1	191		0.8
1	200		0.8
1	210		0.8
1	274		0.8
1	332		0.8
1	365		0.8
1	562		0.8
1	768		0.8
1	909		0.8
20	100		0.8
20	107		0.8
20	115		0.8
20	121		0.8
20	127		0.8
20	130		0.8
20	140		0.8
20	147		0.8
20	162		0.8
20	169		0.8
20	182		0.8
20	191		0.8
20	200		0.8
20	210		0.8
20	274		0.8
20	332		0.8
20	365		0.8
20	562		0.8
20	768		0.8
20	909		0.8
100	107		0.8
100	115		0.8
100	121		0.8
100	127		0.8
100	130		0.8
100	140		0.8
100	147		0.8
100	162		0.8
100	169		0.8
100	182		0.8
100	191		0.8
100	200		0.8
100	210		0.8
100	274		0.8
100	332		0.8
100	365		0.8
100	562		0.8
100	768		0.8
100	909		0.8
107	115		0.8
107	121		0.8
107	127		0.8
107	130		0.8
107	140		0.8
107	147		0.8
107	162		0.8
107	169		0.8
107	182		0.8
107	191		0.8
107	200		0.8
107	210		0.8
107	274		0.8
107	332		0.8
107	365		0.8
107	562		0.8
107	768		0.8
107	909		0.8
115	121		0.8
115	127		0.8
115	130		0.8
115	140		0.8
115	147		0.8
115	162		0.8
115	169		0.8
115	182		0.8
115	191		0.8
115	200		0.8
115	210		0.8
115	274		0.8
115	332		0.8
115	365		0.8
115	562		0.8
115	768		0.8
115	909		0.8
121	127		0.8
121	130		0.8
121	140		0.8
121	147		0.8
121	162		0.8
121	169		0.8
121	182		0.8
121	191		0.8
121	200		0.8
121	210		0.8
121	274		0.8
121	332		0.8
121	365		0.8
121	562		0.8
121	768		0.8
121	909		0.8
127	130		0.8
127	140		0.8
127	147		0.8
127	162		0.8
127	169		0.8
127	182		0.8
127	191		0.8
127	200		0.8
127	210		0.8
127	274		0.8
127	332		0.8
127	365		0.8
127	562		0.8
127	768		0.8
127	909		0.8
130	140		0.8
130	147		0.8
130	162		0.8
130	169		0.8
130	182		0.8
130	191		0.8
130	200		0.8
130	210		0.8
130	274		0.8
130	332		0.8
130	365		0.8
130	562		0.8
130	768		0.8
130	909		0.8
140	147		0.8
140	162		0.8
140	169		0.8
140	182		0.8
140	191		0.8
140	200		0.8
140	210		0.8
140	274		0.8
140	332		0.8
140	365		0.8
140	562		0.8
140	768		0.8
140	909		0.8
147	162		0.8
147	169		0.8
147	182		0.8
147	191		0.8
147	200		0.8
147	210		0.8
147	274		0.8
147	332		0.8
147	365		0.8
147	562		0.8
147	768		0.8
147	909		0.8
162	169		0.8
162	182		0.8
162	191		0.8
162	200		0.8
162	210		0.8
162	274		0.8
162	332		0.8
162	365		0.8
162	562		0.8
162	768		0.8
162	909		0.8
169	182		0.8
169	191		0.8
169	200		0.8
169	210		0.8
169	274		0.8
169	332		0.8
169	365		0.8
169	562		0.8
169	768		0.8
169	909		0.8
182	191		0.8
182	200		0.8
182	210		0.8
182	274		0.8
182	332		0.8
182	365		0.8
182	562		0.8
182	768		0.8
182	909		0.8
191	200		0.8
191	210		0.8
191	274		0.8
191	332		0.8
191	365		0.8
191	562		0.8
191	768		0.8
191	909		0.8
200	210		0.8
200	274		0.8
200	332		0.8
200	365		0.8
200	562		0.8
200	768		0.8
200	909		0.8
210	274		0.8
210	332		0.8
210	365		0.8
210	562		0.8
210	768		0.8
210	909		0.8
274	332		0.8
274	365		0.8
274	562		0.8
274	768		0.8
274	909		0.8
332	365		0.8
332	562		0.8
332	768		0.8
332	909		0.8
365	562		0.8
365	768		0.8
365	909		0.8
562	768		0.8
562	909		0.8
768	909		0.8
1.07	909		0.800941694169417
1.1	909		0.800968096809681
1.21	909		0.801064906490649
1.07	768		0.8011145833333334
1.1	768		0.8011458333333334
1.21	768		0.8012604166666666
1.5	909		0.8013201320132014
1.6	909		0.8014081408140815
1.07	562		0.8015231316725979
1.5	768		0.8015625000000001
1.1	562		0.8015658362989324
1.78	909		0.8015665566556657
1.6	768		0.8016666666666667
1.21	562		0.8017224199288256
1.78	768		0.8018541666666666
2.37	909		0.8020858085808581
1.5	562		0.802135231316726
1.6	562		0.8022775800711743
1.07	365		0.802345205479452
1.1	365		0.8024109589041096
2.74	909		0.8024114411441143
2.37	768		0.8024687500000001
1.78	562		0.8025338078291816
1.07	332		0.8025783132530121
1.1	332		0.8026506024096385
1.21	365		0.8026520547945206
2.74	768		0.8028541666666668
1.21	332		0.8029156626506024
3.32	909		0.8029218921892189
1.07	274		0.803124087591241
1.1	274		0.8032116788321169
1.5	365		0.8032876712328767
2.37	562		0.8033736654804271
3.32	768		0.8034583333333334
1.6	365		0.8035068493150685
1.21	274		0.8035328467153285
1.5	332		0.8036144578313253
1.6	332		0.803855421686747
2.74	562		0.8039003558718861
1.78	365		0.8039013698630137
1.07	210		0.8040761904761905
4.75	909		0.8041804180418043
1.1	210		0.8041904761904762
1.07	200		0.80428
1.78	332		0.8042891566265061
1.5	274		0.8043795620437957
1.1	200		0.8044000000000001
1.07	191		0.8044816753926702
1.1	191		0.804607329842932
1.21	210		0.8046095238095239
1.6	274		0.8046715328467153
1.07	182		0.8047032967032968
3.32	562		0.8047259786476868
1.1	182		0.8048351648351648
1.21	200		0.8048400000000001
5.62	909		0.8049460946094609
4.75	768		0.8049479166666667
1.07	169		0.8050650887573965
1.21	191		0.8050680628272252
2.37	365		0.8051945205479453
1.78	274		0.8051970802919709
1.1	169		0.8052071005917161
1.07	162		0.805283950617284
1.21	182		0.8053186813186815
1.1	162		0.8054320987654322
2.37	332		0.805710843373494
1.5	210		0.8057142857142857
1.21	169		0.8057278106508877
1.07	147		0.8058231292517007
5.62	768		0.8058541666666668
1.21	162		0.8059753086419754
1.1	147		0.8059863945578232
1.5	200		0.806
2.74	365		0.8060054794520548
1.6	210		0.8060952380952382
1.07	140		0.8061142857142857
6.98	909		0.8061430143014303
1.5	191		0.8062827225130891
1.1	140		0.8062857142857143
1.6	200		0.8064
1.07	130		0.8065846153846155
1.21	147		0.8065850340136054
1.5	182		0.8065934065934066
2.74	332		0.8066024096385542
1.6	191		0.8067015706806283
1.07	127		0.806740157480315
4.75	562		0.806761565836299
1.1	130		0.8067692307692309
1.78	210		0.8067809523809525
1.21	140		0.8069142857142858
2.37	274		0.8069197080291972
1.1	127		0.8069291338582677
1.6	182		0.807032967032967
1.07	121		0.8070743801652892
1.5	169		0.8071005917159764
1.78	200		0.80712
6.98	768		0.8072708333333334
1.1	121		0.8072727272727273
3.32	365		0.8072767123287671
1.5	162		0.8074074074074075
1.07	115		0.8074434782608697
1.21	130		0.8074461538461538
1.78	191		0.807455497382199
1.6	169		0.8075739644970414
1.21	127		0.8076220472440945
1.1	115		0.8076521739130436
1.78	182		0.8078241758241758
1.6	162		0.8079012345679013
1.21	121		0.808
2.74	274		0.808
3.32	332		0.808
1.07	107		0.808
5.62	562		0.808
1.5	147		0.8081632653061224
1.1	107		0.8082242990654205
1	95.3		0.8083945435466946
1.21	115		0.808417391304348
1.78	169		0.8084260355029587
1.07	100		0.80856
1.5	140		0.8085714285714286
9.76	909		0.8085896589658965
1	93.1		0.80859291084855
1.6	147		0.8087074829931974
1.78	162		0.8087901234567902
1.1	100		0.8088
10.2	909		0.808976897689769
1.07	95.3		0.8089821615949634
1	88.7		0.8090191657271704
2.37	210		0.8090285714285715
1.21	107		0.8090467289719627
1.6	140		0.8091428571428572
1.07	93.1		0.8091944146079485
1.5	130		0.8092307692307692
1.1	95.3		0.8092339979013641
1.5	127		0.8094488188976379
1.1	93.1		0.809452201933405
1	84.5		0.8094674556213018
2.37	200		0.80948
1.07	88.7		0.8096505073280721
1.21	100		0.8096800000000001
1.78	147		0.8096870748299321
3.32	274		0.8096934306569343
1.6	130		0.8098461538461539
1.5	121		0.8099173553719009
1.1	88.7		0.8099210822998872
2.37	191		0.8099267015706806
6.98	562		0.8099359430604983
1.6	127		0.8100787401574805
1.07	84.5		0.810130177514793
1.21	95.3		0.8101573976915006
9.76	768		0.8101666666666667
1.78	140		0.8101714285714285
11.8	909		0.8103850385038505
1.21	93.1		0.8103974221267456
4.75	365		0.8104109589041096
1.1	84.5		0.810414201183432
1	76.8		0.8104166666666667
2.37	182		0.8104175824175824
1.5	115		0.8104347826086956
2.74	210		0.8104380952380952
1.6	121		0.8105785123966943
10.2	768		0.8106249999999999
12.1	909		0.8106490649064906
1	75.0		0.8106666666666668
1.21	88.7		0.8109131905298761
1.78	130		0.8109538461538461
2.74	200		0.8109600000000001
1.6	115		0.8111304347826087
1.07	76.8		0.8111458333333333
1.78	127		0.8112125984251968
1.5	107		0.811214953271028
2.37	169		0.8112189349112428
1.07	75.0		0.8114133333333333
4.75	332		0.8114457831325302
1.21	84.5		0.8114556213017752
1.1	76.8		0.8114583333333334
2.74	191		0.8114764397905759
2.37	162		0.8117037037037037
1.1	75.0		0.8117333333333333
1	68.1		0.8117474302496328
1.78	121		0.8117685950413224
1.6	107		0.8119626168224299
1.5	100		0.8119999999999999
2.74	182		0.8120439560439561
11.8	768		0.8122916666666667
5.62	365		0.8123178082191782
1	64.9		0.812326656394453
1.78	115		0.8123826086956522
1.07	68.1		0.8125697503671072
1.5	95.3		0.812591815320042
1.21	76.8		0.8126041666666668
12.1	768		0.8126041666666668
3.32	210		0.8126476190476191
1.6	100		0.8128000000000001
1.5	93.1		0.8128893662728249
2.37	147		0.8128979591836736
1.21	75.0		0.8129066666666667
1.1	68.1		0.8129221732745961
1	61.9		0.812924071082391
2.74	169		0.8129704142011834
1.07	64.9		0.8131895223420648
1	60.4		0.8132450331125828
3.32	200		0.81328
1.78	107		0.8133084112149533
1.6	95.3		0.8134312696747115
1.5	88.7		0.8135287485907554
2.74	162		0.813530864197531
5.62	332		0.8135421686746988
2.37	140		0.8135428571428571
15.4	909		0.8135533553355336
1.1	64.9		0.8135593220338984
1.6	93.1		0.81374865735768
1.07	61.9		0.8138287560581583
4.75	274		0.8138686131386863
9.76	562		0.8138932384341637
3.32	191		0.8139057591623037
1.07	60.4		0.8141721854304637
1.5	84.5		0.8142011834319528
1.21	68.1		0.8142143906020558
1.1	61.9		0.8142164781906301
1.78	100		0.8142400000000001
1.6	88.7		0.8144306651634724
10.2	562		0.8145195729537367
1.1	60.4		0.814569536423841
1	54.9		0.8145719489981785
2.37	130		0.8145846153846155
3.32	182		0.8145934065934066
16.9	909		0.814873487348735
2.74	147		0.8149115646258503
1.21	64.9		0.8149152542372882
2.37	127		0.8149291338582677
1.78	95.3		0.8149422875131166
1.6	84.5		0.815147928994083
1.78	93.1		0.8152953813104189
6.98	365		0.8152986301369863
1.07	54.9		0.8155919854280511
1.5	76.8		0.815625
1.21	61.9		0.8156381260096931
2.74	140		0.8156571428571429
2.37	121		0.8156694214876034
3.32	169		0.8157159763313611
1.5	75.0		0.8160000000000001
1.21	60.4		0.8160264900662253
1.1	54.9		0.8160291438979965
15.4	768		0.8160416666666667
1.78	88.7		0.816054114994363
3.32	162		0.816395061728395
5.62	274		0.8164087591240876
2.37	115		0.8164869565217391
1.6	76.8		0.8166666666666667
11.8	562		0.8167971530249111
6.98	332		0.8168192771084337
1.78	84.5		0.8168520710059172
2.74	130		0.8168615384615384
1.6	75.0		0.8170666666666668
12.1	562		0.8172241992882562
2.74	127		0.8172598425196851
16.9	768		0.8176041666666667
1.5	68.1		0.8176211453744493
1.21	54.9		0.8176320582877961
2.37	107		0.8177196261682242
3.32	147		0.8180680272108843
4.75	210		0.8180952380952381
2.74	121		0.8181157024793388
1.5	64.9		0.8184899845916797
1.78	76.8		0.8185416666666667
1.6	68.1		0.8187958883994126
2.37	100		0.8189600000000001
3.32	140		0.8189714285714287
1.78	75.0		0.8189866666666668
4.75	200		0.819
2.74	115		0.8190608695652174
1.5	61.9		0.8193861066235866
22.1	909		0.8194499449944994
1.6	64.9		0.8197226502311248
1.5	60.4		0.8198675496688742
2.37	95.3		0.8198950682056664
4.75	191		0.8198952879581152
2.37	93.1		0.8203651987110634
6.98	274		0.8203795620437957
3.32	130		0.8204307692307693
2.74	107		0.8204859813084113
1.6	61.9		0.8206785137318255
23.7	909		0.8208580858085809
4.75	182		0.8208791208791208
1.78	68.1		0.8209104258443466
3.32	127		0.8209133858267716
1.6	60.4		0.8211920529801324
2.37	88.7		0.8213754227733935
9.76	365		0.8213917808219178
5.62	210		0.8214095238095238
1.5	54.9		0.8218579234972678
24.9	909		0.821914191419142
2.74	100		0.8219200000000001
15.4	562		0.8219217081850534
1.78	64.9		0.8219414483821263
3.32	121		0.8219504132231406
10.2	365		0.8223561643835616
2.37	84.5		0.8224378698224852
5.62	200		0.8224800000000001
4.75	169		0.8224852071005918
2.74	95.3		0.8230010493179434
1.78	61.9		0.823004846526656
22.1	768		0.8230208333333334
3.32	115		0.8230956521739131
1.6	54.9		0.8233151183970856
4.75	162		0.8234567901234568
9.76	332		0.8235180722891567
5.62	191		0.8235392670157069
2.74	93.1		0.8235445757250268
1.78	60.4		0.8235761589403974
16.9	562		0.8240569395017794
1	33.2		0.8240963855421687
10.2	332		0.824578313253012
2.37	76.8		0.8246875
23.7	768		0.8246875
1	32.4		0.8246913580246913
5.62	182		0.8247032967032967
2.74	88.7		0.8247125140924464
3.32	107		0.8248224299065421
2.37	75.0		0.8252800000000001
1.07	33.2		0.8257831325301205
4.75	147		0.8258503401360544
11.8	365		0.8258630136986302
1	30.9		0.8258899676375405
24.9	768		0.8259375000000001
1.78	54.9		0.8259380692167577
2.74	84.5		0.8259408284023669
1.07	32.4		0.8264197530864199
30.1	909		0.8264906490649064
1.1	33.2		0.8265060240963855
12.1	365		0.8265205479452056
3.32	100		0.82656
1	30.1		0.826578073089701
6.98	210		0.8265904761904763
5.62	169		0.8266035502958581
4.75	140		0.8271428571428573
1.1	32.4		0.8271604938271605
30.9	909		0.8271947194719472
1.07	30.9		0.8277022653721684
5.62	162		0.8277530864197531
2.37	68.1		0.8278414096916301
3.32	95.3		0.8278698845750263
6.98	200		0.82792
11.8	332		0.8284337349397591
1.07	30.1		0.8284385382059801
1.1	30.9		0.8284789644012944
9.76	274		0.8284963503649636
32.4	909		0.8285148514851486
3.32	93.1		0.8285284640171858
2.74	76.8		0.8285416666666667
1.21	33.2		0.8291566265060242
12.1	332		0.8291566265060242
2.37	64.9		0.8292141756548537
33.2	909		0.8292189218921893
2.74	75.0		0.8292266666666667
4.75	130		0.8292307692307693
6.98	191		0.8292356020942409
1.1	30.1		0.829235880398671
10.2	274		0.8297810218978102
1.21	32.4		0.8298765432098766
4.75	127		0.8299212598425196
3.32	88.7		0.8299436302142053
5.62	147		0.8305850340136054
2.37	61.9		0.8306300484652666
6.98	182		0.8306813186813188
1.21	30.9		0.8313268608414239
30.1	768		0.8313541666666668
2.37	60.4		0.8313907284768212
4.75	121		0.8314049586776859
3.32	84.5		0.831431952662722
22.1	562		0.8314590747330961
5.62	140		0.8321142857142857
1	24.9		0.832128514056225
1.21	30.1		0.8321594684385382
30.9	768		0.8321875000000001
2.74	68.1		0.8321879588839942
6.98	169		0.8330414201183433
4.75	115		0.8330434782608697
23.7	562		0.8337366548042704
32.4	768		0.8337500000000001
15.4	365		0.8337534246575343
1	23.7		0.8337552742616033
2.74	64.9		0.8337750385208014
1.07	24.9		0.8343775100401607
11.8	274		0.8344525547445256
6.98	162		0.8344691358024692
2.37	54.9		0.8345355191256831
3.32	76.8		0.8345833333333333
33.2	768		0.8345833333333333
5.62	130		0.8345846153846154
12.1	274		0.8353284671532848
1.1	24.9		0.8353413654618476
5.62	127		0.8354015748031497
2.74	61.9		0.8354119547657514
3.32	75.0		0.8354133333333333
24.9	562		0.8354448398576513
4.75	107		0.8355140186915888
1.07	23.7		0.8361181434599158
1.5	33.2		0.836144578313253
1	22.1		0.8361990950226246
2.74	60.4		0.8362913907284769
1.5	32.4		0.837037037037037
16.9	365		0.837041095890411
15.4	332		0.8371084337349398
1.1	23.7		0.8371308016877639
5.62	121		0.8371570247933886
9.76	210		0.8371809523809525
6.98	147		0.8379863945578232
4.75	100		0.8380000000000001
1.6	33.2		0.8385542168674699
1.07	22.1		0.8387330316742082
1.5	30.9		0.8388349514563107
10.2	210		0.8388571428571429
1.21	24.9		0.8388755020080322
3.32	68.1		0.8390014684287813
9.76	200		0.83904
5.62	115		0.8390956521739131
1.6	32.4		0.8395061728395062
1.1	22.1		0.839819004524887
1.5	30.1		0.8398671096345516
4.75	95.3		0.8398740818467996
6.98	140		0.8398857142857143
2.74	54.9		0.8399271402550093
16.9	332		0.8407228915662652
10.2	200		0.8408
4.75	93.1		0.8408163265306122
1.21	23.7		0.8408438818565401
9.76	191		0.8408795811518325
3.32	64.9		0.840924499229584
1.6	30.9		0.8414239482200648
5.62	107		0.8420186915887851
1.6	30.1		0.8425249169435216
10.2	191		0.8427225130890053
1.07	20		0.8428000000000001
4.75	88.7		0.8428410372040587
30.1	562		0.842846975088968
1.78	33.2		0.8428915662650603
9.76	182		0.8429010989010989
3.32	61.9		0.8429079159935381
6.98	130		0.8429538461538462
1.21	22.1		0.8438009049773756
1.78	32.4		0.8439506172839506
6.98	127		0.843968503937008
3.32	60.4		0.8439735099337748
30.9	562		0.8439857651245553
1.1	20		0.844
10.2	182		0.8448351648351649
11.8	210		0.8449523809523809
5.62	100		0.84496
15.4	274		0.844963503649635
4.75	84.5		0.8449704142011835
1.78	30.9		0.8460841423948221
12.1	210		0.8460952380952382
32.4	562		0.8461209964412811
6.98	121		0.8461487603305786
9.76	169		0.8462011834319526
5.62	95.3		0.847177334732424
11.8	200		0.8472
33.2	562		0.8472597864768684
1.78	30.1		0.8473089700996678
1	16.9		0.8473372781065089
1.5	24.9		0.8481927710843374
9.76	162		0.8481975308641975
10.2	169		0.8482840236686391
5.62	93.1		0.8482921589688508
54.9	909		0.8483168316831684
3.32	54.9		0.8483788706739527
1.21	20		0.8484
12.1	200		0.8484
22.1	365		0.8484383561643836
6.98	115		0.8485565217391304
16.9	274		0.8493430656934307
11.8	191		0.8494240837696335
4.75	76.8		0.8494791666666667
10.2	162		0.8503703703703703
1.5	23.7		0.850632911392405
1.07	16.9		0.8506508875739645
4.75	75.0		0.8506666666666667
12.1	191		0.8506806282722513
5.62	88.7		0.8506877113866967
1.6	24.9		0.8514056224899598
11.8	182		0.8518681318681319
23.7	365		0.8519452054794521
1	15.4		0.8519480519480519
1.1	16.9		0.8520710059171599
6.98	107		0.8521869158878506
9.76	147		0.8531156462585034
60.4	909		0.8531573157315733
12.1	182		0.8531868131868132
5.62	84.5		0.8532071005917161
22.1	332		0.8532530120481928
1.6	23.7		0.8540084388185655
1.5	22.1		0.8542986425339367
61.9	909		0.8544774477447746
24.9	365		0.8545753424657534
10.2	147		0.8555102040816327
1.07	15.4		0.8555844155844157
9.76	140		0.8557714285714285
4.75	68.1		0.8558002936857563
6.98	100		0.8558400000000002
11.8	169		0.8558579881656805
2.37	33.2		0.8571084337349397
23.7	332		0.8571084337349397
64.9	909		0.8571177117711772
1.1	15.4		0.8571428571428572
54.9	768		0.8571875000000001
1.78	24.9		0.8571887550200803
12.1	169		0.8572781065088757
1.21	16.9		0.8572781065088759
1.6	22.1		0.8579185520361992
11.8	162		0.8582716049382717
10.2	140		0.8582857142857144
2.37	32.4		0.8585185185185186
5.62	76.8		0.8585416666666668
4.75	64.9		0.8585516178736518
6.98	95.3		0.8585939139559287
15.4	210		0.8586666666666667
12.1	162		0.8597530864197531
68.1	909		0.85993399339934
5.62	75.0		0.8599466666666666
6.98	93.1		0.8599785177228787
1.5	20		0.86
24.9	332		0.86
9.76	130		0.8600615384615384
1.78	23.7		0.8600843881856541
2.37	30.9		0.8613592233009708
4.75	61.9		0.8613893376413571
9.76	127		0.8614803149606299
15.4	200		0.8616
10.2	130		0.8627692307692307
1.21	15.4		0.8628571428571429
4.75	60.4		0.8629139072847682
60.4	768		0.8629166666666667
6.98	88.7		0.8629537767756483
2.37	30.1		0.8629900332225914
1.6	20		0.8640000000000001
11.8	147		0.8642176870748299
10.2	127		0.8642519685039369
16.9	210		0.8643809523809524
1.78	22.1		0.8644343891402715
61.9	768		0.8644791666666667
15.4	191		0.8645026178010472
22.1	274		0.8645255474452554
9.76	121		0.8645289256198349
12.1	147		0.8658503401360544
30.1	365		0.8659726027397261
75.0	909		0.8660066006600661
5.62	68.1		0.8660205580029369
2.74	33.2		0.8660240963855422
6.98	84.5		0.8660828402366865
1	12.1		0.8661157024793389
11.8	140		0.8674285714285714
10.2	121		0.8674380165289256
76.8	909		0.8675907590759077
16.9	200		0.8676
64.9	768		0.8676041666666667
2.74	32.4		0.8676543209876544
15.4	182		0.8676923076923077
30.9	365		0.8677260273972603
1	11.8		0.8677966101694916
9.76	115		0.8678956521739132
12.1	140		0.8691428571428572
23.7	274		0.869197080291971
4.75	54.9		0.8692167577413479
5.62	64.9		0.8692758089368259
1.07	12.1		0.8707438016528926
16.9	191		0.8707853403141361
68.1	768		0.8709375
2.74	30.9		0.8709385113268608
10.2	115		0.8709565217391305
1.5	16.9		0.8710059171597634
32.4	365		0.871013698630137
1.78	20		0.8712
30.1	332		0.8725301204819278
1.07	11.8		0.872542372881356
11.8	130		0.8726153846153846
5.62	61.9		0.8726332794830371
24.9	274		0.8727007299270073
6.98	76.8		0.8727083333333333
1.1	12.1		0.8727272727272727
33.2	365		0.8727671232876713
2.74	30.1		0.8728239202657808
15.4	169		0.8728994082840237
9.76	107		0.8729719626168224
16.9	182		0.8742857142857142
11.8	127		0.8743307086614174
84.5	909		0.8743674367436743
5.62	60.4		0.8744370860927152
6.98	75.0		0.8744533333333333
30.9	332		0.8744578313253012
12.1	130		0.8744615384615385
1.1	11.8		0.8745762711864407
1.6	16.9		0.8757396449704142
15.4	162		0.8760493827160494
2.37	24.9		0.876144578313253
12.1	127		0.8762204724409449
10.2	107		0.8762616822429907
1.5	15.4		0.877922077922078
11.8	121		0.8780165289256199
88.7	909		0.8780638063806381
32.4	332		0.8780722891566266
9.76	100		0.87808
75.0	768		0.878125
54.9	562		0.8781494661921709
1	10.2		0.8784313725490197
1.21	12.1		0.8800000000000001
2.37	23.7		0.8800000000000001
3.32	33.2		0.8800000000000001
12.1	121		0.8800000000000001
16.9	169		0.8800000000000001
33.2	332		0.8800000000000001
76.8	768		0.8800000000000001
10.2	100		0.8816000000000002
5.62	54.9		0.8818943533697633
9.76	95.3		0.8819307450157399
93.1	909		0.8819361936193619
1	9.76		0.8819672131147542
3.32	32.4		0.8819753086419754
6.98	68.1		0.8819970631424376
1.21	11.8		0.8820338983050848
11.8	115		0.8820869565217392
1.6	15.4		0.8831168831168832
16.9	162		0.8834567901234568
15.4	147		0.8838095238095239
9.76	93.1		0.8838668098818476
95.3	909		0.8838723872387239
1.07	10.2		0.8839215686274511
12.1	115		0.8841739130434783
22.1	210		0.8841904761904762
1.78	16.9		0.8842603550295858
10.2	95.3		0.8856243441762855
2.37	22.1		0.88579185520362
3.32	30.9		0.8859546925566344
60.4	562		0.8859786476868328
6.98	64.9		0.886040061633282
1.1	10.2		0.8862745098039216
10.2	93.1		0.8876476906552094
1.07	9.76		0.887704918032787
30.1	274		0.8878832116788321
15.4	140		0.8880000000000001
84.5	768		0.8880208333333335
9.76	88.7		0.8880270574971816
2.74	24.9		0.8880321285140562
61.9	562		0.8881138790035588
11.8	107		0.8882242990654206
3.32	30.1		0.8882392026578073
22.1	200		0.8884000000000001
1.1	9.76		0.8901639344262295
6.98	61.9		0.890210016155089
30.9	274		0.8902189781021899
23.7	210		0.8902857142857142
12.1	107		0.8904672897196262
16.9	147		0.8919727891156463
10.2	88.7		0.8919954904171364
64.9	562		0.8923843416370106
88.7	768		0.8923958333333334
9.76	84.5		0.8924023668639054
6.98	60.4		0.8924503311258278
1.78	15.4		0.8924675324675326
2.74	23.7		0.8924894514767934
22.1	191		0.892565445026178
11.8	100		0.8944000000000001
32.4	274		0.8945985401459855
15.4	130		0.8947692307692308
2.37	20		0.8948
23.7	200		0.8948
24.9	210		0.8948571428571429
1.21	10.2		0.8949019607843138
10.2	84.5		0.8965680473372782
16.9	140		0.8965714285714287
12.1	100		0.8968
33.2	274		0.8969343065693431
68.1	562		0.8969395017793595
93.1	768		0.8969791666666667
15.4	127		0.8970078740157481
22.1	182		0.8971428571428572
11.8	95.3		0.899055613850997
1.5	12.1		0.8991735537190083
1.21	9.76		0.8991803278688524
2.74	22.1		0.899185520361991
23.7	191		0.8992670157068062
95.3	768		0.8992708333333334
24.9	200		0.8996000000000001
11.8	93.1		0.9013963480128894
12.1	95.3		0.9015739769150053
9.76	76.8		0.9016666666666666
1.5	11.8		0.9016949152542374
6.98	54.9		0.901712204007286
15.4	121		0.9018181818181819
12.1	93.1		0.9039742212674544
16.9	130		0.9039999999999999
9.76	75.0		0.9041066666666666
23.7	182		0.9041758241758242
24.9	191		0.9042931937172775
22.1	169		0.9046153846153846
1.6	12.1		0.9057851239669422
10.2	76.8		0.90625
11.8	88.7		0.9064261555806088
16.9	127		0.9064566929133859
3.32	24.9		0.9066666666666667
75.0	562		0.906761565836299
15.4	115		0.9071304347826088
1.6	11.8		0.9084745762711866
10.2	75.0		0.9087999999999999
12.1	88.7		0.9091319052987599
22.1	162		0.9091358024691358
76.8	562		0.9093238434163702
24.9	182		0.9094505494505495
2.74	20		0.9096000000000001
11.8	84.5		0.9117159763313609
16.9	121		0.9117355371900827
3.32	23.7		0.9120675105485232
2.37	16.9		0.9121893491124262
23.7	169		0.9121893491124262
4.75	33.2		0.9144578313253012
12.1	84.5		0.9145562130177516
1	6.98		0.9146131805157593
9.76	68.1		0.9146549192364172
30.1	210		0.9146666666666667
15.4	107		0.9151401869158878
23.7	162		0.9170370370370371
4.75	32.4		0.9172839506172841
16.9	115		0.9175652173913044
1.5	10.2		0.9176470588235294
1.78	12.1		0.9176859504132232
30.9	210		0.9177142857142858
24.9	169		0.9178698224852071
10.2	68.1		0.9198237885462556
3.32	22.1		0.9201809954751131
22.1	147		0.9202721088435375
84.5	562		0.9202846975088967
9.76	64.9		0.9203081664098614
54.9	365		0.9203287671232877
30.1	200		0.9204000000000001
1.78	11.8		0.920677966101695
1.07	6.98		0.9226361031518625
11.8	76.8		0.9229166666666666
1.5	9.76		0.9229508196721312
24.9	162		0.922962962962963
4.75	30.9		0.9229773462783172
2.37	15.4		0.9231168831168832
15.4	100		0.9232
32.4	210		0.9234285714285715
30.9	200		0.9236000000000001
1.6	10.2		0.9254901960784315
10.2	64.9		0.9257318952234206
11.8	75.0		0.9258666666666667
12.1	76.8		0.9260416666666667
30.1	191		0.9260732984293194
1.1	6.98		0.9260744985673353
9.76	61.9		0.9261389337641358
4.75	30.1		0.9262458471760798
88.7	562		0.9262633451957296
22.1	140		0.9262857142857144
16.9	107		0.9263551401869159
33.2	210		0.9264761904761905
23.7	147		0.9289795918367347
12.1	75.0		0.9290666666666667
9.76	60.4		0.929271523178808
15.4	95.3		0.9292759706190976
30.9	191		0.9294240837696336
32.4	200		0.9296
2.74	16.9		0.9297041420118344
1.6	9.76		0.9311475409836065
10.2	61.9		0.9318255250403878
54.9	332		0.932289156626506
30.1	182		0.9323076923076924
15.4	93.1		0.9323308270676693
60.4	365		0.9323835616438356
93.1	562		0.9325266903914591
3.32	20		0.9328
33.2	200		0.9328
10.2	60.4		0.9350993377483445
16.9	100		0.9352
5.62	33.2		0.935421686746988
23.7	140		0.9354285714285715
24.9	147		0.9355102040816328
95.3	562		0.9356583629893239
61.9	365		0.9356712328767124
32.4	191		0.9357068062827225
30.9	182		0.9358241758241759
22.1	130		0.9359999999999999
11.8	68.1		0.9386196769456682
1.21	6.98		0.9386819484240688
5.62	32.4		0.9387654320987654
15.4	88.7		0.9388951521984217
33.2	191		0.9390575916230367
22.1	127		0.9392125984251969
1.78	10.2		0.939607843137255
16.9	95.3		0.9418677859391397
12.1	68.1		0.9421439060205581
9.76	54.9		0.9422222222222223
64.9	365		0.9422465753424657
24.9	140		0.9422857142857144
2.74	15.4		0.9423376623376623
1	5.62		0.9423487544483987
32.4	182		0.9424175824175824
30.1	169		0.9424852071005918
16.9	93.1		0.9452201933404942
11.8	64.9		0.9454545454545455
5.62	30.9		0.9455016181229774
60.4	332		0.9455421686746988
15.4	84.5		0.9457988165680474
23.7	130		0.9458461538461539
1.78	9.76		0.9459016393442623
33.2	182		0.945934065934066
22.1	121		0.946115702479339
30.9	169		0.9462721893491125
10.2	54.9		0.9486338797814208
30.1	162		0.948641975308642
12.1	64.9		0.9491525423728814
61.9	332		0.9491566265060242
68.1	365		0.9492602739726028
23.7	127		0.9492913385826771
5.62	30.1		0.9493687707641197
1.07	5.62		0.9523131672597865
16.9	88.7		0.952423900789177
11.8	61.9		0.9525040387722132
30.9	162		0.9525925925925925
4.75	24.9		0.9526104417670682
24.9	130		0.9532307692307692
32.4	169		0.9533727810650888
22.1	115		0.9537391304347826
11.8	60.4		0.9562913907284769
12.1	61.9		0.9563812600969306
64.9	332		0.9563855421686747
1.1	5.62		0.9565836298932384
2.37	12.1		0.9566942148760331
23.7	121		0.9566942148760331
24.9	127		0.9568503937007874
3.32	16.9		0.9571597633136095
33.2	169		0.9571597633136095
16.9	84.5		0.96
32.4	162		0.96
12.1	60.4		0.9602649006622518
54.9	274		0.9602919708029198
4.75	23.7		0.960337552742616
15.4	76.8		0.9604166666666667
2.37	11.8		0.960677966101695
30.1	147		0.9638095238095238
33.2	162		0.9639506172839507
68.1	332		0.9640963855421687
15.4	75.0		0.9642666666666667
75.0	365		0.9643835616438357
24.9	121		0.9646280991735537
23.7	115		0.9648695652173913
22.1	107		0.9652336448598131
20	95.3		0.9678908709338931
30.9	147		0.9681632653061225
6.98	33.2		0.9681927710843374
76.8	365		0.9683287671232877
1	4.75		0.968421052631579
20	93.1		0.9718582169709991
1.5	6.98		0.971919770773639
4.75	22.1		0.971945701357466
11.8	54.9		0.9719489981785063
30.1	140		0.9720000000000001
1.21	5.62		0.9722419928825623
6.98	32.4		0.9723456790123457
3.32	15.4		0.9724675324675325
24.9	115		0.9732173913043479
16.9	76.8		0.9760416666666667
12.1	54.9		0.97632058287796
32.4	147		0.976326530612245
60.4	274		0.9763503649635038
30.9	140		0.9765714285714285
22.1	100		0.9768000000000001
23.7	107		0.977196261682243
1.07	4.75		0.9802105263157895
16.9	75.0		0.9802666666666667
20	88.7		0.9803833145434049
5.62	24.9		0.980562248995984
33.2	147		0.9806802721088435
6.98	30.9		0.9807119741100325
75.0	332		0.980722891566265
61.9	274		0.9807299270072992
15.4	68.1		0.9809104258443466
2.74	12.1		0.9811570247933885
1.6	6.98		0.9833810888252149
76.8	332		0.9850602409638555
32.4	140		0.9851428571428571
84.5	365		0.9852054794520548
30.1	130		0.9852307692307692
1.1	4.75		0.985263157894737
6.98	30.1		0.985514950166113
22.1	95.3		0.9855194123819517
2.74	11.8		0.9857627118644068
2.37	10.2		0.9858823529411765
24.9	107		0.9861682242990654
20	84.5		0.9893491124260354
64.9	274		0.9894890510948905
23.7	100		0.9896000000000001
30.1	127		0.9896062992125985
5.62	23.7		0.9897046413502111
33.2	140		0.9897142857142858
15.4	64.9		0.9898305084745763
22.1	93.1		0.9899033297529538
4.75	20		0.9900000000000001
30.9	130		0.9901538461538462
2.37	9.76		0.9942622950819673
88.7	365		0.9944109589041097
30.9	127		0.9946456692913387
16.9	68.1		0.9985315712187959
68.1	274		0.9988321167883213
23.7	95.3		0.9989506820566633
30.1	121		0.99900826446281
15.4	61.9		0.9990306946688208
24.9	100		0.9992000000000001
22.1	88.7		0.9993235625704623
32.4	130		0.9993846153846153
5.62	22.1		1.0034389140271494
84.5	332		1.0036144578313253
23.7	93.1		1.0036519871106337
1.21	4.75		1.0037894736842106
15.4	60.4		1.003973509933775
1.78	6.98		1.0040114613180515
93.1	365		1.0040547945205478
32.4	127		1.0040944881889764
30.9	121		1.004297520661157
33.2	130		1.0043076923076926
16.9	64.9		1.0083204930662557
20	76.8		1.0083333333333335
95.3	365		1.0088767123287672
24.9	95.3		1.0090241343126969
33.2	127		1.0091338582677165
54.9	210		1.0091428571428571
22.1	84.5		1.0092307692307692
30.1	115		1.0093913043478262
20	75.0		1.0133333333333334
1.5	5.62		1.0135231316725979
88.7	332		1.013734939759036
23.7	88.7		1.0137542277339346
24.9	93.1		1.0139634801288937
32.4	121		1.0142148760330578
2.74	10.2		1.0149019607843137
30.9	115		1.0149565217391305
16.9	61.9		1.018416801292407
75.0	274		1.018978102189781
3.32	12.1		1.019504132231405
33.2	121		1.0195041322314051
54.9	200		1.0196
16.9	60.4		1.023841059602649
76.8	274		1.0242335766423358
6.98	24.9		1.02425702811245
93.1	332		1.0243373493975905
23.7	84.5		1.0243786982248522
15.4	54.9		1.024408014571949
24.9	88.7		1.024577226606539
2.74	9.76		1.0245901639344264
5.62	20		1.0248000000000002
4.75	16.9		1.0248520710059172
30.1	107		1.0250467289719627
3.32	11.8		1.025084745762712
32.4	115		1.025391304347826
1.6	5.62		1.0277580071174377
95.3	332		1.0296385542168676
54.9	191		1.0299476439790576
60.4	210		1.0300952380952382
22.1	76.8		1.0302083333333334
33.2	115		1.0309565217391305
30.9	107		1.0310280373831775
20	68.1		1.034948604992658
9.76	33.2		1.0351807228915664
6.98	23.7		1.0356118143459916
22.1	75.0		1.0357333333333334
24.9	84.5		1.0357396449704142
61.9	210		1.035809523809524
30.1	100		1.0408
1	3.32		1.0409638554216867
9.76	32.4		1.0409876543209877
54.9	182		1.0413186813186814
60.4	200		1.0416
32.4	107		1.0422429906542057
10.2	33.2		1.0457831325301203
16.9	54.9		1.0462659380692167
20	64.9		1.0465331278890602
84.5	274		1.0467153284671533
4.75	15.4		1.0467532467532468
23.7	76.8		1.046875
30.9	100		1.0472
64.9	210		1.0472380952380953
61.9	200		1.0475999999999999
33.2	107		1.0482242990654205
10.2	32.4		1.051851851851852
1.5	4.75		1.0526315789473686
6.98	22.1		1.0526696832579185
30.1	95.3		1.0526757607555088
9.76	30.9		1.0526860841423948
23.7	75.0		1.0528000000000002
60.4	191		1.0529842931937174
1.78	5.62		1.0533807829181494
1.07	3.32		1.0578313253012048
20	61.9		1.058481421647819
30.1	93.1		1.0586466165413533
88.7	274		1.058978102189781
32.4	100		1.0592000000000001
61.9	191		1.0592670157068065
24.9	76.8		1.059375
30.9	95.3		1.0593913955928647
9.76	30.1		1.0594019933554817
68.1	210		1.0594285714285714
64.9	200		1.0596
22.1	68.1		1.059618208516887
54.9	169		1.0598816568047338
3.32	10.2		1.060392156862745
10.2	30.9		1.0640776699029126
20	60.4		1.0649006622516557
1.1	3.32		1.0650602409638557
60.4	182		1.0654945054945055
30.9	93.1		1.0655209452201935
24.9	75.0		1.0655999999999999
33.2	100		1.0656
5.62	16.9		1.06603550295858
1.6	4.75		1.0694736842105264
10.2	30.1		1.0710963455149503
54.9	162		1.0711111111111113
30.1	88.7		1.071476888387824
2.37	6.98		1.0716332378223494
93.1	274		1.071824817518248
64.9	191		1.0718324607329845
32.4	95.3		1.0719832109129066
61.9	182		1.0720879120879123
3.32	9.76		1.0721311475409836
68.1	200		1.0724
22.1	64.9		1.0724191063174116
95.3	274		1.078248175182482
32.4	93.1		1.0784103114930184
23.7	68.1		1.0784140969162996
30.9	88.7		1.0786922209695604
33.2	95.3		1.0786988457502624
6.98	20		1.0792
11.8	33.2		1.0843373493975903
30.1	84.5		1.0849704142011836
68.1	191		1.0852356020942409
64.9	182		1.0852747252747255
33.2	93.1		1.0852846401718583
22.1	61.9		1.0856219709208401
75.0	210		1.0857142857142859
60.4	169		1.0859171597633137
11.8	32.4		1.0913580246913581
20	54.9		1.0914389799635702
1.21	3.32		1.0915662650602411
12.1	33.2		1.0915662650602411
5.62	15.4		1.091948051948052
1	2.74		1.0919708029197082
23.7	64.9		1.0921417565485363
32.4	88.7		1.0922209695603156
24.9	68.1		1.092511013215859
30.9	84.5		1.0925443786982247
76.8	210		1.0925714285714285
22.1	60.4		1.0927152317880795
61.9	169		1.0930177514792898
60.4	162		1.0982716049382717
12.1	32.4		1.0987654320987656
54.9	147		1.0987755102040817
68.1	182		1.0993406593406594
33.2	88.7		1.099436302142052
1.78	4.75		1.0997894736842107
75.0	200		1.1
11.8	30.9		1.1055016181229775
61.9	162		1.105679012345679
23.7	61.9		1.1063004846526656
32.4	84.5		1.1067455621301776
24.9	64.9		1.1069337442218798
76.8	200		1.1072
64.9	169		1.1072189349112427
1.07	2.74		1.1124087591240877
12.1	30.9		1.1132686084142396
30.1	76.8		1.1135416666666669
9.76	24.9		1.113574297188755
11.8	30.1		1.1136212624584718
54.9	140		1.1137142857142857
23.7	60.4		1.1139072847682119
2.74	6.98		1.1140401146131804
4.75	12.1		1.1140495867768596
75.0	191		1.1141361256544504
33.2	84.5		1.114319526627219
64.9	162		1.1204938271604938
30.1	75.0		1.1210666666666667
1.1	2.74		1.121167883211679
12.1	30.1		1.1215946843853821
76.8	191		1.1216753926701573
24.9	61.9		1.1218093699515348
30.9	76.8		1.121875
84.5	210		1.121904761904762
4.75	11.8		1.1220338983050848
22.1	54.9		1.122040072859745
68.1	169		1.1223668639053255
10.2	24.9		1.127710843373494
60.4	147		1.1287074829931973
9.76	23.7		1.129451476793249
30.9	75.0		1.1296
75.0	182		1.1296703296703297
24.9	60.4		1.1298013245033114
6.98	16.9		1.130414201183432
68.1	162		1.1362962962962964
61.9	147		1.1368707482993199
2.37	5.62		1.1373665480427047
32.4	76.8		1.1375
1	2.37		1.1375527426160337
76.8	182		1.1375824175824176
54.9	130		1.137846153846154
88.7	210		1.137904761904762
84.5	200		1.138
10.2	23.7		1.1443037974683545
60.4	140		1.1451428571428572
23.7	54.9		1.1453551912568307
32.4	75.0		1.1456
54.9	127		1.1458267716535433
33.2	76.8		1.1458333333333335
64.9	147		1.1531972789115648
1.21	2.74		1.1532846715328469
9.76	22.1		1.1533031674208145
30.1	68.1		1.1535976505139502
61.9	140		1.1537142857142857
84.5	191		1.1539267015706807
33.2	75.0		1.1541333333333335
93.1	210		1.1546666666666667
88.7	200		1.1548
75.0	169		1.1550295857988166
1.07	2.37		1.1611814345991562
1.5	3.32		1.1614457831325302
6.98	15.4		1.1625974025974026
24.9	54.9		1.1628415300546449
54.9	121		1.1629752066115704
30.9	68.1		1.1629955947136563
95.3	210		1.163047619047619
76.8	169		1.1635502958579882
10.2	22.1		1.1692307692307693
75.0	162		1.1703703703703705
68.1	147		1.1706122448979592
64.9	140		1.1708571428571428
30.1	64.9		1.1710323574730355
15.4	33.2		1.1710843373493975
1.1	2.37		1.1713080168776373
84.5	182		1.1714285714285715
88.7	191		1.17151832460733
5.62	12.1		1.1715702479338843
60.4	130		1.1716923076923078
93.1	200		1.1724
4.75	10.2		1.1725490196078432
11.8	24.9		1.1791164658634539
76.8	162		1.1792592592592592
15.4	32.4		1.1802469135802471
60.4	127		1.180472440944882
3.32	6.98		1.180515759312321
32.4	68.1		1.1806167400881058
30.9	64.9		1.1808936825885978
61.9	130		1.180923076923077
5.62	11.8		1.1810169491525424
95.3	200		1.1812
54.9	115		1.1819130434782608
1.6	3.32		1.1855421686746987
12.1	24.9		1.1887550200803214
30.1	61.9		1.1890145395799678
68.1	140		1.1891428571428573
4.75	9.76		1.189344262295082
88.7	182		1.18989010989011
61.9	127		1.1899212598425197
93.1	191		1.1899476439790575
33.2	68.1		1.190014684287812
2.74	5.62		1.1900355871886121
9.76	20		1.1904000000000001
11.8	23.7		1.19831223628692
30.1	60.4		1.1986754966887418
15.4	30.9		1.1987055016181232
2.37	4.75		1.1991578947368422
95.3	191		1.1991623036649215
60.4	121		1.1993388429752068
30.9	61.9		1.1993537964458805
32.4	64.9		1.1993836671802773
64.9	130		1.1993846153846153
84.5	169		1.2000000000000002
16.9	33.2		1.2072289156626506
10.2	20		1.2080000000000002
75.0	147		1.2081632653061225
1.21	2.37		1.208438818565401
12.1	23.7		1.208438818565401
64.9	127		1.2088188976377954
93.1	182		1.2092307692307693
33.2	64.9		1.20924499229584
61.9	121		1.2092561983471075
30.9	60.4		1.209271523178808
15.4	30.1		1.2093023255813955
54.9	107		1.2104672897196262
16.9	32.4		1.217283950617284
84.5	162		1.217283950617284
76.8	147		1.2179591836734696
32.4	61.9		1.218739903069467
95.3	182		1.2189010989010989
68.1	130		1.2190769230769232
88.7	169		1.219881656804734
60.4	115		1.2201739130434783
11.8	22.1		1.2271493212669684
75.0	140		1.2285714285714286
1.78	3.32		1.2289156626506026
68.1	127		1.2289763779527558
33.2	61.9		1.2290791599353799
64.9	121		1.2290909090909092
32.4	60.4		1.229139072847682
61.9	115		1.230608695652174
16.9	30.9		1.2375404530744338
1.5	2.74		1.237956204379562
12.1	22.1		1.2380090497737557
88.7	162		1.2380246913580248
30.1	54.9		1.2386156648451732
76.8	140		1.2388571428571429
54.9	100		1.2392
33.2	60.4		1.2397350993377483
93.1	169		1.2407100591715978
5.62	10.2		1.2407843137254904
16.9	30.1		1.2491694352159468
1	1.78		1.249438202247191
68.1	121		1.2502479338842976
30.9	54.9		1.250273224043716
95.3	169		1.2511242603550299
64.9	115		1.2514782608695654
60.4	107		1.251588785046729
93.1	162		1.259753086419753
84.5	147		1.2598639455782312
5.62	9.76		1.2606557377049183
54.9	95.3		1.2608604407135364
2.74	4.75		1.2614736842105263
6.98	12.1		1.2614876033057851
75.0	130		1.2615384615384615
9.76	16.9		1.2620118343195266
61.9	107		1.262803738317757
1.6	2.74		1.267153284671533
95.3	162		1.2706172839506173
54.9	93.1		1.271750805585392
11.8	20		1.2720000000000002
32.4	54.9		1.2721311475409838
75.0	127		1.2724409448818896
3.32	5.62		1.2725978647686835
76.8	130		1.2726153846153847
6.98	11.8		1.273220338983051
68.1	115		1.2737391304347827
1.07	1.78		1.2808988764044944
20	33.2		1.2819277108433735
88.7	147		1.2827210884353741
10.2	16.9		1.2828402366863907
84.5	140		1.282857142857143
60.4	100		1.2832000000000001
76.8	127		1.2837795275590551
33.2	54.9		1.2837887067395266
12.1	20		1.284
64.9	107		1.2852336448598132
20	32.4		1.2938271604938274
1.1	1.78		1.2943820224719103
15.4	24.9		1.2947791164658637
54.9	88.7		1.295152198421646
61.9	100		1.2952000000000001
75.0	121		1.2958677685950413
1	1.6		1.3
1.5	2.37		1.3063291139240505
93.1	147		1.3066666666666666
88.7	140		1.306857142857143
9.76	15.4		1.3070129870129872
60.4	95.3		1.3070304302203568
76.8	121		1.3077685950413223
68.1	107		1.3091588785046728
20	30.9		1.3177993527508092
95.3	147		1.318639455782313
60.4	93.1		1.3190118152524168
64.9	100		1.3192000000000002
61.9	95.3		1.3196222455403988
1.78	2.74		1.3197080291970804
54.9	84.5		1.3197633136094675
15.4	23.7		1.3198312236286922
84.5	130		1.32
75.0	115		1.3217391304347827
10.2	15.4		1.3298701298701299
20	30.1		1.33156146179402
61.9	93.1		1.3319011815252417
93.1	140		1.332
84.5	127		1.3322834645669293
22.1	33.2		1.3325301204819278
1	1.5		1.3333333333333333
76.8	115		1.3342608695652176
1.07	1.6		1.335
1.6	2.37		1.3400843881856541
16.9	24.9		1.3429718875502008
1.21	1.78		1.3438202247191011
4.75	6.98		1.3444126074498568
95.3	140		1.3445714285714285
60.4	88.7		1.3447576099210823
68.1	100		1.3448000000000002
64.9	95.3		1.3448058761804829
22.1	32.4		1.3456790123456792
88.7	130		1.345846153846154
6.98	10.2		1.347450980392157
1.1	1.6		1.35
15.4	22.1		1.3574660633484164
64.9	93.1		1.3576799140708917
61.9	88.7		1.3582863585118377
11.8	16.9		1.3585798816568049
84.5	121		1.3586776859504133
88.7	127		1.358740157480315
3.32	4.75		1.3591578947368423
75.0	107		1.360747663551402
16.9	23.7		1.370464135021097
1.07	1.5		1.3706666666666667
2.37	3.32		1.3710843373493977
23.7	33.2		1.3710843373493977
68.1	95.3		1.3716684155299057
60.4	84.5		1.3718343195266272
54.9	76.8		1.3718750000000002
6.98	9.76		1.3721311475409839
22.1	30.9		1.3721682847896441
12.1	16.9		1.3727810650887573
93.1	130		1.372923076923077
76.8	107		1.3742056074766356
68.1	93.1		1.3851772287862514
23.7	32.4		1.3851851851851853
64.9	88.7		1.3853438556933484
54.9	75.0		1.3856000000000002
61.9	84.5		1.38603550295858
88.7	121		1.3864462809917357
93.1	127		1.386456692913386
95.3	130		1.3864615384615384
1.1	1.5		1.3866666666666667
22.1	30.1		1.387375415282392
84.5	115		1.3878260869565218
24.9	33.2		1.4000000000000001
75.0	100		1.4000000000000001
95.3	127		1.4003149606299212
1.78	2.37		1.40084388185654
1.21	1.6		1.4050000000000002
16.9	22.1		1.411764705882353
11.8	15.4		1.4129870129870132
23.7	30.9		1.4135922330097088
68.1	88.7		1.414205186020293
76.8	100		1.4144
64.9	84.5		1.4144378698224853
24.9	32.4		1.414814814814815
93.1	121		1.4155371900826446
15.4	20		1.4160000000000001
88.7	115		1.4170434782608696
12.1	15.4		1.4285714285714286
60.4	76.8		1.429166666666667
75.0	95.3		1.4295907660020988
23.7	30.1		1.4299003322259136
95.3	121		1.4300826446280992
84.5	107		1.4317757009345795
20	24.9		1.442570281124498
5.62	6.98		1.4441260744985673
60.4	75.0		1.4442666666666668
75.0	93.1		1.4444683136412462
24.9	30.9		1.4446601941747574
76.8	95.3		1.444700944386149
68.1	84.5		1.4447337278106511
61.9	76.8		1.444791666666667
54.9	68.1		1.444933920704846
9.76	12.1		1.4452892561983472
1.21	1.5		1.4453333333333334
93.1	115		1.4476521739130435
76.8	93.1		1.459935553168636
2.74	3.32		1.460240963855422
61.9	75.0		1.4602666666666668
1	1.21		1.4611570247933885
9.76	11.8		1.4616949152542373
24.9	30.1		1.4617940199335546
95.3	115		1.4629565217391305
88.7	107		1.463177570093458
1.5	1.78		1.4741573033707867
10.2	12.1		1.474380165289256
20	23.7		1.4751054852320675
16.9	20		1.476
84.5	100		1.476
64.9	76.8		1.476041666666667
4.75	5.62		1.4761565836298933
75.0	88.7		1.4764374295377678
54.9	64.9		1.47673343605547
10.2	11.8		1.4915254237288136
2.37	2.74		1.491970802919708
64.9	75.0		1.4922666666666669
76.8	88.7		1.4926719278466742
93.1	107		1.4960747663551404
1.07	1.21		1.5074380165289256
84.5	95.3		1.5093389296956978
68.1	76.8		1.5093750000000001
54.9	61.9		1.5095315024232634
60.4	68.1		1.509544787077827
88.7	100		1.5096
22.1	24.9		1.5100401606425704
75.0	84.5		1.5100591715976333
95.3	107		1.5125233644859815
1.6	1.78		1.5191011235955056
20	22.1		1.5239819004524886
30.1	33.2		1.5253012048192771
84.5	93.1		1.5261009667024705
68.1	75.0		1.5264
76.8	84.5		1.5271005917159763
54.9	60.4		1.5271523178807946
61.9	68.1		1.5271659324522764
1	1.1		1.5272727272727273
1.1	1.21		1.5272727272727273
15.4	16.9		1.5289940828402369
30.1	32.4		1.54320987654321
60.4	64.9		1.5445300462249616
30.9	33.2		1.5445783132530122
88.7	95.3		1.5445960125918154
93.1	100		1.5448000000000002
22.1	23.7		1.5459915611814345
1	1.07		1.5476635514018693
1.5	1.6		1.55
23.7	24.9		1.5614457831325304
84.5	88.7		1.562119503945885
88.7	93.1		1.5621911922663803
95.3	100		1.5624
64.9	68.1		1.562408223201175
30.9	32.4		1.562962962962963
61.9	64.9		1.5630200308166409
9.76	10.2		1.5654901960784315
1.07	1.1		1.5781818181818181
30.1	30.9		1.5792880258899678
11.8	12.1		1.5801652892561986
60.4	61.9		1.5806138933764136
32.4	33.2		1.580722891566265
75.0	76.8		1.58125
93.1	95.3		1.581532004197272
1	1		1.6
1.1	1.1		1.6
1.21	1.21		1.6
1.5	1.5		1.6
1.6	1.6		1.6
1.78	1.78		1.6
2.37	2.37		1.6
2.74	2.74		1.6
3.32	3.32		1.6
4.75	4.75		1.6
6.98	6.98		1.6
9.76	9.76		1.6
10.2	10.2		1.6
12.1	12.1		1.6
15.4	15.4		1.6
16.9	16.9		1.6
20	20		1.6
22.1	22.1		1.6
23.7	23.7		1.6
24.9	24.9		1.6
30.1	30.1		1.6
30.9	30.9		1.6
32.4	32.4		1.6
33.2	33.2		1.6
54.9	54.9		1.6
100	100		1.6
1.07	1.07		1.6
107	100		1.6
107	107		1.6
115	100		1.6
115	107		1.6
115	115		1.6
11.8	11.8		1.6
121	100		1.6
121	107		1.6
121	115		1.6
121	121		1.6
127	100		1.6
127	107		1.6
127	115		1.6
127	121		1.6
127	127		1.6
130	100		1.6
130	107		1.6
130	115		1.6
130	121		1.6
130	127		1.6
130	130		1.6
140	100		1.6
140	107		1.6
140	115		1.6
140	121		1.6
140	127		1.6
140	130		1.6
140	140		1.6
147	100		1.6
147	107		1.6
147	115		1.6
147	121		1.6
147	127		1.6
147	130		1.6
147	140		1.6
147	147		1.6
162	100		1.6
162	107		1.6
162	115		1.6
162	121		1.6
162	127		1.6
162	130		1.6
162	140		1.6
162	147		1.6
162	162		1.6
169	100		1.6
169	107		1.6
169	115		1.6
169	121		1.6
169	127		1.6
169	130		1.6
169	140		1.6
169	147		1.6
169	162		1.6
169	169		1.6
182	100		1.6
182	107		1.6
182	115		1.6
182	121		1.6
182	127		1.6
182	130		1.6
182	140		1.6
182	147		1.6
182	162		1.6
182	169		1.6
182	182		1.6
191	100		1.6
191	107		1.6
191	115		1.6
191	121		1.6
191	127		1.6
191	130		1.6
191	140		1.6
191	147		1.6
191	162		1.6
191	169		1.6
191	182		1.6
191	191		1.6
200	107		1.6
200	115		1.6
200	121		1.6
200	127		1.6
200	130		1.6
200	140		1.6
200	147		1.6
200	162		1.6
200	169		1.6
200	182		1.6
200	191		1.6
200	200		1.6
210	107		1.6
210	115		1.6
210	121		1.6
210	127		1.6
210	130		1.6
210	140		1.6
210	147		1.6
210	162		1.6
210	169		1.6
210	182		1.6
210	191		1.6
210	200		1.6
210	210		1.6
274	140		1.6
274	147		1.6
274	162		1.6
274	169		1.6
274	182		1.6
274	191		1.6
274	200		1.6
274	210		1.6
274	274		1.6
332	169		1.6
332	182		1.6
332	191		1.6
332	200		1.6
332	210		1.6
332	274		1.6
332	332		1.6
365	191		1.6
365	200		1.6
365	210		1.6
365	274		1.6
365	332		1.6
365	365		1.6
562	332		1.6
562	365		1.6
562	562		1.6
5.62	5.62		1.6
60.4	60.4		1.6
61.9	61.9		1.6
64.9	64.9		1.6
68.1	68.1		1.6
75.0	75.0		1.6
768	562		1.6
768	768		1.6
76.8	76.8		1.6
84.5	84.5		1.6
88.7	88.7		1.6
909	562		1.6
909	768		1.6
909	909		1.6
93.1	93.1		1.6
95.3	95.3		1.6
95.3	93.1		1.6189044038668101
76.8	75.0		1.6192000000000002
33.2	32.4		1.6197530864197534
61.9	60.4		1.6198675496688744
12.1	11.8		1.6203389830508474
30.9	30.1		1.621262458471761
1.1	1.07		1.622429906542056
10.2	9.76		1.6360655737704919
64.9	61.9		1.6387722132471731
32.4	30.9		1.6388349514563108
68.1	64.9		1.6394453004622496
100	95.3		1.639454354669465
93.1	88.7		1.6396843291995489
88.7	84.5		1.6397633136094676
24.9	23.7		1.6405063291139244
1.6	1.5		1.6533333333333333
1.07	1		1.6560000000000004
23.7	22.1		1.657918552036199
100	93.1		1.6592910848549949
95.3	88.7		1.6595264937993237
33.2	30.9		1.6595469255663433
64.9	60.4		1.6596026490066227
32.4	30.1		1.6611295681063123
16.9	15.4		1.677922077922078
1.21	1.1		1.6799999999999997
1.1	1		1.6800000000000002
68.1	61.9		1.680129240710824
60.4	54.9		1.6801457194899818
84.5	76.8		1.6802083333333337
75.0	68.1		1.6810572687224672
93.1	84.5		1.6814201183431956
33.2	30.1		1.6823920265780732
22.1	20		1.6840000000000002
1.78	1.6		1.69
107	95.3		1.6982161594963274
84.5	75.0		1.7013333333333336
24.9	22.1		1.7013574660633481
100	88.7		1.7019165727170238
68.1	60.4		1.7019867549668874
61.9	54.9		1.7020036429872498
76.8	68.1		1.7022026431718063
95.3	84.5		1.7022485207100595
1.21	1.07		1.7046728971962617
107	93.1		1.7194414607948447
88.7	76.8		1.7239583333333337
75.0	64.9		1.7244992295839752
2.74	2.37		1.7248945147679327
11.8	10.2		1.7254901960784317
64.9	54.9		1.7457194899817852
88.7	75.0		1.7461333333333338
5.62	4.75		1.746526315789474
76.8	64.9		1.7466872110939908
20	16.9		1.7467455621301775
100	84.5		1.7467455621301775
23.7	20		1.7480000000000002
12.1	10.2		1.7490196078431375
1.78	1.5		1.7493333333333334
107	88.7		1.7650507328072154
115	95.3		1.765372507869885
30.1	24.9		1.7670682730923695
11.8	9.76		1.7672131147540986
1.21	1		1.768
75.0	61.9		1.7693053311793214
3.32	2.74		1.7693430656934304
93.1	76.8		1.7697916666666664
115	93.1		1.7881847475832437
1.5	1.21		1.7917355371900827
12.1	9.76		1.7918032786885245
68.1	54.9		1.7923497267759563
76.8	61.9		1.7925686591276255
84.5	68.1		1.7926578560939797
95.3	76.8		1.7927083333333336
30.9	24.9		1.7927710843373497
93.1	75.0		1.7930666666666668
75.0	60.4		1.7933774834437088
6.98	5.62		1.7935943060498223
24.9	20		1.7960000000000003
107	84.5		1.8130177514792898
121	95.3		1.8157397691500528
30.1	23.7		1.8160337552742618
95.3	75.0		1.8165333333333333
76.8	60.4		1.8172185430463579
15.4	12.1		1.8181818181818181
115	88.7		1.8372040586245775
20	15.4		1.8389610389610391
121	93.1		1.8397422126745437
32.4	24.9		1.840963855421687
84.5	64.9		1.841602465331279
100	76.8		1.8416666666666668
88.7	68.1		1.8419970631424378
30.9	23.7		1.8430379746835444
15.4	11.8		1.8440677966101697
22.1	16.9		1.8461538461538465
1.6	1.21		1.8578512396694216
2.37	1.78		1.8651685393258426
127	95.3		1.8661070304302205
100	75.0		1.8666666666666665
33.2	24.9		1.866666666666667
115	84.5		1.8887573964497044
30.1	22.1		1.8895927601809956
1.5	1.1		1.8909090909090907
130	95.3		1.8912906610703044
127	93.1		1.8912996777658435
121	88.7		1.8913190529875987
84.5	61.9		1.892084006462036
75.0	54.9		1.8928961748633881
88.7	64.9		1.8933744221879814
32.4	23.7		1.8936708860759497
93.1	68.1		1.8936857562408222
107	76.8		1.9145833333333337
130	93.1		1.9170784103114933
16.9	12.1		1.9173553719008265
30.9	22.1		1.918552036199095
9.76	6.98		1.9186246418338109
76.8	54.9		1.919125683060109
84.5	60.4		1.9192052980132452
95.3	68.1		1.9195301027900147
3.32	2.37		1.920675105485232
33.2	23.7		1.9206751054852322
1.5	1.07		1.9214953271028037
23.7	16.9		1.9218934911242607
107	75.0		1.9413333333333336
4.75	3.32		1.9445783132530121
127	88.7		1.94543404735062
121	84.5		1.9455621301775148
16.9	11.8		1.9457627118644067
88.7	61.9		1.946365105008078
93.1	64.9		1.9476117103235744
22.1	15.4		1.9480519480519485
1.6	1.1		1.9636363636363638
10.2	6.98		1.969054441260745
130	88.7		1.972491544532131
32.4	22.1		1.9728506787330318
95.3	64.9		1.9747303543913715
100	68.1		1.9747430249632894
88.7	60.4		1.9748344370860929
140	95.3		1.975236096537251
6.98	4.75		1.975578947368421
1.78	1.21		1.9768595041322314
24.9	16.9		1.9786982248520708
2.37	1.6		1.9850000000000003
1.6	1.07		1.9962616822429908
115	76.8		1.9979166666666668
1.5	1		2.0
33.2	22.1		2.001809954751131
127	84.5		2.002366863905326
140	93.1		2.0030075187969927
93.1	61.9		2.003231017770598
30.1	20		2.004
15.4	10.2		2.007843137254902
115	75.0		2.026666666666667
130	84.5		2.0307692307692307
23.7	15.4		2.031168831168831
84.5	54.9		2.031329690346084
2.74	1.78		2.031460674157304
95.3	61.9		2.031663974151858
100	64.9		2.0326656394453004
93.1	60.4		2.033112582781457
147	95.3		2.0339979013641134
30.9	20		2.036
107	68.1		2.05697503671072
121	76.8		2.060416666666667
95.3	60.4		2.0622516556291393
15.4	9.76		2.0622950819672137
140	88.7		2.062683201803833
147	93.1		2.0631578947368423
2.37	1.5		2.064
1.6	1		2.08
121	75.0		2.090666666666667
100	61.9		2.092407108239095
88.7	54.9		2.0925318761384335
24.9	15.4		2.0935064935064935
1.78	1.1		2.0945454545454547
32.4	20		2.096
107	64.9		2.1189522342064713
20	12.1		2.1223140495867767
54.9	33.2		2.1228915662650603
127	76.8		2.122916666666667
100	60.4		2.124503311258278
140	84.5		2.1254437869822485
16.9	10.2		2.1254901960784314
147	88.7		2.125817361894025
33.2	20		2.128
1.78	1.07		2.1308411214953273
115	68.1		2.150954478707783
11.8	6.98		2.1524355300859597
130	76.8		2.154166666666667
5.62	3.32		2.15421686746988
127	75.0		2.154666666666667
54.9	32.4		2.155555555555556
20	11.8		2.1559322033898307
93.1	54.9		2.156648451730419
162	95.3		2.1599160545645333
2.74	1.6		2.1700000000000004
107	61.9		2.182875605815832
16.9	9.76		2.185245901639344
130	75.0		2.186666666666667
12.1	6.98		2.186819484240688
4.75	2.74		2.186861313868613
95.3	54.9		2.188706739526412
9.76	5.62		2.18932384341637
147	84.5		2.191715976331361
162	93.1		2.1920515574650916
107	60.4		2.217218543046358
115	64.9		2.2175654853620954
169	95.3		2.218677859391396
54.9	30.9		2.221359223300971
121	68.1		2.2214390602055802
1.78	1		2.224
30.1	16.9		2.2248520710059174
10.2	5.62		2.2519572953736655
169	93.1		2.2522019334049412
60.4	33.2		2.255421686746988
100	54.9		2.2571948998178506
140	76.8		2.2583333333333337
54.9	30.1		2.259136212624585
162	88.7		2.2611048478015783
22.1	12.1		2.2611570247933885
2.74	1.5		2.261333333333334
30.9	16.9		2.262721893491124
115	61.9		2.2862681744749596
60.4	32.4		2.2913580246913585
121	64.9		2.2915254237288134
61.9	33.2		2.291566265060241
127	68.1		2.2919236417033773
3.32	1.78		2.292134831460674
140	75.0		2.2933333333333334
22.1	11.8		2.298305084745763
115	60.4		2.32317880794702
169	88.7		2.3242390078917703
130	68.1		2.327165932452276
182	95.3		2.327806925498426
61.9	32.4		2.328395061728395
147	76.8		2.3312500000000003
32.4	16.9		2.333727810650888
162	84.5		2.333727810650888
107	54.9		2.3591985428051006
30.1	15.4		2.3636363636363638
60.4	30.9		2.3637540453074437
121	61.9		2.3638126009693052
64.9	33.2		2.363855421686747
182	93.1		2.3639097744360904
127	64.9		2.3654853620955314
23.7	12.1		2.3669421487603306
2.37	1.21		2.366942148760331
147	75.0		2.368
20	10.2		2.368627450980392
33.2	16.9		2.371597633136095
169	84.5		2.4000000000000004
200	100		2.4000000000000004
210	100		2.4000000000000004
274	100		2.4000000000000004
274	107		2.4000000000000004
274	115		2.4000000000000004
274	121		2.4000000000000004
274	127		2.4000000000000004
274	130		2.4000000000000004
332	115		2.4000000000000004
332	121		2.4000000000000004
332	127		2.4000000000000004
332	130		2.4000000000000004
332	140		2.4000000000000004
332	147		2.4000000000000004
332	162		2.4000000000000004
365	127		2.4000000000000004
365	130		2.4000000000000004
365	140		2.4000000000000004
365	147		2.4000000000000004
365	162		2.4000000000000004
365	169		2.4000000000000004
365	182		2.4000000000000004
562	191		2.4000000000000004
562	200		2.4000000000000004
562	210		2.4000000000000004
562	274		2.4000000000000004
768	274		2.4000000000000004
768	332		2.4000000000000004
768	365		2.4000000000000004
909	332		2.4000000000000004
909	365		2.4000000000000004
130	64.9		2.4024653312788904
64.9	32.4		2.4024691358024697
61.9	30.9		2.402588996763754
121	60.4		2.4026490066225166
191	95.3		2.4033578174186783
4.75	2.37		2.40337552742616
30.9	15.4		2.4051948051948053
60.4	30.1		2.4053156146179404
23.7	11.8		2.4067796610169494
20	9.76		2.439344262295082
5.62	2.74		2.4408759124087593
68.1	33.2		2.440963855421687
191	93.1		2.44124597207304
127	61.9		2.4413570274636514
182	88.7		2.4414881623449833
9.76	4.75		2.4437894736842107
140	68.1		2.444640234948605
61.9	30.1		2.4451827242524917
24.9	12.1		2.4462809917355375
3.32	1.6		2.46
115	54.9		2.4757741347905284
200	95.3		2.47890870933893
11.8	5.62		2.4797153024911034
130	61.9		2.480129240710824
64.9	30.9		2.4802588996763757
68.1	32.4		2.4814814814814814
6.98	3.32		2.481927710843374
127	60.4		2.4821192052980137
32.4	15.4		2.4831168831168835
162	76.8		2.4875000000000003
24.9	11.8		2.488135593220339
10.2	4.75		2.5178947368421056
200	93.1		2.5185821697099895
130	60.4		2.5218543046357618
12.1	5.62		2.522419928825623
191	88.7		2.522660653889515
182	84.5		2.523076923076923
2.37	1.1		2.5236363636363635
33.2	15.4		2.524675324675325
64.9	30.1		2.524916943521595
140	64.9		2.5257318952234207
147	68.1		2.5268722466960356
162	75.0		2.5280000000000005
22.1	10.2		2.5333333333333337
169	76.8		2.560416666666667
210	95.3		2.5628541448058764
68.1	30.9		2.563106796116505
121	54.9		2.5632058287795996
54.9	24.9		2.563855421686747
15.4	6.98		2.5650429799426937
3.32	1.5		2.570666666666667
2.37	1.07		2.57196261682243
169	75.0		2.602666666666667
200	88.7		2.6038331454340473
210	93.1		2.604511278195489
75.0	33.2		2.6072289156626507
191	84.5		2.6082840236686393
140	61.9		2.6093699515347337
68.1	30.1		2.609966777408638
22.1	9.76		2.611475409836066
2.74	1.21		2.611570247933885
147	64.9		2.612018489984592
76.8	33.2		2.6506024096385543
127	54.9		2.6506375227686707
75.0	32.4		2.651851851851852
54.9	23.7		2.6531645569620252
140	60.4		2.6543046357615894
23.7	10.2		2.658823529411765
200	84.5		2.693491124260355
210	88.7		2.6940248027057496
130	54.9		2.6943533697632063
182	76.8		2.6958333333333337
2.37	1		2.696
76.8	32.4		2.696296296296296
5.62	2.37		2.6970464135021097
147	61.9		2.6998384491114704
162	68.1		2.703083700440529
16.9	6.98		2.7369627507163323
60.4	24.9		2.740562248995984
182	75.0		2.7413333333333334
75.0	30.9		2.7417475728155343
23.7	9.76		2.7426229508196722
147	60.4		2.7470198675496693
24.9	10.2		2.7529411764705887
169	68.1		2.785315712187959
54.9	22.1		2.7873303167420813
11.8	4.75		2.7873684210526317
210	84.5		2.788165680473373
76.8	30.9		2.788349514563107
61.9	24.9		2.7887550200803215
191	76.8		2.7895833333333337
30.1	12.1		2.7900826446280997
2.74	1.1		2.792727272727273
75.0	30.1		2.7933554817275748
162	64.9		2.7969183359013865
84.5	33.2		2.836144578313253
191	75.0		2.8373333333333335
12.1	4.75		2.8378947368421055
6.98	2.74		2.8379562043795623
60.4	23.7		2.838818565400844
140	54.9		2.840072859744991
30.1	11.8		2.840677966101695
24.9	9.76		2.8409836065573773
76.8	30.1		2.8411960132890366
30.9	12.1		2.8429752066115705
2.74	1.07		2.848598130841122
169	64.9		2.883204930662558
200	76.8		2.8833333333333337
64.9	24.9		2.8851405622489965
84.5	32.4		2.88641975308642
61.9	23.7		2.889451476793249
162	61.9		2.8936995153473344
30.9	11.8		2.8949152542372882
200	75.0		2.9333333333333336
4.75	1.78		2.9348314606741575
88.7	33.2		2.9373493975903617
182	68.1		2.938032305433187
147	54.9		2.9420765027322404
32.4	12.1		2.9421487603305785
162	60.4		2.9456953642384107
169	61.9		2.984168012924071
60.4	22.1		2.986425339366516
210	76.8		2.9875000000000003
84.5	30.9		2.9877022653721688
68.1	24.9		2.9879518072289155
88.7	32.4		2.990123456790124
64.9	23.7		2.9907172995780598
2.74	1		2.9920000000000004
15.4	5.62		2.992170818505338
3.32	1.21		2.9950413223140497
33.2	12.1		2.9950413223140497
54.9	20		2.9960000000000004
32.4	11.8		2.9966101694915253
169	60.4		3.03841059602649
210	75.0		3.04
61.9	22.1		3.0407239819004523
93.1	33.2		3.0433734939759036
182	64.9		3.043451463790447
191	68.1		3.043759177679883
84.5	30.1		3.045847176079734
33.2	11.8		3.050847457627119
20	6.98		3.092263610315186
95.3	33.2		3.0963855421686746
88.7	30.9		3.0964401294498387
68.1	23.7		3.09873417721519
93.1	32.4		3.098765432098766
274	95.3		3.100104931794334
64.9	22.1		3.149321266968326
200	68.1		3.149486049926579
9.76	3.32		3.151807228915663
182	61.9		3.1521809369951534
95.3	32.4		3.1530864197530866
191	64.9		3.1543913713405236
274	93.1		3.1544575725026855
6.98	2.37		3.1561181434599157
88.7	30.1		3.157475083056479
162	54.9		3.1606557377049183
30.1	10.2		3.1607843137254905
4.75	1.6		3.1750000000000003
332	100		3.2
332	107		3.2
365	100		3.2
365	107		3.2
365	115		3.2
365	121		3.2
562	147		3.2
562	162		3.2
562	169		3.2
562	182		3.2
768	200		3.2
768	210		3.2
909	274		3.2
16.9	5.62		3.2056939501779356
100	33.2		3.209638554216868
75.0	24.9		3.209638554216868
93.1	30.9		3.210355987055016
182	60.4		3.210596026490066
3.32	1.1		3.2145454545454544
60.4	20		3.2159999999999997
30.9	10.2		3.223529411764706
10.2	3.32		3.257831325301205
169	54.9		3.2626593806921678
68.1	22.1		3.265158371040724
200	64.9		3.265331278890601
210	68.1		3.266960352422908
30.1	9.76		3.267213114754098
95.3	30.9		3.267313915857605
76.8	24.9		3.2674698795180728
191	61.9		3.2684975767366726
100	32.4		3.2691358024691355
274	88.7		3.2712514092446447
93.1	30.1		3.274418604651163
61.9	20		3.276
3.32	1.07		3.282242990654206
5.62	1.78		3.3258426966292136
191	60.4		3.329801324503312
75.0	23.7		3.331645569620253
30.9	9.76		3.332786885245902
95.3	30.1		3.3328903654485047
22.1	6.98		3.332951289398281
4.75	1.5		3.333333333333333
32.4	10.2		3.341176470588236
107	33.2		3.3783132530120485
200	61.9		3.3848142164781905
210	64.9		3.388597842835131
100	30.9		3.3889967637540455
76.8	23.7		3.392405063291139
15.4	4.75		3.3936842105263154
274	84.5		3.3940828402366865
64.9	20		3.3960000000000004
54.9	16.9		3.3988165680473372
33.2	10.2		3.4039215686274518
107	32.4		3.4419753086419753
200	60.4		3.4490066225165563
182	54.9		3.452094717668489
32.4	9.76		3.4557377049180333
3.32	1		3.4560000000000004
100	30.1		3.4578073089700996
210	61.9		3.5140549273021002
84.5	24.9		3.514859437751004
75.0	22.1		3.514932126696833
23.7	6.98		3.5163323782234954
33.2	9.76		3.5213114754098367
68.1	20		3.5239999999999996
107	30.9		3.5702265372168287
115	33.2		3.5710843373493972
76.8	22.1		3.5800904977375567
210	60.4		3.581456953642385
191	54.9		3.583242258652095
332	95.3		3.5869884575026236
5.62	1.6		3.6099999999999994
115	32.4		3.6395061728395066
11.8	3.32		3.6433734939759037
107	30.1		3.643853820598007
16.9	4.75		3.646315789473684
20	5.62		3.646975088967972
9.76	2.74		3.649635036496351
88.7	24.9		3.6497991967871486
54.9	15.4		3.651948051948052
84.5	23.7		3.6523206751054857
332	93.1		3.6528464017185827
24.9	6.98		3.653868194842407
274	76.8		3.6541666666666672
60.4	16.9		3.659171597633136
200	54.9		3.7143897996357014
12.1	3.32		3.7156626506024097
121	33.2		3.7156626506024097
274	75.0		3.722666666666667
61.9	16.9		3.7301775147928993
115	30.9		3.7773462783171525
10.2	2.74		3.778102189781022
121	32.4		3.7876543209876545
93.1	24.9		3.7911646586345387
88.7	23.7		3.7940928270042193
332	88.7		3.794363021420519
5.62	1.5		3.797333333333333
75.0	20		3.8000000000000003
115	30.1		3.856478405315615
84.5	22.1		3.8588235294117648
210	54.9		3.8601092896174864
127	33.2		3.8602409638554214
95.3	24.9		3.861847389558233
365	95.3		3.8640083945435464
76.8	20		3.872
64.9	16.9		3.8721893491124266
130	33.2		3.932530120481928
121	30.9		3.932686084142395
127	32.4		3.935802469135803
365	93.1		3.936412459720731
6.98	1.78		3.9370786516853933
60.4	15.4		3.937662337662337
4.75	1.21		3.9404958677685955
93.1	23.7		3.9426160337552747
332	84.5		3.94319526627219
22.1	5.62		3.945907473309609
562	115		4.0
562	121		4.0
562	127		4.0
562	130		4.0
562	140		4.0
768	162		4.0
768	169		4.0
768	182		4.0
768	191		4.0
909	182		4.0
909	191		4.0
909	200		4.0
909	210		4.0
130	32.4		4.009876543209876
88.7	22.1		4.010859728506787
100	24.9		4.012851405622491
61.9	15.4		4.015584415584416
121	30.1		4.015946843853821
95.3	23.7		4.016877637130802
274	68.1		4.018795888399413
68.1	16.9		4.023668639053255
127	30.9		4.088025889967638
365	88.7		4.091995490417136
9.76	2.37		4.094514767932489
130	30.9		4.16569579288026
20	4.75		4.168421052631579
93.1	22.1		4.170135746606334
64.9	15.4		4.171428571428572
140	33.2		4.1734939759036145
23.7	5.62		4.173665480427046
127	30.1		4.175415282392026
100	23.7		4.175527426160338
274	64.9		4.1775038520801235
84.5	20		4.18
107	24.9		4.237751004016064
10.2	2.37		4.243037974683545
11.8	2.74		4.245255474452555
95.3	22.1		4.249773755656109
30.1	6.98		4.249856733524355
4.75	1.1		4.254545454545454
130	30.1		4.255149501661129
365	84.5		4.2556213017751485
140	32.4		4.256790123456791
332	76.8		4.258333333333334
6.98	1.6		4.29
12.1	2.74		4.3328467153284675
68.1	15.4		4.337662337662337
274	61.9		4.3411954765751215
332	75.0		4.341333333333334
30.9	6.98		4.341547277936963
147	33.2		4.3421686746987955
24.9	5.62		4.344483985765125
88.7	20		4.348000000000001
75.0	16.9		4.350295857988166
4.75	1.07		4.351401869158878
107	23.7		4.411814345991561
100	22.1		4.419909502262444
140	30.9		4.424595469255664
274	60.4		4.429139072847682
147	32.4		4.42962962962963
54.9	12.1		4.429752066115703
76.8	16.9		4.435502958579882
115	24.9		4.494779116465864
15.4	3.32		4.510843373493976
32.4	6.98		4.513467048710601
5.62	1.21		4.515702479338843
140	30.1		4.520930232558139
54.9	11.8		4.522033898305085
22.1	4.75		4.522105263157895
6.98	1.5		4.522666666666667
93.1	20		4.524
4.75	1		4.6000000000000005
365	76.8		4.602083333333334
33.2	6.98		4.605157593123209
147	30.9		4.605825242718447
95.3	20		4.612
107	22.1		4.673303167420815
115	23.7		4.681856540084389
121	24.9		4.687550200803213
365	75.0		4.693333333333333
75.0	15.4		4.696103896103896
332	68.1		4.700146842878121
162	33.2		4.703614457831325
147	30.1		4.706976744186046
11.8	2.37		4.783122362869199
76.8	15.4		4.78961038961039
23.7	4.75		4.7915789473684205
274	54.9		4.792714025500911
60.4	12.1		4.793388429752066
100	20		4.800000000000001
107	20		4.800000000000001
115	20		4.800000000000001
162	32.4		4.800000000000001
562	100		4.800000000000001
562	107		4.800000000000001
768	130		4.800000000000001
768	140		4.800000000000001
768	147		4.800000000000001
84.5	16.9		4.800000000000001
909	162		4.800000000000001
909	169		4.800000000000001
169	33.2		4.872289156626506
16.9	3.32		4.872289156626507
127	24.9		4.880321285140563
12.1	2.37		4.884388185654008
121	23.7		4.884388185654009
5.62	1.1		4.887272727272727
332	64.9		4.892449922958398
61.9	12.1		4.892561983471075
60.4	11.8		4.894915254237288
115	22.1		4.96289592760181
169	32.4		4.97283950617284
130	24.9		4.976706827309237
24.9	4.75		4.9936842105263155
162	30.9		4.994174757281554
61.9	11.8		4.996610169491525
88.7	16.9		4.998816568047339
5.62	1.07		5.001869158878505
30.1	5.62		5.084697508896798
127	23.7		5.086919831223629
365	68.1		5.087812041116006
332	61.9		5.090791599353796
64.9	12.1		5.090909090909092
162	30.1		5.105647840531562
54.9	10.2		5.105882352941177
169	30.9		5.175404530744338
121	22.1		5.180090497737557
182	33.2		5.185542168674699
9.76	1.78		5.186516853932584
130	23.7		5.188185654008439
84.5	15.4		5.18961038961039
332	60.4		5.1973509933774835
30.9	5.62		5.198576512455516
64.9	11.8		5.2
93.1	16.9		5.207100591715977
169	30.1		5.291694352159468
182	32.4		5.293827160493827
5.62	1		5.296
15.4	2.74		5.296350364963504
140	24.9		5.297991967871487
365	64.9		5.299229583975347
54.9	9.76		5.300000000000001
68.1	12.1		5.302479338842975
95.3	16.9		5.311242603550297
10.2	1.78		5.384269662921348
127	22.1		5.3972850678733035
191	33.2		5.402409638554217
88.7	15.4		5.407792207792208
32.4	5.62		5.412099644128114
6.98	1.21		5.414876033057852
68.1	11.8		5.416949152542372
130	22.1		5.5058823529411764
182	30.9		5.511974110032363
191	32.4		5.51604938271605
365	61.9		5.5172859450726985
562	95.3		5.517733473242393
147	24.9		5.522891566265061
140	23.7		5.525738396624472
33.2	5.62		5.525978647686833
100	16.9		5.5337278106508885
60.4	10.2		5.537254901960785
121	20		5.6000000000000005
127	20		5.6000000000000005
130	20		5.6000000000000005
768	115		5.6000000000000005
768	121		5.6000000000000005
768	127		5.6000000000000005
909	130		5.6000000000000005
909	140		5.6000000000000005
909	147		5.6000000000000005
20	3.32		5.619277108433735
200	33.2		5.619277108433735
562	93.1		5.6292158968850705
365	60.4		5.634437086092716
93.1	15.4		5.636363636363637
182	30.1		5.637209302325582
332	54.9		5.637887067395265
61.9	10.2		5.654901960784315
9.76	1.6		5.68
16.9	2.74		5.734306569343065
200	32.4		5.738271604938272
191	30.9		5.744983818770227
95.3	15.4		5.750649350649351
60.4	9.76		5.750819672131148
75.0	12.1		5.758677685950413
147	23.7		5.762025316455697
210	33.2		5.860240963855421
107	16.9		5.8650887573964505
140	22.1		5.867873303167421
562	88.7		5.868771138669673
30.1	4.75		5.869473684210527
61.9	9.76		5.873770491803279
6.98	1.1		5.876363636363637
191	30.1		5.876411960132891
76.8	12.1		5.877685950413223
75.0	11.8		5.884745762711865
64.9	10.2		5.890196078431374
10.2	1.6		5.8999999999999995
200	30.9		5.977993527508091
210	32.4		5.985185185185186
100	15.4		5.9948051948051955
15.4	2.37		5.99831223628692
30.9	4.75		6.00421052631579
162	24.9		6.004819277108434
9.76	1.5		6.005333333333334
76.8	11.8		6.0067796610169495
6.98	1.07		6.018691588785047
11.8	1.78		6.103370786516855
200	30.1		6.115614617940199
365	54.9		6.118761384335155
64.9	9.76		6.119672131147542
562	84.5		6.120710059171598
147	22.1		6.121266968325791
22.1	3.32		6.125301204819278
68.1	10.2		6.141176470588236
169	24.9		6.229718875502009
210	30.9		6.236893203883496
12.1	1.78		6.238202247191012
10.2	1.5		6.24
115	16.9		6.243786982248522
32.4	4.75		6.256842105263158
162	23.7		6.268354430379747
107	15.4		6.358441558441559
210	30.1		6.381395348837209
68.1	9.76		6.381967213114754
6.98	1		6.384
84.5	12.1		6.386776859504133
33.2	4.75		6.391578947368422
140	20		6.4
147	20		6.4
768	100		6.4
768	107		6.4
909	115		6.4
909	121		6.4
909	127		6.4
16.9	2.37		6.504641350210971
169	23.7		6.504641350210972
23.7	3.32		6.510843373493976
121	16.9		6.527810650887574
84.5	11.8		6.5288135593220336
20	2.74		6.63941605839416
182	24.9		6.647389558232932
562	76.8		6.654166666666668
162	22.1		6.664253393665158
88.7	12.1		6.664462809917357
75.0	10.2		6.682352941176472
11.8	1.6		6.7
115	15.4		6.7740259740259745
562	75.0		6.794666666666666
24.9	3.32		6.800000000000001
127	16.9		6.811834319526628
88.7	11.8		6.8135593220339
76.8	10.2		6.8235294117647065
12.1	1.6		6.8500000000000005
169	22.1		6.91764705882353
191	24.9		6.936546184738956
182	23.7		6.943459915611815
75.0	9.76		6.947540983606558
130	16.9		6.953846153846155
93.1	12.1		6.955371900826447
121	15.4		7.085714285714286
54.9	6.98		7.092263610315186
11.8	1.5		7.093333333333334
76.8	9.76		7.095081967213115
95.3	12.1		7.100826446280992
93.1	11.8		7.1118644067796595
162	20		7.2
169	20		7.2
909	107		7.2
200	24.9		7.225702811244981
768	95.3		7.247009443861491
191	23.7		7.247257383966245
22.1	2.74		7.252554744525547
9.76	1.21		7.252892561983471
12.1	1.5		7.253333333333334
95.3	11.8		7.261016949152541
182	22.1		7.388235294117647
127	15.4		7.397402597402598
768	93.1		7.39935553168636
562	68.1		7.402055800293687
274	33.2		7.402409638554217
100	12.1		7.411570247933885
140	16.9		7.427218934911244
84.5	10.2		7.427450980392158
10.2	1.21		7.5438016528925615
210	24.9		7.546987951807229
20	2.37		7.551054852320675
200	23.7		7.551054852320675
130	15.4		7.5532467532467535
274	32.4		7.5654320987654335
100	11.8		7.579661016949152
191	22.1		7.714027149321267
23.7	2.74		7.719708029197079
15.4	1.78		7.721348314606742
60.4	6.98		7.722636103151863
84.5	9.76		7.726229508196721
768	88.7		7.726719278466742
562	64.9		7.727580893682589
88.7	10.2		7.75686274509804
147	16.9		7.758579881656806
107	12.1		7.874380165289256
210	23.7		7.88860759493671
274	30.9		7.893851132686085
61.9	6.98		7.894555873925501
9.76	1.1		7.8981818181818175
182	20		8.0
191	20		8.0
909	100		8.0
200	22.1		8.039819004524887
30.1	3.32		8.053012048192773
107	11.8		8.054237288135594
562	61.9		8.063327948303716
24.9	2.74		8.070072992700728
88.7	9.76		8.07049180327869
768	84.5		8.071005917159765
140	15.4		8.072727272727272
274	30.1		8.082392026578074
9.76	1.07		8.097196261682242
93.1	10.2		8.101960784313725
10.2	1.1		8.218181818181817
64.9	6.98		8.238395415472779
562	60.4		8.243708609271524
30.9	3.32		8.24578313253012
22.1	2.37		8.259915611814346
95.3	10.2		8.27450980392157
16.9	1.78		8.395505617977527
210	22.1		8.401809954751132
115	12.1		8.403305785123967
10.2	1.07		8.426168224299065
909	95.3		8.430640083945436
93.1	9.76		8.431147540983607
147	15.4		8.436363636363636
162	16.9		8.468639053254439
15.4	1.6		8.5
115	11.8		8.596610169491525
11.8	1.21		8.601652892561985
68.1	6.98		8.605157593123208
32.4	3.32		8.60722891566265
9.76	1		8.608
909	93.1		8.610955961331902
95.3	9.76		8.611475409836066
54.9	5.62		8.614946619217083
100	10.2		8.643137254901962
12.1	1.21		8.8
23.7	2.37		8.8
121	12.1		8.8
169	16.9		8.8
200	20		8.8
210	20		8.8
332	33.2		8.8
768	76.8		8.8
33.2	3.32		8.800000000000002
10.2	1		8.959999999999999
562	54.9		8.989435336976321
768	75.0		8.992
100	9.76		8.99672131147541
332	32.4		8.997530864197532
909	88.7		8.998421645997745
121	11.8		9.003389830508475
15.4	1.5		9.013333333333334
107	10.2		9.1921568627451
127	12.1		9.196694214876034
24.9	2.37		9.20506329113924
162	15.4		9.215584415584415
16.9	1.6		9.249999999999998
11.8	1.1		9.381818181818181
130	12.1		9.39504132231405
332	30.9		9.395469255663432
75.0	6.98		9.395988538681948
60.4	5.62		9.397864768683274
909	84.5		9.405917159763314
127	11.8		9.410169491525423
182	16.9		9.415384615384616
107	9.76		9.57049180327869
169	15.4		9.57922077922078
30.1	2.74		9.588321167883212
365	33.2		9.595180722891566
12.1	1.1		9.6
76.8	6.98		9.602292263610316
274	24.9		9.603212851405623
61.9	5.62		9.611387900355872
130	11.8		9.613559322033899
11.8	1.07		9.622429906542058
332	30.1		9.623920265780733
20	1.78		9.78876404494382
365	32.4		9.812345679012346
16.9	1.5		9.813333333333333
115	10.2		9.819607843137256
30.9	2.74		9.821897810218978
768	68.1		9.822026431718063
191	16.9		9.841420118343196
12.1	1.07		9.846728971962618
64.9	5.62		10.03843416370107
54.9	4.75		10.046315789473685
274	23.7		10.048945147679326
140	12.1		10.05619834710744
115	9.76		10.226229508196722
11.8	1		10.240000000000002
365	30.9		10.249838187702267
182	15.4		10.254545454545456
32.4	2.74		10.25985401459854
768	64.9		10.266872110939907
200	16.9		10.267455621301778
909	76.8		10.26875
121	10.2		10.290196078431373
140	11.8		10.291525423728814
12.1	1		10.48
84.5	6.98		10.484813753581662
33.2	2.74		10.493430656934308
68.1	5.62		10.493950177935943
909	75.0		10.496
365	30.1		10.500996677740865
147	12.1		10.519008264462812
121	9.76		10.718032786885246
274	22.1		10.718552036199094
191	15.4		10.722077922077922
768	61.9		10.725686591276252
22.1	1.78		10.732584269662922
210	16.9		10.740828402366866
127	10.2		10.760784313725491
147	11.8		10.766101694915255
20	1.6		10.8
30.1	2.37		10.960337552742617
88.7	6.98		10.966189111747852
768	60.4		10.972185430463577
60.4	4.75		10.97263157894737
15.4	1.21		10.981818181818184
130	10.2		10.99607843137255
200	15.4		11.18961038961039
274	20		11.200000000000001
127	9.76		11.209836065573771
61.9	4.75		11.225263157894737
30.9	2.37		11.230379746835442
23.7	1.78		11.451685393258428
130	9.76		11.455737704918034
20	1.5		11.466666666666669
332	24.9		11.466666666666669
93.1	6.98		11.470487106017192
75.0	5.62		11.476156583629894
909	68.1		11.478414096916302
162	12.1		11.510743801652893
210	15.4		11.70909090909091
95.3	6.98		11.722636103151864
64.9	4.75		11.730526315789476
76.8	5.62		11.73238434163701
32.4	2.37		11.736708860759492
140	10.2		11.780392156862746
162	11.8		11.783050847457627
22.1	1.6		11.850000000000001
16.9	1.21		11.973553719008265
169	12.1		11.973553719008265
24.9	1.78		11.991011235955057
768	54.9		11.991256830601094
15.4	1.1		12.0
909	64.9		12.004930662557781
33.2	2.37		12.006751054852323
332	23.7		12.006751054852323
169	11.8		12.257627118644066
100	6.98		12.261318051575932
68.1	4.75		12.269473684210526
140	9.76		12.275409836065576
15.4	1.07		12.314018691588785
147	10.2		12.329411764705883
365	24.9		12.52690763052209
909	61.9		12.547980613893378
22.1	1.5		12.586666666666668
23.7	1.6		12.649999999999999
332	22.1		12.818099547511313
84.5	5.62		12.82846975088968
182	12.1		12.833057851239671
909	60.4		12.839735099337748
147	9.76		12.84918032786885
107	6.98		13.063610315186247
16.9	1.1		13.090909090909088
15.4	1		13.12
365	23.7		13.120675105485232
182	11.8		13.138983050847457
24.9	1.6		13.25
88.7	5.62		13.426334519572954
191	12.1		13.428099173553722
75.0	4.75		13.431578947368422
16.9	1.07		13.43551401869159
23.7	1.5		13.439999999999998
162	10.2		13.505882352941178
332	20		13.600000000000001
76.8	4.75		13.734736842105264
191	11.8		13.749152542372881
274	16.9		13.770414201183435
115	6.98		13.98051575931232
365	22.1		14.012669683257919
20	1.21		14.023140495867771
200	12.1		14.023140495867771
54.9	3.32		14.028915662650602
909	54.9		14.045901639344264
93.1	5.62		14.052669039145906
169	10.2		14.054901960784315
162	9.76		14.078688524590163
24.9	1.5		14.079999999999998
16.9	1		14.32
30.1	1.78		14.328089887640452
562	33.2		14.342168674698796
200	11.8		14.359322033898303
95.3	5.62		14.365836298932386
169	9.76		14.652459016393443
121	6.98		14.668194842406876
562	32.4		14.676543209876545
210	12.1		14.68429752066116
30.9	1.78		14.6876404494382
84.5	4.75		15.031578947368423
274	15.4		15.033766233766233
100	5.62		15.034875444839859
210	11.8		15.037288135593222
182	10.2		15.07450980392157
365	20		15.200000000000001
20	1.1		15.345454545454544
562	30.9		15.350161812297737
60.4	3.32		15.35421686746988
127	6.98		15.355873925501434
32.4	1.78		15.36179775280899
22.1	1.21		15.411570247933888
130	6.98		15.69971346704871
61.9	3.32		15.715662650602411
182	9.76		15.718032786885246
33.2	1.78		15.721348314606743
562	30.1		15.736877076411961
88.7	4.75		15.738947368421055
20	1.07		15.753271028037384
191	10.2		15.780392156862746
30.1	1.6		15.850000000000001
107	5.62		16.031316725978648
30.9	1.6		16.249999999999996
64.9	3.32		16.438554216867473
191	9.76		16.455737704918032
23.7	1.21		16.469421487603306
93.1	4.75		16.48
200	10.2		16.486274509803923
332	16.9		16.51597633136095
20	1		16.8
54.9	2.74		16.82919708029197
140	6.98		16.8458452722063
95.3	4.75		16.850526315789477
30.1	1.5		16.853333333333335
22.1	1.1		16.87272727272727
32.4	1.6		16.999999999999996
115	5.62		17.170106761565837
200	9.76		17.193442622950823
68.1	3.32		17.209638554216866
24.9	1.21		17.262809917355373
210	10.2		17.27058823529412
30.9	1.5		17.279999999999998
22.1	1.07		17.323364485981312
33.2	1.6		17.400000000000002
100	4.75		17.642105263157898
147	6.98		17.64813753581662
210	9.76		18.013114754098364
121	5.62		18.024199288256227
23.7	1.1		18.036363636363635
332	15.4		18.046753246753248
365	16.9		18.07810650887574
32.4	1.5		18.08
60.4	2.74		18.435036496350364
22.1	1		18.48
33.2	1.5		18.50666666666667
23.7	1.07		18.5196261682243
107	4.75		18.821052631578947
562	24.9		18.856224899598395
75.0	3.32		18.872289156626508
61.9	2.74		18.872992700729924
127	5.62		18.878291814946618
24.9	1.1		18.909090909090907
274	12.1		18.915702479338844
130	5.62		19.305338078291815
768	33.2		19.306024096385542
76.8	3.32		19.306024096385542
54.9	2.37		19.331645569620253
162	6.98		19.367335243553008
274	11.8		19.37627118644068
24.9	1.07		19.416822429906542
64.9	2.74		19.74890510948905
23.7	1		19.76
365	15.4		19.761038961038963
768	32.4		19.762962962962966
562	23.7		19.7704641350211
115	4.75		20.16842105263158
169	6.98		20.169627507163327
68.1	2.74		20.683211678832116
768	30.9		20.68349514563107
30.1	1.21		20.700826446280995
24.9	1		20.72
140	5.62		20.7288256227758
562	22.1		21.14389140271493
84.5	3.32		21.161445783132535
121	4.75		21.178947368421053
60.4	2.37		21.18818565400844
768	30.1		21.21196013289037
30.9	1.21		21.229752066115704
182	6.98		21.659598853868193
61.9	2.37		21.69451476793249
147	5.62		21.72526690391459
88.7	3.32		22.173493975903618
127	4.75		22.189473684210526
32.4	1.21		22.221487603305786
274	10.2		22.290196078431375
30.1	1.1		22.69090909090909
191	6.98		22.69111747851003
130	4.75		22.694736842105264
75.0	2.74		22.697810218978102
909	33.2		22.703614457831325
64.9	2.37		22.707172995780596
33.2	1.21		22.750413223140498
332	12.1		22.750413223140498
562	20		23.200000000000003
76.8	2.74		23.223357664233575
93.1	3.32		23.23373493975904
909	32.4		23.244444444444447
274	9.76		23.259016393442625
30.9	1.1		23.27272727272727
30.1	1.07		23.304672897196262
332	11.8		23.308474576271188
200	6.98		23.722636103151864
95.3	3.32		23.76385542168675
68.1	2.37		23.787341772151898
162	5.62		23.86049822064057
30.9	1.07		23.902803738317758
909	30.9		24.333980582524276
32.4	1.1		24.36363636363636
140	4.75		24.378947368421052
169	5.62		24.85693950177936
210	6.98		24.868767908309454
30.1	1		24.880000000000003
100	3.32		24.896385542168677
365	12.1		24.93223140495868
33.2	1.1		24.94545454545455
909	30.1		24.959468438538206
32.4	1.07		25.02429906542056
84.5	2.74		25.471532846715327
54.9	1.78		25.474157303370788
768	24.9		25.47469879518073
30.9	1		25.52
365	11.8		25.545762711864406
147	4.75		25.557894736842105
33.2	1.07		25.622429906542063
75.0	2.37		26.116455696202532
107	3.32		26.583132530120487
88.7	2.74		26.697810218978102
182	5.62		26.707473309608545
32.4	1		26.72
76.8	2.37		26.72405063291139
768	23.7		26.724050632911396
332	10.2		26.839215686274514
33.2	1		27.360000000000003
562	16.9		27.403550295857993
60.4	1.78		27.946067415730337
93.1	2.74		27.982481751824817
191	5.62		27.98861209964413
332	9.76		28.01311475409836
162	4.75		28.084210526315793
54.9	1.6		28.25
115	3.32		28.510843373493977
768	22.1		28.600904977375563
61.9	1.78		28.620224719101124
95.3	2.74		28.62481751824817
169	4.75		29.263157894736846
200	5.62		29.269750889679717
84.5	2.37		29.323206751054855
365	10.2		29.427450980392162
121	3.32		29.9566265060241
64.9	1.78		29.9685393258427
562	15.4		29.994805194805195
100	2.74		29.9970802919708
909	24.9		30.00481927710844
54.9	1.5		30.080000000000002
210	5.62		30.693238434163703
365	9.76		30.71803278688525
88.7	2.37		30.740928270042197
60.4	1.6		31.0
768	20		31.200000000000003
127	3.32		31.402409638554218
68.1	1.78		31.40674157303371
182	4.75		31.452631578947372
909	23.7		31.483544303797473
61.9	1.6		31.75
107	2.74		32.04087591240876
130	3.32		32.12530120481928
274	6.98		32.20401146131805
93.1	2.37		32.22616033755274
191	4.75		32.96842105263158
95.3	2.37		32.96877637130802
60.4	1.5		33.013333333333335
64.9	1.6		33.25
909	22.1		33.70497737556561
61.9	1.5		33.81333333333333
115	2.74		34.37664233576643
200	4.75		34.48421052631579
75.0	1.78		34.507865168539325
140	3.32		34.53493975903614
100	2.37		34.55527426160338
68.1	1.6		34.849999999999994
76.8	1.78		35.31685393258427
64.9	1.5		35.41333333333334
121	2.74		36.12846715328467
210	4.75		36.16842105263158
147	3.32		36.221686746987956
909	20		36.800000000000004
107	2.37		36.91814345991561
54.9	1.21		37.09752066115703
68.1	1.5		37.12
768	16.9		37.15502958579882
127	2.74		37.880291970802915
562	12.1		37.957024793388435
75.0	1.6		38.300000000000004
130	2.74		38.75620437956204
84.5	1.78		38.777528089887646
332	6.98		38.85157593123209
562	11.8		38.90169491525424
76.8	1.6		39.199999999999996
115	2.37		39.618565400843885
274	5.62		39.80355871886121
162	3.32		39.83614457831325
88.7	1.78		40.66516853932585
768	15.4		40.6961038961039
54.9	1.1		40.72727272727273
60.4	1.21		40.73388429752066
75.0	1.5		40.800000000000004
169	3.32		41.522891566265066
121	2.37		41.643881856540084
140	2.74		41.675912408759125
61.9	1.21		41.72561983471075
76.8	1.5		41.76
54.9	1.07		41.84672897196262
