Power Supplies: ADP122/ADP123
Output Voltage Programming:
  Vout = 0.5V ( 1 + R1/R2)

R1; R2(connect to gnd);    Vout
1	20		0.5
1	100		0.5
1	107		0.5
1	115		0.5
1	121		0.5
1	127		0.5
1	130		0.5
1	140		0.5
1	147		0.5
1	162		0.5
1	169		0.5
1	182		0.5
1	191		0.5
1	200		0.5
1	210		0.5
1	274		0.5
1	332		0.5
1	365		0.5
1	562		0.5
1	768		0.5
1	909		0.5
20	100		0.5
20	107		0.5
20	115		0.5
20	121		0.5
20	127		0.5
20	130		0.5
20	140		0.5
20	147		0.5
20	162		0.5
20	169		0.5
20	182		0.5
20	191		0.5
20	200		0.5
20	210		0.5
20	274		0.5
20	332		0.5
20	365		0.5
20	562		0.5
20	768		0.5
20	909		0.5
100	107		0.5
100	115		0.5
100	121		0.5
100	127		0.5
100	130		0.5
100	140		0.5
100	147		0.5
100	162		0.5
100	169		0.5
100	182		0.5
100	191		0.5
100	200		0.5
100	210		0.5
100	274		0.5
100	332		0.5
100	365		0.5
100	562		0.5
100	768		0.5
100	909		0.5
107	115		0.5
107	121		0.5
107	127		0.5
107	130		0.5
107	140		0.5
107	147		0.5
107	162		0.5
107	169		0.5
107	182		0.5
107	191		0.5
107	200		0.5
107	210		0.5
107	274		0.5
107	332		0.5
107	365		0.5
107	562		0.5
107	768		0.5
107	909		0.5
115	121		0.5
115	127		0.5
115	130		0.5
115	140		0.5
115	147		0.5
115	162		0.5
115	169		0.5
115	182		0.5
115	191		0.5
115	200		0.5
115	210		0.5
115	274		0.5
115	332		0.5
115	365		0.5
115	562		0.5
115	768		0.5
115	909		0.5
121	127		0.5
121	130		0.5
121	140		0.5
121	147		0.5
121	162		0.5
121	169		0.5
121	182		0.5
121	191		0.5
121	200		0.5
121	210		0.5
121	274		0.5
121	332		0.5
121	365		0.5
121	562		0.5
121	768		0.5
121	909		0.5
127	130		0.5
127	140		0.5
127	147		0.5
127	162		0.5
127	169		0.5
127	182		0.5
127	191		0.5
127	200		0.5
127	210		0.5
127	274		0.5
127	332		0.5
127	365		0.5
127	562		0.5
127	768		0.5
127	909		0.5
130	140		0.5
130	147		0.5
130	162		0.5
130	169		0.5
130	182		0.5
130	191		0.5
130	200		0.5
130	210		0.5
130	274		0.5
130	332		0.5
130	365		0.5
130	562		0.5
130	768		0.5
130	909		0.5
140	147		0.5
140	162		0.5
140	169		0.5
140	182		0.5
140	191		0.5
140	200		0.5
140	210		0.5
140	274		0.5
140	332		0.5
140	365		0.5
140	562		0.5
140	768		0.5
140	909		0.5
147	162		0.5
147	169		0.5
147	182		0.5
147	191		0.5
147	200		0.5
147	210		0.5
147	274		0.5
147	332		0.5
147	365		0.5
147	562		0.5
147	768		0.5
147	909		0.5
162	169		0.5
162	182		0.5
162	191		0.5
162	200		0.5
162	210		0.5
162	274		0.5
162	332		0.5
162	365		0.5
162	562		0.5
162	768		0.5
162	909		0.5
169	182		0.5
169	191		0.5
169	200		0.5
169	210		0.5
169	274		0.5
169	332		0.5
169	365		0.5
169	562		0.5
169	768		0.5
169	909		0.5
182	191		0.5
182	200		0.5
182	210		0.5
182	274		0.5
182	332		0.5
182	365		0.5
182	562		0.5
182	768		0.5
182	909		0.5
191	200		0.5
191	210		0.5
191	274		0.5
191	332		0.5
191	365		0.5
191	562		0.5
191	768		0.5
191	909		0.5
200	210		0.5
200	274		0.5
200	332		0.5
200	365		0.5
200	562		0.5
200	768		0.5
200	909		0.5
210	274		0.5
210	332		0.5
210	365		0.5
210	562		0.5
210	768		0.5
210	909		0.5
274	332		0.5
274	365		0.5
274	562		0.5
274	768		0.5
274	909		0.5
332	365		0.5
332	562		0.5
332	768		0.5
332	909		0.5
365	562		0.5
365	768		0.5
365	909		0.5
562	768		0.5
562	909		0.5
768	909		0.5
1.07	909		0.5005885588558856
1.1	909		0.5006050605060506
1.21	909		0.5006655665566556
1.07	768		0.5006966145833334
1.1	768		0.5007161458333333
1.21	768		0.5007877604166666
1.5	909		0.5008250825082509
1.6	909		0.5008800880088009
1.07	562		0.5009519572953737
1.5	768		0.5009765625
1.1	562		0.5009786476868328
1.78	909		0.500979097909791
1.6	768		0.5010416666666667
1.21	562		0.501076512455516
1.78	768		0.5011588541666666
2.37	909		0.5013036303630363
1.5	562		0.5013345195729537
1.6	562		0.501423487544484
1.07	365		0.5014657534246575
1.1	365		0.5015068493150685
2.74	909		0.5015071507150715
2.37	768		0.50154296875
1.78	562		0.5015836298932385
1.07	332		0.5016114457831325
1.1	332		0.501656626506024
1.21	365		0.5016575342465753
2.74	768		0.5017838541666667
1.21	332		0.5018222891566265
3.32	909		0.5018261826182618
1.07	274		0.5019525547445256
1.1	274		0.502007299270073
1.5	365		0.5020547945205479
2.37	562		0.5021085409252669
3.32	768		0.5021614583333334
1.6	365		0.5021917808219178
1.21	274		0.5022080291970803
1.5	332		0.5022590361445783
1.6	332		0.5024096385542168
2.74	562		0.5024377224199288
1.78	365		0.5024383561643836
1.07	210		0.502547619047619
4.75	909		0.5026127612761276
1.1	210		0.5026190476190476
1.07	200		0.502675
1.78	332		0.5026807228915663
1.5	274		0.5027372262773723
1.1	200		0.50275
1.07	191		0.5028010471204188
1.1	191		0.5028795811518325
1.21	210		0.5028809523809524
1.6	274		0.502919708029197
1.07	182		0.5029395604395605
3.32	562		0.5029537366548043
1.1	182		0.503021978021978
1.21	200		0.503025
5.62	909		0.503091309130913
4.75	768		0.5030924479166666
1.07	169		0.5031656804733727
1.21	191		0.5031675392670157
2.37	365		0.5032465753424658
1.78	274		0.5032481751824818
1.1	169		0.5032544378698225
1.07	162		0.5033024691358025
1.21	182		0.5033241758241759
1.1	162		0.5033950617283951
2.37	332		0.5035692771084337
1.5	210		0.5035714285714286
1.21	169		0.5035798816568048
1.07	147		0.503639455782313
5.62	768		0.5036588541666667
1.21	162		0.5037345679012346
1.1	147		0.5037414965986394
1.5	200		0.50375
2.74	365		0.5037534246575343
1.6	210		0.5038095238095238
1.07	140		0.5038214285714285
6.98	909		0.5038393839383939
1.5	191		0.5039267015706806
1.1	140		0.5039285714285714
1.6	200		0.504
1.07	130		0.5041153846153846
1.21	147		0.5041156462585034
1.5	182		0.5041208791208791
2.74	332		0.5041265060240964
1.6	191		0.5041884816753927
1.07	127		0.5042125984251968
4.75	562		0.5042259786476868
1.1	130		0.5042307692307693
1.78	210		0.5042380952380953
1.21	140		0.5043214285714286
2.37	274		0.5043248175182482
1.1	127		0.5043307086614173
1.6	182		0.5043956043956044
1.07	121		0.5044214876033057
1.5	169		0.5044378698224852
1.78	200		0.50445
6.98	768		0.5045442708333333
1.1	121		0.5045454545454545
3.32	365		0.5045479452054794
1.5	162		0.5046296296296297
1.07	115		0.5046521739130435
1.21	130		0.5046538461538461
1.78	191		0.5046596858638743
1.6	169		0.5047337278106508
1.21	127		0.504763779527559
1.1	115		0.5047826086956522
1.78	182		0.5048901098901099
1.6	162		0.5049382716049383
1.21	121		0.505
2.74	274		0.505
3.32	332		0.505
1.07	107		0.505
5.62	562		0.505
1.5	147		0.5051020408163265
1.1	107		0.5051401869158878
1	95.3		0.5052465897166841
1.21	115		0.5052608695652174
1.78	169		0.5052662721893492
1.07	100		0.50535
1.5	140		0.5053571428571428
9.76	909		0.5053685368536853
1	93.1		0.5053705692803437
1.6	147		0.5054421768707483
1.78	162		0.5054938271604938
1.1	100		0.5055
10.2	909		0.5056105610561056
1.07	95.3		0.5056138509968521
1	88.7		0.5056369785794814
2.37	210		0.5056428571428572
1.21	107		0.5056542056074766
1.6	140		0.5057142857142857
1.07	93.1		0.5057465091299678
1.5	130		0.5057692307692307
1.1	95.3		0.5057712486883525
1.5	127		0.5059055118110236
1.1	93.1		0.505907626208378
1	84.5		0.5059171597633136
2.37	200		0.505925
1.07	88.7		0.506031567080045
1.21	100		0.50605
1.78	147		0.5060544217687075
3.32	274		0.506058394160584
1.6	130		0.5061538461538462
1.5	121		0.506198347107438
1.1	88.7		0.5062006764374295
2.37	191		0.5062041884816754
6.98	562		0.5062099644128114
1.6	127		0.5062992125984253
1.07	84.5		0.5063313609467456
1.21	95.3		0.5063483735571879
9.76	768		0.5063541666666667
1.78	140		0.5063571428571428
11.8	909		0.5064906490649065
1.21	93.1		0.5064983888292159
4.75	365		0.5065068493150685
1.1	84.5		0.506508875739645
1	76.8		0.5065104166666666
2.37	182		0.506510989010989
1.5	115		0.5065217391304347
2.74	210		0.5065238095238095
1.6	121		0.5066115702479339
10.2	768		0.506640625
12.1	909		0.5066556655665566
1	75.0		0.5066666666666667
1.21	88.7		0.5068207440811725
1.78	130		0.5068461538461538
2.74	200		0.50685
1.6	115		0.5069565217391304
1.07	76.8		0.5069661458333333
1.78	127		0.507007874015748
1.5	107		0.5070093457943925
2.37	169		0.5070118343195267
1.07	75.0		0.5071333333333333
4.75	332		0.5071536144578314
1.21	84.5		0.5071597633136095
1.1	76.8		0.5071614583333334
2.74	191		0.5071727748691099
2.37	162		0.5073148148148148
1.1	75.0		0.5073333333333333
1	68.1		0.5073421439060205
1.78	121		0.5073553719008265
1.6	107		0.5074766355140187
1.5	100		0.5075
2.74	182		0.5075274725274725
11.8	768		0.5076822916666667
5.62	365		0.5076986301369864
1	64.9		0.5077041602465331
1.78	115		0.5077391304347826
1.07	68.1		0.507856093979442
1.5	95.3		0.5078698845750262
1.21	76.8		0.5078776041666667
12.1	768		0.5078776041666667
3.32	210		0.5079047619047619
1.6	100		0.508
1.5	93.1		0.5080558539205156
2.37	147		0.508061224489796
1.21	75.0		0.5080666666666667
1.1	68.1		0.5080763582966226
1	61.9		0.5080775444264943
2.74	169		0.5081065088757396
1.07	64.9		0.5082434514637905
1	60.4		0.5082781456953642
3.32	200		0.5083
1.78	107		0.5083177570093458
1.6	95.3		0.5083945435466947
1.5	88.7		0.5084554678692221
2.74	162		0.5084567901234568
5.62	332		0.5084638554216867
2.37	140		0.5084642857142857
15.4	909		0.5084708470847085
1.1	64.9		0.5084745762711864
1.6	93.1		0.50859291084855
1.07	61.9		0.5086429725363489
4.75	274		0.5086678832116789
9.76	562		0.5086832740213523
3.32	191		0.5086910994764398
1.07	60.4		0.5088576158940398
1.5	84.5		0.5088757396449705
1.21	68.1		0.5088839941262848
1.1	61.9		0.5088852988691438
1.78	100		0.5089
1.6	88.7		0.5090191657271702
10.2	562		0.5090747330960854
1.1	60.4		0.5091059602649006
1	54.9		0.5091074681238615
2.37	130		0.5091153846153846
3.32	182		0.5091208791208791
16.9	909		0.5092959295929593
2.74	147		0.5093197278911564
1.21	64.9		0.5093220338983051
2.37	127		0.5093307086614173
1.78	95.3		0.5093389296956978
1.6	84.5		0.5094674556213018
1.78	93.1		0.5095596133190118
6.98	365		0.5095616438356164
1.07	54.9		0.5097449908925319
1.5	76.8		0.509765625
1.21	61.9		0.5097738287560581
2.74	140		0.5097857142857143
2.37	121		0.5097933884297521
3.32	169		0.5098224852071006
1.5	75.0		0.51
1.21	60.4		0.5100165562913908
1.1	54.9		0.5100182149362478
15.4	768		0.5100260416666667
1.78	88.7		0.5100338218714768
3.32	162		0.5102469135802469
5.62	274		0.5102554744525547
2.37	115		0.5103043478260869
1.6	76.8		0.5104166666666666
11.8	562		0.5104982206405694
6.98	332		0.5105120481927711
1.78	84.5		0.5105325443786982
2.74	130		0.5105384615384615
1.6	75.0		0.5106666666666667
12.1	562		0.5107651245551601
2.74	127		0.5107874015748032
16.9	768		0.5110026041666667
1.5	68.1		0.5110132158590308
1.21	54.9		0.5110200364298725
2.37	107		0.5110747663551402
3.32	147		0.5112925170068027
4.75	210		0.5113095238095238
2.74	121		0.5113223140495867
1.5	64.9		0.5115562403697997
1.78	76.8		0.5115885416666667
1.6	68.1		0.5117474302496329
2.37	100		0.51185
3.32	140		0.5118571428571429
1.78	75.0		0.5118666666666667
4.75	200		0.511875
2.74	115		0.5119130434782608
1.5	61.9		0.5121163166397416
22.1	909		0.5121562156215621
1.6	64.9		0.512326656394453
1.5	60.4		0.5124172185430463
2.37	95.3		0.5124344176285415
4.75	191		0.512434554973822
2.37	93.1		0.5127282491944146
6.98	274		0.5127372262773723
3.32	130		0.5127692307692308
2.74	107		0.512803738317757
1.6	61.9		0.5129240710823909
23.7	909		0.513036303630363
4.75	182		0.5130494505494505
1.78	68.1		0.5130690161527166
3.32	127		0.5130708661417323
1.6	60.4		0.5132450331125827
2.37	88.7		0.5133596392333709
9.76	365		0.5133698630136986
5.62	210		0.5133809523809524
1.5	54.9		0.5136612021857924
24.9	909		0.5136963696369637
2.74	100		0.5137
15.4	562		0.5137010676156584
1.78	64.9		0.5137134052388289
3.32	121		0.5137190082644628
10.2	365		0.513972602739726
2.37	84.5		0.5140236686390532
5.62	200		0.51405
4.75	169		0.5140532544378699
2.74	95.3		0.5143756558237146
1.78	61.9		0.51437802907916
22.1	768		0.5143880208333333
3.32	115		0.5144347826086957
1.6	54.9		0.5145719489981785
4.75	162		0.5146604938271605
9.76	332		0.5146987951807229
5.62	191		0.5147120418848168
2.74	93.1		0.5147153598281418
1.78	60.4		0.5147350993377483
16.9	562		0.5150355871886121
1	33.2		0.5150602409638554
10.2	332		0.5153614457831325
2.37	76.8		0.5154296875
23.7	768		0.5154296875
1	32.4		0.5154320987654321
5.62	182		0.5154395604395604
2.74	88.7		0.515445321307779
3.32	107		0.5155140186915887
2.37	75.0		0.5158
1.07	33.2		0.5161144578313253
4.75	147		0.516156462585034
11.8	365		0.5161643835616438
1	30.9		0.5161812297734628
24.9	768		0.5162109375
1.78	54.9		0.5162112932604735
2.74	84.5		0.5162130177514793
1.07	32.4		0.5165123456790124
30.1	909		0.5165566556655665
1.1	33.2		0.516566265060241
12.1	365		0.5165753424657534
3.32	100		0.5166
1	30.1		0.5166112956810631
6.98	210		0.5166190476190476
5.62	169		0.5166272189349113
4.75	140		0.5169642857142858
1.1	32.4		0.5169753086419753
30.9	909		0.516996699669967
1.07	30.9		0.5173139158576052
5.62	162		0.5173456790123456
2.37	68.1		0.5174008810572688
3.32	95.3		0.5174186778593914
6.98	200		0.51745
11.8	332		0.5177710843373494
1.07	30.1		0.5177740863787376
1.1	30.9		0.517799352750809
9.76	274		0.5178102189781022
32.4	909		0.5178217821782178
3.32	93.1		0.5178302900107411
2.74	76.8		0.5178385416666667
1.21	33.2		0.5182228915662651
12.1	332		0.5182228915662651
2.37	64.9		0.5182588597842835
33.2	909		0.5182618261826183
2.74	75.0		0.5182666666666667
4.75	130		0.5182692307692308
6.98	191		0.5182722513089005
1.1	30.1		0.5182724252491694
10.2	274		0.5186131386861313
1.21	32.4		0.5186728395061728
4.75	127		0.5187007874015748
3.32	88.7		0.5187147688838782
5.62	147		0.5191156462585034
2.37	61.9		0.5191437802907916
6.98	182		0.5191758241758242
1.21	30.9		0.5195792880258899
30.1	768		0.5195963541666667
2.37	60.4		0.5196192052980132
4.75	121		0.5196280991735537
3.32	84.5		0.5196449704142012
22.1	562		0.519661921708185
5.62	140		0.5200714285714285
1	24.9		0.5200803212851406
1.21	30.1		0.5200996677740863
30.9	768		0.5201171875
2.74	68.1		0.5201174743024963
6.98	169		0.5206508875739645
4.75	115		0.5206521739130435
23.7	562		0.521085409252669
32.4	768		0.52109375
15.4	365		0.5210958904109589
1	23.7		0.5210970464135021
2.74	64.9		0.5211093990755008
1.07	24.9		0.5214859437751004
11.8	274		0.5215328467153285
6.98	162		0.5215432098765432
2.37	54.9		0.5215846994535519
3.32	76.8		0.5216145833333333
33.2	768		0.5216145833333333
5.62	130		0.5216153846153846
12.1	274		0.522080291970803
1.1	24.9		0.5220883534136547
5.62	127		0.5221259842519685
2.74	61.9		0.5221324717285946
3.32	75.0		0.5221333333333333
24.9	562		0.522153024911032
4.75	107		0.522196261682243
1.07	23.7		0.5225738396624473
1.5	33.2		0.5225903614457831
1	22.1		0.5226244343891403
2.74	60.4		0.5226821192052981
1.5	32.4		0.5231481481481481
16.9	365		0.5231506849315068
15.4	332		0.5231927710843374
1.1	23.7		0.5232067510548524
5.62	121		0.5232231404958678
9.76	210		0.5232380952380953
6.98	147		0.5237414965986394
4.75	100		0.52375
1.6	33.2		0.5240963855421686
1.07	22.1		0.5242081447963801
1.5	30.9		0.5242718446601942
10.2	210		0.5242857142857142
1.21	24.9		0.5242971887550201
3.32	68.1		0.5243759177679883
9.76	200		0.5244
5.62	115		0.5244347826086957
1.6	32.4		0.5246913580246914
1.1	22.1		0.5248868778280543
1.5	30.1		0.5249169435215947
4.75	95.3		0.5249213011542497
6.98	140		0.5249285714285714
2.74	54.9		0.5249544626593807
16.9	332		0.5254518072289157
10.2	200		0.5255
4.75	93.1		0.5255102040816326
1.21	23.7		0.5255274261603375
9.76	191		0.5255497382198953
3.32	64.9		0.52557781201849
1.6	30.9		0.5258899676375405
5.62	107		0.5262616822429906
1.6	30.1		0.526578073089701
10.2	191		0.5267015706806283
1.07	20		0.52675
4.75	88.7		0.5267756482525366
30.1	562		0.5267793594306049
1.78	33.2		0.5268072289156627
9.76	182		0.5268131868131868
3.32	61.9		0.5268174474959613
6.98	130		0.5268461538461539
1.21	22.1		0.5273755656108597
1.78	32.4		0.5274691358024691
6.98	127		0.52748031496063
3.32	60.4		0.5274834437086092
30.9	562		0.527491103202847
1.1	20		0.5275
10.2	182		0.528021978021978
11.8	210		0.5280952380952381
5.62	100		0.5281
15.4	274		0.5281021897810219
4.75	84.5		0.5281065088757396
1.78	30.9		0.5288025889967638
12.1	210		0.5288095238095238
32.4	562		0.5288256227758007
6.98	121		0.5288429752066116
9.76	169		0.5288757396449704
5.62	95.3		0.529485834207765
11.8	200		0.5295
33.2	562		0.5295373665480427
1.78	30.1		0.5295681063122923
1	16.9		0.5295857988165681
1.5	24.9		0.5301204819277109
9.76	162		0.5301234567901234
10.2	169		0.5301775147928994
5.62	93.1		0.5301825993555317
54.9	909		0.5301980198019802
3.32	54.9		0.5302367941712204
1.21	20		0.53025
12.1	200		0.53025
22.1	365		0.5302739726027397
6.98	115		0.5303478260869565
16.9	274		0.5308394160583941
11.8	191		0.5308900523560209
4.75	76.8		0.5309244791666666
10.2	162		0.5314814814814814
1.5	23.7		0.5316455696202531
1.07	16.9		0.5316568047337278
4.75	75.0		0.5316666666666666
12.1	191		0.5316753926701571
5.62	88.7		0.5316798196166854
1.6	24.9		0.5321285140562249
11.8	182		0.5324175824175824
23.7	365		0.5324657534246575
1	15.4		0.5324675324675324
1.1	16.9		0.5325443786982249
6.98	107		0.5326168224299066
9.76	147		0.5331972789115647
60.4	909		0.5332233223322332
12.1	182		0.5332417582417582
5.62	84.5		0.5332544378698225
22.1	332		0.5332831325301205
1.6	23.7		0.5337552742616034
1.5	22.1		0.5339366515837104
61.9	909		0.5340484048404841
24.9	365		0.5341095890410958
10.2	147		0.5346938775510204
1.07	15.4		0.5347402597402597
9.76	140		0.5348571428571428
4.75	68.1		0.5348751835535976
6.98	100		0.5349
11.8	169		0.5349112426035503
2.37	33.2		0.5356927710843373
23.7	332		0.5356927710843373
64.9	909		0.5356985698569857
1.1	15.4		0.5357142857142857
54.9	768		0.5357421875
1.78	24.9		0.5357429718875502
12.1	169		0.5357988165680473
1.21	16.9		0.5357988165680474
1.6	22.1		0.5361990950226244
11.8	162		0.5364197530864198
10.2	140		0.5364285714285715
2.37	32.4		0.5365740740740741
5.62	76.8		0.5365885416666667
4.75	64.9		0.5365947611710323
6.98	95.3		0.5366211962224554
15.4	210		0.5366666666666666
12.1	162		0.5373456790123456
68.1	909		0.5374587458745874
5.62	75.0		0.5374666666666666
6.98	93.1		0.5374865735767992
1.5	20		0.5375
24.9	332		0.5375
9.76	130		0.5375384615384615
1.78	23.7		0.5375527426160338
2.37	30.9		0.5383495145631068
4.75	61.9		0.5383683360258481
9.76	127		0.5384251968503937
15.4	200		0.5385
10.2	130		0.5392307692307692
1.21	15.4		0.5392857142857143
4.75	60.4		0.5393211920529801
60.4	768		0.5393229166666667
6.98	88.7		0.5393461104847802
2.37	30.1		0.5393687707641196
1.6	20		0.54
11.8	147		0.5401360544217687
10.2	127		0.5401574803149606
16.9	210		0.5402380952380952
1.78	22.1		0.5402714932126697
61.9	768		0.5402994791666667
15.4	191		0.5403141361256545
22.1	274		0.5403284671532846
9.76	121		0.5403305785123967
12.1	147		0.541156462585034
30.1	365		0.5412328767123288
75.0	909		0.5412541254125413
5.62	68.1		0.5412628487518355
2.74	33.2		0.5412650602409639
6.98	84.5		0.541301775147929
1	12.1		0.5413223140495868
11.8	140		0.5421428571428571
10.2	121		0.5421487603305785
76.8	909		0.5422442244224422
16.9	200		0.54225
64.9	768		0.5422526041666667
2.74	32.4		0.542283950617284
15.4	182		0.5423076923076923
30.9	365		0.5423287671232877
1	11.8		0.5423728813559322
9.76	115		0.5424347826086957
12.1	140		0.5432142857142858
23.7	274		0.5432481751824818
4.75	54.9		0.5432604735883424
5.62	64.9		0.5432973805855161
1.07	12.1		0.5442148760330578
16.9	191		0.544240837696335
68.1	768		0.5443359375
2.74	30.9		0.544336569579288
10.2	115		0.5443478260869565
1.5	16.9		0.5443786982248521
32.4	365		0.5443835616438356
1.78	20		0.5445
30.1	332		0.5453313253012049
1.07	11.8		0.5453389830508475
11.8	130		0.5453846153846154
5.62	61.9		0.5453957996768982
24.9	274		0.5454379562043795
6.98	76.8		0.5454427083333333
1.1	12.1		0.5454545454545454
33.2	365		0.5454794520547945
2.74	30.1		0.545514950166113
15.4	169		0.5455621301775148
9.76	107		0.545607476635514
16.9	182		0.5464285714285714
11.8	127		0.5464566929133858
84.5	909		0.5464796479647964
5.62	60.4		0.546523178807947
6.98	75.0		0.5465333333333333
30.9	332		0.5465361445783132
12.1	130		0.5465384615384615
1.1	11.8		0.5466101694915254
1.6	16.9		0.5473372781065089
15.4	162		0.5475308641975308
2.37	24.9		0.5475903614457831
12.1	127		0.5476377952755905
10.2	107		0.5476635514018692
1.5	15.4		0.5487012987012987
11.8	121		0.5487603305785124
88.7	909		0.5487898789878988
32.4	332		0.5487951807228916
9.76	100		0.5488
75.0	768		0.548828125
54.9	562		0.5488434163701068
1	10.2		0.5490196078431373
1.21	12.1		0.55
2.37	23.7		0.55
3.32	33.2		0.55
12.1	121		0.55
16.9	169		0.55
33.2	332		0.55
76.8	768		0.55
10.2	100		0.551
5.62	54.9		0.551183970856102
9.76	95.3		0.5512067156348374
93.1	909		0.5512101210121012
1	9.76		0.5512295081967213
3.32	32.4		0.5512345679012346
6.98	68.1		0.5512481644640235
1.21	11.8		0.551271186440678
11.8	115		0.551304347826087
1.6	15.4		0.551948051948052
16.9	162		0.5521604938271605
15.4	147		0.5523809523809524
9.76	93.1		0.5524167561761547
95.3	909		0.5524202420242024
1.07	10.2		0.5524509803921569
12.1	115		0.5526086956521739
22.1	210		0.5526190476190476
1.78	16.9		0.5526627218934911
10.2	95.3		0.5535152151101784
2.37	22.1		0.5536199095022625
3.32	30.9		0.5537216828478965
60.4	562		0.5537366548042705
6.98	64.9		0.5537750385208012
1.1	10.2		0.553921568627451
10.2	93.1		0.5547798066595059
1.07	9.76		0.5548155737704918
30.1	274		0.55492700729927
15.4	140		0.555
84.5	768		0.5550130208333334
9.76	88.7		0.5550169109357385
2.74	24.9		0.5550200803212851
61.9	562		0.5550711743772242
11.8	107		0.5551401869158878
3.32	30.1		0.5551495016611295
22.1	200		0.55525
1.1	9.76		0.5563524590163934
6.98	61.9		0.5563812600969306
30.9	274		0.5563868613138686
23.7	210		0.5564285714285714
12.1	107		0.5565420560747664
16.9	147		0.5574829931972789
10.2	88.7		0.5574971815107103
64.9	562		0.5577402135231316
88.7	768		0.5577473958333333
9.76	84.5		0.5577514792899408
6.98	60.4		0.5577814569536423
1.78	15.4		0.5577922077922078
2.74	23.7		0.5578059071729958
22.1	191		0.5578534031413612
11.8	100		0.559
32.4	274		0.5591240875912409
15.4	130		0.5592307692307692
2.37	20		0.55925
23.7	200		0.55925
24.9	210		0.5592857142857143
1.21	10.2		0.5593137254901961
10.2	84.5		0.5603550295857989
16.9	140		0.5603571428571429
12.1	100		0.5605
33.2	274		0.5605839416058395
68.1	562		0.5605871886120997
93.1	768		0.5606119791666666
15.4	127		0.5606299212598426
22.1	182		0.5607142857142857
11.8	95.3		0.5619097586568731
1.5	12.1		0.5619834710743802
1.21	9.76		0.5619877049180327
2.74	22.1		0.5619909502262443
23.7	191		0.5620418848167539
95.3	768		0.5620442708333333
24.9	200		0.56225
11.8	93.1		0.5633727175080558
12.1	95.3		0.5634837355718783
9.76	76.8		0.5635416666666666
1.5	11.8		0.5635593220338984
6.98	54.9		0.5635701275045537
15.4	121		0.5636363636363636
12.1	93.1		0.564983888292159
16.9	130		0.565
9.76	75.0		0.5650666666666666
23.7	182		0.5651098901098901
24.9	191		0.5651832460732984
22.1	169		0.5653846153846154
1.6	12.1		0.5661157024793388
10.2	76.8		0.56640625
11.8	88.7		0.5665163472378805
16.9	127		0.5665354330708662
3.32	24.9		0.5666666666666667
75.0	562		0.5667259786476868
15.4	115		0.5669565217391305
1.6	11.8		0.5677966101694916
10.2	75.0		0.568
12.1	88.7		0.5682074408117249
22.1	162		0.5682098765432099
76.8	562		0.5683274021352314
24.9	182		0.5684065934065934
2.74	20		0.5685
11.8	84.5		0.5698224852071005
16.9	121		0.5698347107438017
3.32	23.7		0.570042194092827
2.37	16.9		0.5701183431952663
23.7	169		0.5701183431952663
4.75	33.2		0.5715361445783133
12.1	84.5		0.5715976331360947
1	6.98		0.5716332378223495
9.76	68.1		0.5716593245227607
30.1	210		0.5716666666666667
15.4	107		0.5719626168224299
23.7	162		0.5731481481481482
4.75	32.4		0.5733024691358025
16.9	115		0.5734782608695652
1.5	10.2		0.5735294117647058
1.78	12.1		0.5735537190082645
30.9	210		0.5735714285714286
24.9	169		0.5736686390532544
10.2	68.1		0.5748898678414097
3.32	22.1		0.5751131221719457
22.1	147		0.5751700680272109
84.5	562		0.5751779359430604
9.76	64.9		0.5751926040061633
54.9	365		0.5752054794520548
30.1	200		0.57525
1.78	11.8		0.5754237288135593
1.07	6.98		0.576647564469914
11.8	76.8		0.5768229166666666
1.5	9.76		0.576844262295082
24.9	162		0.5768518518518518
4.75	30.9		0.5768608414239482
2.37	15.4		0.576948051948052
15.4	100		0.577
32.4	210		0.5771428571428572
30.9	200		0.57725
1.6	10.2		0.5784313725490197
10.2	64.9		0.5785824345146379
11.8	75.0		0.5786666666666667
12.1	76.8		0.5787760416666666
30.1	191		0.5787958115183246
1.1	6.98		0.5787965616045845
9.76	61.9		0.5788368336025849
4.75	30.1		0.5789036544850499
88.7	562		0.578914590747331
22.1	140		0.5789285714285715
16.9	107		0.5789719626168224
33.2	210		0.579047619047619
23.7	147		0.5806122448979592
12.1	75.0		0.5806666666666667
9.76	60.4		0.580794701986755
15.4	95.3		0.580797481636936
30.9	191		0.580890052356021
32.4	200		0.581
2.74	16.9		0.5810650887573965
1.6	9.76		0.5819672131147541
10.2	61.9		0.5823909531502424
54.9	332		0.5826807228915662
30.1	182		0.5826923076923077
15.4	93.1		0.5827067669172933
60.4	365		0.5827397260273972
93.1	562		0.5828291814946619
3.32	20		0.583
33.2	200		0.583
10.2	60.4		0.5844370860927153
16.9	100		0.5845
5.62	33.2		0.5846385542168675
23.7	140		0.5846428571428571
24.9	147		0.5846938775510204
95.3	562		0.5847864768683274
61.9	365		0.5847945205479452
32.4	191		0.5848167539267015
30.9	182		0.5848901098901099
22.1	130		0.585
11.8	68.1		0.5866372980910426
1.21	6.98		0.586676217765043
5.62	32.4		0.5867283950617284
15.4	88.7		0.5868094701240135
33.2	191		0.5869109947643979
22.1	127		0.587007874015748
1.78	10.2		0.5872549019607843
16.9	95.3		0.5886673662119623
12.1	68.1		0.5888399412628488
9.76	54.9		0.5888888888888889
64.9	365		0.588904109589041
24.9	140		0.5889285714285715
2.74	15.4		0.5889610389610389
1	5.62		0.5889679715302492
32.4	182		0.589010989010989
30.1	169		0.5890532544378698
16.9	93.1		0.5907626208378088
11.8	64.9		0.5909090909090909
5.62	30.9		0.5909385113268608
60.4	332		0.5909638554216867
15.4	84.5		0.5911242603550296
23.7	130		0.5911538461538461
1.78	9.76		0.5911885245901639
33.2	182		0.5912087912087912
22.1	121		0.5913223140495868
30.9	169		0.5914201183431953
10.2	54.9		0.592896174863388
30.1	162		0.5929012345679012
12.1	64.9		0.5932203389830508
61.9	332		0.5932228915662651
68.1	365		0.5932876712328767
23.7	127		0.5933070866141732
5.62	30.1		0.5933554817275748
1.07	5.62		0.5951957295373665
16.9	88.7		0.5952649379932357
11.8	61.9		0.5953150242326333
30.9	162		0.5953703703703703
4.75	24.9		0.5953815261044176
24.9	130		0.5957692307692307
32.4	169		0.5958579881656805
22.1	115		0.5960869565217392
11.8	60.4		0.597682119205298
12.1	61.9		0.5977382875605816
64.9	332		0.5977409638554216
1.1	5.62		0.597864768683274
2.37	12.1		0.5979338842975207
23.7	121		0.5979338842975207
24.9	127		0.5980314960629921
3.32	16.9		0.598224852071006
33.2	169		0.598224852071006
16.9	84.5		0.6
32.4	162		0.6
12.1	60.4		0.6001655629139073
54.9	274		0.6001824817518249
4.75	23.7		0.600210970464135
15.4	76.8		0.6002604166666666
2.37	11.8		0.6004237288135593
30.1	147		0.6023809523809524
33.2	162		0.6024691358024692
68.1	332		0.6025602409638554
15.4	75.0		0.6026666666666667
75.0	365		0.6027397260273972
24.9	121		0.6028925619834711
23.7	115		0.6030434782608696
22.1	107		0.6032710280373832
20	95.3		0.6049317943336832
30.9	147		0.6051020408163266
6.98	33.2		0.6051204819277108
76.8	365		0.6052054794520548
1	4.75		0.6052631578947368
20	93.1		0.6074113856068744
1.5	6.98		0.6074498567335244
4.75	22.1		0.6074660633484162
11.8	54.9		0.6074681238615665
30.1	140		0.6075
1.21	5.62		0.6076512455516014
6.98	32.4		0.6077160493827161
3.32	15.4		0.6077922077922078
24.9	115		0.6082608695652174
16.9	76.8		0.6100260416666666
12.1	54.9		0.6102003642987249
32.4	147		0.610204081632653
60.4	274		0.6102189781021898
30.9	140		0.6103571428571428
22.1	100		0.6105
23.7	107		0.6107476635514019
1.07	4.75		0.6126315789473684
16.9	75.0		0.6126666666666667
20	88.7		0.612739571589628
5.62	24.9		0.61285140562249
33.2	147		0.6129251700680272
6.98	30.9		0.6129449838187703
75.0	332		0.6129518072289156
61.9	274		0.612956204379562
15.4	68.1		0.6130690161527166
2.74	12.1		0.6132231404958678
1.6	6.98		0.6146131805157593
76.8	332		0.6156626506024097
32.4	140		0.6157142857142857
84.5	365		0.6157534246575342
30.1	130		0.6157692307692307
1.1	4.75		0.6157894736842106
6.98	30.1		0.6159468438538206
22.1	95.3		0.6159496327387198
2.74	11.8		0.6161016949152542
2.37	10.2		0.6161764705882353
24.9	107		0.6163551401869158
20	84.5		0.6183431952662721
64.9	274		0.6184306569343065
23.7	100		0.6185
30.1	127		0.618503937007874
5.62	23.7		0.6185654008438819
33.2	140		0.6185714285714285
15.4	64.9		0.6186440677966102
22.1	93.1		0.6186895810955961
4.75	20		0.61875
30.9	130		0.6188461538461538
2.37	9.76		0.6214139344262295
88.7	365		0.6215068493150685
30.9	127		0.6216535433070867
16.9	68.1		0.6240822320117474
68.1	274		0.6242700729927008
23.7	95.3		0.6243441762854145
30.1	121		0.6243801652892562
15.4	61.9		0.624394184168013
24.9	100		0.6245
22.1	88.7		0.6245772266065389
32.4	130		0.6246153846153846
5.62	22.1		0.6271493212669683
84.5	332		0.6272590361445783
23.7	93.1		0.6272824919441461
1.21	4.75		0.6273684210526316
15.4	60.4		0.6274834437086093
1.78	6.98		0.6275071633237822
93.1	365		0.6275342465753424
32.4	127		0.6275590551181103
30.9	121		0.6276859504132232
33.2	130		0.6276923076923078
16.9	64.9		0.6302003081664098
20	76.8		0.6302083333333334
95.3	365		0.6305479452054794
24.9	95.3		0.6306400839454355
33.2	127		0.6307086614173228
54.9	210		0.6307142857142857
22.1	84.5		0.6307692307692307
30.1	115		0.6308695652173913
20	75.0		0.6333333333333333
1.5	5.62		0.6334519572953736
88.7	332		0.6335843373493976
23.7	88.7		0.6335963923337091
24.9	93.1		0.6337271750805585
32.4	121		0.6338842975206611
2.74	10.2		0.634313725490196
30.9	115		0.6343478260869565
16.9	61.9		0.6365105008077544
75.0	274		0.6368613138686131
3.32	12.1		0.6371900826446281
33.2	121		0.6371900826446282
54.9	200		0.63725
16.9	60.4		0.6399006622516556
76.8	274		0.6401459854014598
6.98	24.9		0.6401606425702812
93.1	332		0.640210843373494
23.7	84.5		0.6402366863905326
15.4	54.9		0.6402550091074681
24.9	88.7		0.6403607666290868
2.74	9.76		0.6403688524590164
5.62	20		0.6405000000000001
4.75	16.9		0.6405325443786982
30.1	107		0.6406542056074767
3.32	11.8		0.6406779661016949
32.4	115		0.6408695652173912
1.6	5.62		0.6423487544483986
95.3	332		0.6435240963855422
54.9	191		0.643717277486911
60.4	210		0.6438095238095238
22.1	76.8		0.6438802083333334
33.2	115		0.6443478260869565
30.9	107		0.6443925233644859
20	68.1		0.6468428781204112
9.76	33.2		0.6469879518072289
6.98	23.7		0.6472573839662448
22.1	75.0		0.6473333333333333
24.9	84.5		0.6473372781065089
61.9	210		0.6473809523809524
30.1	100		0.6505
1	3.32		0.6506024096385542
9.76	32.4		0.6506172839506172
54.9	182		0.6508241758241758
60.4	200		0.651
32.4	107		0.6514018691588785
10.2	33.2		0.6536144578313252
16.9	54.9		0.6539162112932605
20	64.9		0.6540832049306625
84.5	274		0.6541970802919708
4.75	15.4		0.6542207792207793
23.7	76.8		0.654296875
30.9	100		0.6545
64.9	210		0.6545238095238095
61.9	200		0.6547499999999999
33.2	107		0.6551401869158878
10.2	32.4		0.6574074074074074
1.5	4.75		0.6578947368421053
6.98	22.1		0.6579185520361991
30.1	95.3		0.657922350472193
9.76	30.9		0.6579288025889968
23.7	75.0		0.658
60.4	191		0.6581151832460733
1.78	5.62		0.6583629893238434
1.07	3.32		0.661144578313253
20	61.9		0.6615508885298869
30.1	93.1		0.6616541353383458
88.7	274		0.6618613138686131
32.4	100		0.662
61.9	191		0.662041884816754
24.9	76.8		0.662109375
30.9	95.3		0.6621196222455403
9.76	30.1		0.662126245847176
68.1	210		0.6621428571428571
64.9	200		0.66225
22.1	68.1		0.6622613803230544
54.9	169		0.6624260355029585
3.32	10.2		0.6627450980392157
10.2	30.9		0.6650485436893204
20	60.4		0.6655629139072847
1.1	3.32		0.6656626506024097
60.4	182		0.6659340659340659
30.9	93.1		0.6659505907626209
24.9	75.0		0.6659999999999999
33.2	100		0.666
5.62	16.9		0.6662721893491125
1.6	4.75		0.6684210526315789
10.2	30.1		0.6694352159468439
54.9	162		0.6694444444444445
30.1	88.7		0.6696730552423901
2.37	6.98		0.6697707736389684
93.1	274		0.6698905109489051
64.9	191		0.6698952879581153
32.4	95.3		0.6699895068205666
61.9	182		0.6700549450549451
3.32	9.76		0.6700819672131147
68.1	200		0.67025
22.1	64.9		0.6702619414483821
95.3	274		0.6739051094890511
32.4	93.1		0.6740064446831364
23.7	68.1		0.6740088105726872
30.9	88.7		0.6741826381059752
33.2	95.3		0.674186778593914
6.98	20		0.6745
11.8	33.2		0.677710843373494
30.1	84.5		0.6781065088757396
68.1	191		0.6782722513089006
64.9	182		0.6782967032967033
33.2	93.1		0.6783029001074115
22.1	61.9		0.678513731825525
75.0	210		0.6785714285714286
60.4	169		0.678698224852071
11.8	32.4		0.6820987654320988
20	54.9		0.6821493624772313
1.21	3.32		0.6822289156626506
12.1	33.2		0.6822289156626506
5.62	15.4		0.6824675324675324
1	2.74		0.6824817518248175
23.7	64.9		0.6825885978428351
32.4	88.7		0.6826381059751973
24.9	68.1		0.6828193832599119
30.9	84.5		0.6828402366863905
76.8	210		0.6828571428571428
22.1	60.4		0.6829470198675497
61.9	169		0.6831360946745562
60.4	162		0.6864197530864198
12.1	32.4		0.6867283950617284
54.9	147		0.686734693877551
68.1	182		0.6870879120879121
33.2	88.7		0.6871476888387824
1.78	4.75		0.6873684210526316
75.0	200		0.6875
11.8	30.9		0.6909385113268609
61.9	162		0.6910493827160493
23.7	61.9		0.691437802907916
32.4	84.5		0.691715976331361
24.9	64.9		0.6918335901386748
76.8	200		0.692
64.9	169		0.6920118343195266
1.07	2.74		0.6952554744525548
12.1	30.9		0.6957928802588997
30.1	76.8		0.6959635416666667
9.76	24.9		0.6959839357429719
11.8	30.1		0.6960132890365449
54.9	140		0.6960714285714286
23.7	60.4		0.6961920529801324
2.74	6.98		0.6962750716332378
4.75	12.1		0.6962809917355373
75.0	191		0.6963350785340314
33.2	84.5		0.6964497041420119
64.9	162		0.7003086419753086
30.1	75.0		0.7006666666666667
1.1	2.74		0.7007299270072993
12.1	30.1		0.7009966777408638
76.8	191		0.7010471204188482
24.9	61.9		0.7011308562197092
30.9	76.8		0.701171875
84.5	210		0.7011904761904761
4.75	11.8		0.701271186440678
22.1	54.9		0.7012750455373407
68.1	169		0.7014792899408284
10.2	24.9		0.7048192771084337
60.4	147		0.7054421768707483
9.76	23.7		0.7059071729957807
30.9	75.0		0.706
75.0	182		0.706043956043956
24.9	60.4		0.7061258278145696
6.98	16.9		0.7065088757396449
68.1	162		0.7101851851851851
61.9	147		0.7105442176870749
2.37	5.62		0.7108540925266904
32.4	76.8		0.7109375
1	2.37		0.7109704641350211
76.8	182		0.710989010989011
54.9	130		0.7111538461538461
88.7	210		0.7111904761904762
84.5	200		0.7112499999999999
10.2	23.7		0.7151898734177216
60.4	140		0.7157142857142857
23.7	54.9		0.7158469945355191
32.4	75.0		0.716
54.9	127		0.7161417322834646
33.2	76.8		0.7161458333333334
64.9	147		0.720748299319728
1.21	2.74		0.7208029197080292
9.76	22.1		0.720814479638009
30.1	68.1		0.7209985315712188
61.9	140		0.7210714285714286
84.5	191		0.7212041884816753
33.2	75.0		0.7213333333333334
93.1	210		0.7216666666666667
88.7	200		0.72175
75.0	169		0.7218934911242604
1.07	2.37		0.7257383966244726
1.5	3.32		0.7259036144578314
6.98	15.4		0.7266233766233766
24.9	54.9		0.726775956284153
54.9	121		0.7268595041322314
30.9	68.1		0.7268722466960352
95.3	210		0.7269047619047619
76.8	169		0.7272189349112426
10.2	22.1		0.7307692307692307
75.0	162		0.7314814814814815
68.1	147		0.7316326530612245
64.9	140		0.7317857142857143
30.1	64.9		0.7318952234206472
15.4	33.2		0.7319277108433735
1.1	2.37		0.7320675105485233
84.5	182		0.7321428571428572
88.7	191		0.7321989528795811
5.62	12.1		0.7322314049586777
60.4	130		0.7323076923076923
93.1	200		0.73275
4.75	10.2		0.732843137254902
11.8	24.9		0.7369477911646587
76.8	162		0.737037037037037
15.4	32.4		0.7376543209876544
60.4	127		0.7377952755905511
3.32	6.98		0.7378223495702005
32.4	68.1		0.7378854625550662
30.9	64.9		0.7380585516178736
61.9	130		0.7380769230769231
5.62	11.8		0.738135593220339
95.3	200		0.73825
54.9	115		0.738695652173913
1.6	3.32		0.7409638554216867
12.1	24.9		0.7429718875502008
30.1	61.9		0.7431340872374799
68.1	140		0.7432142857142857
4.75	9.76		0.7433401639344263
88.7	182		0.7436813186813187
61.9	127		0.7437007874015749
93.1	191		0.743717277486911
33.2	68.1		0.7437591776798825
2.74	5.62		0.7437722419928826
9.76	20		0.744
11.8	23.7		0.748945147679325
30.1	60.4		0.7491721854304636
15.4	30.9		0.7491909385113269
2.37	4.75		0.7494736842105263
95.3	191		0.7494764397905759
60.4	121		0.7495867768595041
30.9	61.9		0.7495961227786753
32.4	64.9		0.7496147919876733
64.9	130		0.7496153846153846
84.5	169		0.75
16.9	33.2		0.7545180722891566
10.2	20		0.755
75.0	147		0.7551020408163265
1.21	2.37		0.7552742616033755
12.1	23.7		0.7552742616033755
64.9	127		0.7555118110236221
93.1	182		0.7557692307692307
33.2	64.9		0.7557781201848999
61.9	121		0.7557851239669422
30.9	60.4		0.755794701986755
15.4	30.1		0.7558139534883721
54.9	107		0.7565420560747663
16.9	32.4		0.7608024691358024
84.5	162		0.7608024691358024
76.8	147		0.7612244897959184
32.4	61.9		0.7617124394184168
95.3	182		0.7618131868131868
68.1	130		0.7619230769230769
88.7	169		0.7624260355029586
60.4	115		0.7626086956521739
11.8	22.1		0.7669683257918551
75.0	140		0.7678571428571428
1.78	3.32		0.7680722891566265
68.1	127		0.7681102362204724
33.2	61.9		0.7681744749596123
64.9	121		0.7681818181818182
32.4	60.4		0.7682119205298013
61.9	115		0.7691304347826087
16.9	30.9		0.7734627831715211
1.5	2.74		0.7737226277372262
12.1	22.1		0.7737556561085972
88.7	162		0.7737654320987655
30.1	54.9		0.7741347905282332
76.8	140		0.7742857142857142
54.9	100		0.7745
33.2	60.4		0.7748344370860927
93.1	169		0.7754437869822486
5.62	10.2		0.7754901960784314
16.9	30.1		0.7807308970099667
1	1.78		0.7808988764044944
68.1	121		0.7814049586776859
30.9	54.9		0.7814207650273224
95.3	169		0.7819526627218936
64.9	115		0.7821739130434783
60.4	107		0.7822429906542057
93.1	162		0.7873456790123456
84.5	147		0.7874149659863945
5.62	9.76		0.7879098360655739
54.9	95.3		0.7880377754459602
2.74	4.75		0.7884210526315789
6.98	12.1		0.7884297520661157
75.0	130		0.7884615384615384
9.76	16.9		0.7887573964497041
61.9	107		0.7892523364485982
1.6	2.74		0.791970802919708
95.3	162		0.7941358024691358
54.9	93.1		0.7948442534908701
11.8	20		0.795
32.4	54.9		0.7950819672131147
75.0	127		0.795275590551181
3.32	5.62		0.7953736654804271
76.8	130		0.7953846153846154
6.98	11.8		0.7957627118644068
68.1	115		0.7960869565217391
1.07	1.78		0.800561797752809
20	33.2		0.8012048192771084
88.7	147		0.8017006802721088
10.2	16.9		0.8017751479289941
84.5	140		0.8017857142857143
60.4	100		0.802
76.8	127		0.8023622047244094
33.2	54.9		0.802367941712204
12.1	20		0.8025
64.9	107		0.8032710280373832
20	32.4		0.808641975308642
1.1	1.78		0.8089887640449438
15.4	24.9		0.8092369477911647
54.9	88.7		0.8094701240135287
61.9	100		0.8095
75.0	121		0.8099173553719008
1	1.6		0.8125
1.5	2.37		0.8164556962025316
93.1	147		0.8166666666666667
88.7	140		0.8167857142857142
9.76	15.4		0.8168831168831169
60.4	95.3		0.816894018887723
76.8	121		0.8173553719008264
68.1	107		0.8182242990654205
20	30.9		0.8236245954692557
95.3	147		0.8241496598639455
60.4	93.1		0.8243823845327605
64.9	100		0.8245
61.9	95.3		0.8247639034627492
1.78	2.74		0.8248175182481752
54.9	84.5		0.8248520710059172
15.4	23.7		0.8248945147679325
84.5	130		0.825
75.0	115		0.8260869565217391
10.2	15.4		0.8311688311688311
20	30.1		0.8322259136212624
61.9	93.1		0.832438238453276
93.1	140		0.8325
84.5	127		0.8326771653543308
22.1	33.2		0.8328313253012047
1	1.5		0.8333333333333333
76.8	115		0.8339130434782609
1.07	1.6		0.834375
1.6	2.37		0.8375527426160337
16.9	24.9		0.8393574297188755
1.21	1.78		0.8398876404494382
4.75	6.98		0.8402578796561604
95.3	140		0.8403571428571428
60.4	88.7		0.8404735062006764
68.1	100		0.8405
64.9	95.3		0.8405036726128017
22.1	32.4		0.8410493827160495
88.7	130		0.8411538461538461
6.98	10.2		0.8421568627450982
1.1	1.6		0.84375
15.4	22.1		0.8484162895927602
64.9	93.1		0.8485499462943072
61.9	88.7		0.8489289740698985
11.8	16.9		0.849112426035503
84.5	121		0.8491735537190083
88.7	127		0.8492125984251968
3.32	4.75		0.8494736842105264
75.0	107		0.8504672897196262
16.9	23.7		0.8565400843881856
1.07	1.5		0.8566666666666667
2.37	3.32		0.8569277108433735
23.7	33.2		0.8569277108433735
68.1	95.3		0.857292759706191
60.4	84.5		0.857396449704142
54.9	76.8		0.857421875
6.98	9.76		0.8575819672131149
22.1	30.9		0.8576051779935275
12.1	16.9		0.8579881656804733
93.1	130		0.8580769230769231
76.8	107		0.8588785046728972
68.1	93.1		0.8657357679914071
23.7	32.4		0.8657407407407407
64.9	88.7		0.8658399098083427
54.9	75.0		0.866
61.9	84.5		0.8662721893491124
88.7	121		0.8665289256198347
93.1	127		0.8665354330708661
95.3	130		0.8665384615384615
1.1	1.5		0.8666666666666667
22.1	30.1		0.867109634551495
84.5	115		0.8673913043478261
24.9	33.2		0.875
75.0	100		0.875
95.3	127		0.8751968503937008
1.78	2.37		0.8755274261603375
1.21	1.6		0.878125
16.9	22.1		0.8823529411764706
11.8	15.4		0.8831168831168832
23.7	30.9		0.883495145631068
68.1	88.7		0.8838782412626831
76.8	100		0.884
64.9	84.5		0.8840236686390532
24.9	32.4		0.8842592592592593
93.1	121		0.8847107438016528
15.4	20		0.885
88.7	115		0.8856521739130435
12.1	15.4		0.8928571428571428
60.4	76.8		0.8932291666666667
75.0	95.3		0.8934942287513117
23.7	30.1		0.893687707641196
95.3	121		0.893801652892562
84.5	107		0.8948598130841121
20	24.9		0.9016064257028112
5.62	6.98		0.9025787965616046
60.4	75.0		0.9026666666666667
75.0	93.1		0.9027926960257788
24.9	30.9		0.9029126213592233
76.8	95.3		0.9029380902413431
68.1	84.5		0.9029585798816568
61.9	76.8		0.9029947916666667
54.9	68.1		0.9030837004405287
9.76	12.1		0.903305785123967
1.21	1.5		0.9033333333333333
93.1	115		0.9047826086956521
76.8	93.1		0.9124597207303975
2.74	3.32		0.9126506024096386
61.9	75.0		0.9126666666666667
1	1.21		0.9132231404958677
9.76	11.8		0.9135593220338982
24.9	30.1		0.9136212624584716
95.3	115		0.9143478260869565
88.7	107		0.9144859813084112
1.5	1.78		0.9213483146067416
10.2	12.1		0.921487603305785
20	23.7		0.9219409282700421
16.9	20		0.9225
84.5	100		0.9225
64.9	76.8		0.9225260416666667
4.75	5.62		0.9225978647686832
75.0	88.7		0.9227733934611049
54.9	64.9		0.9229583975346687
10.2	11.8		0.9322033898305084
2.37	2.74		0.9324817518248175
64.9	75.0		0.9326666666666668
76.8	88.7		0.9329199549041713
93.1	107		0.9350467289719626
1.07	1.21		0.9421487603305785
84.5	95.3		0.9433368310598111
68.1	76.8		0.943359375
54.9	61.9		0.9434571890145396
60.4	68.1		0.9434654919236417
88.7	100		0.9435
22.1	24.9		0.9437751004016065
75.0	84.5		0.9437869822485208
95.3	107		0.9453271028037383
1.6	1.78		0.949438202247191
20	22.1		0.9524886877828054
30.1	33.2		0.9533132530120482
84.5	93.1		0.9538131041890441
68.1	75.0		0.954
76.8	84.5		0.9544378698224851
54.9	60.4		0.9544701986754967
61.9	68.1		0.9544787077826726
1	1.1		0.9545454545454546
1.1	1.21		0.9545454545454546
15.4	16.9		0.955621301775148
30.1	32.4		0.9645061728395062
60.4	64.9		0.9653312788906009
30.9	33.2		0.9653614457831325
88.7	95.3		0.9653725078698846
93.1	100		0.9655
22.1	23.7		0.9662447257383966
1	1.07		0.9672897196261683
1.5	1.6		0.96875
23.7	24.9		0.9759036144578314
84.5	88.7		0.9763246899661782
88.7	93.1		0.9763694951664876
95.3	100		0.9764999999999999
64.9	68.1		0.9765051395007343
30.9	32.4		0.9768518518518519
61.9	64.9		0.9768875192604005
9.76	10.2		0.9784313725490197
1.07	1.1		0.9863636363636363
30.1	30.9		0.9870550161812298
11.8	12.1		0.987603305785124
60.4	61.9		0.9878836833602584
32.4	33.2		0.9879518072289156
75.0	76.8		0.98828125
93.1	95.3		0.9884575026232949
1	1		1.0
1.1	1.1		1.0
1.21	1.21		1.0
1.5	1.5		1.0
1.6	1.6		1.0
1.78	1.78		1.0
2.37	2.37		1.0
2.74	2.74		1.0
3.32	3.32		1.0
4.75	4.75		1.0
6.98	6.98		1.0
9.76	9.76		1.0
10.2	10.2		1.0
12.1	12.1		1.0
15.4	15.4		1.0
16.9	16.9		1.0
20	20		1.0
22.1	22.1		1.0
23.7	23.7		1.0
24.9	24.9		1.0
30.1	30.1		1.0
30.9	30.9		1.0
32.4	32.4		1.0
33.2	33.2		1.0
54.9	54.9		1.0
100	100		1.0
1.07	1.07		1.0
107	100		1.0
107	107		1.0
115	100		1.0
115	107		1.0
115	115		1.0
11.8	11.8		1.0
121	100		1.0
121	107		1.0
121	115		1.0
121	121		1.0
127	100		1.0
127	107		1.0
127	115		1.0
127	121		1.0
127	127		1.0
130	100		1.0
130	107		1.0
130	115		1.0
130	121		1.0
130	127		1.0
130	130		1.0
140	100		1.0
140	107		1.0
140	115		1.0
140	121		1.0
140	127		1.0
140	130		1.0
140	140		1.0
147	100		1.0
147	107		1.0
147	115		1.0
147	121		1.0
147	127		1.0
147	130		1.0
147	140		1.0
147	147		1.0
162	100		1.0
162	107		1.0
162	115		1.0
162	121		1.0
162	127		1.0
162	130		1.0
162	140		1.0
162	147		1.0
162	162		1.0
169	100		1.0
169	107		1.0
169	115		1.0
169	121		1.0
169	127		1.0
169	130		1.0
169	140		1.0
169	147		1.0
169	162		1.0
169	169		1.0
182	100		1.0
182	107		1.0
182	115		1.0
182	121		1.0
182	127		1.0
182	130		1.0
182	140		1.0
182	147		1.0
182	162		1.0
182	169		1.0
182	182		1.0
191	100		1.0
191	107		1.0
191	115		1.0
191	121		1.0
191	127		1.0
191	130		1.0
191	140		1.0
191	147		1.0
191	162		1.0
191	169		1.0
191	182		1.0
191	191		1.0
200	107		1.0
200	115		1.0
200	121		1.0
200	127		1.0
200	130		1.0
200	140		1.0
200	147		1.0
200	162		1.0
200	169		1.0
200	182		1.0
200	191		1.0
200	200		1.0
210	107		1.0
210	115		1.0
210	121		1.0
210	127		1.0
210	130		1.0
210	140		1.0
210	147		1.0
210	162		1.0
210	169		1.0
210	182		1.0
210	191		1.0
210	200		1.0
210	210		1.0
274	140		1.0
274	147		1.0
274	162		1.0
274	169		1.0
274	182		1.0
274	191		1.0
274	200		1.0
274	210		1.0
274	274		1.0
332	169		1.0
332	182		1.0
332	191		1.0
332	200		1.0
332	210		1.0
332	274		1.0
332	332		1.0
365	191		1.0
365	200		1.0
365	210		1.0
365	274		1.0
365	332		1.0
365	365		1.0
562	332		1.0
562	365		1.0
562	562		1.0
5.62	5.62		1.0
60.4	60.4		1.0
61.9	61.9		1.0
64.9	64.9		1.0
68.1	68.1		1.0
75.0	75.0		1.0
768	562		1.0
768	768		1.0
76.8	76.8		1.0
84.5	84.5		1.0
88.7	88.7		1.0
909	562		1.0
909	768		1.0
909	909		1.0
93.1	93.1		1.0
95.3	95.3		1.0
95.3	93.1		1.0118152524167563
76.8	75.0		1.012
33.2	32.4		1.0123456790123457
61.9	60.4		1.0124172185430464
12.1	11.8		1.0127118644067796
30.9	30.1		1.0132890365448506
1.1	1.07		1.014018691588785
10.2	9.76		1.0225409836065573
64.9	61.9		1.024232633279483
32.4	30.9		1.0242718446601942
68.1	64.9		1.024653312788906
100	95.3		1.0246589716684156
93.1	88.7		1.024802705749718
88.7	84.5		1.0248520710059172
24.9	23.7		1.0253164556962027
1.6	1.5		1.0333333333333332
1.07	1		1.0350000000000001
23.7	22.1		1.0361990950226243
100	93.1		1.0370569280343718
95.3	88.7		1.0372040586245772
33.2	30.9		1.0372168284789645
64.9	60.4		1.0372516556291391
32.4	30.1		1.0382059800664452
16.9	15.4		1.0487012987012987
1.21	1.1		1.0499999999999998
1.1	1		1.05
68.1	61.9		1.050080775444265
60.4	54.9		1.0500910746812386
84.5	76.8		1.0501302083333335
75.0	68.1		1.050660792951542
93.1	84.5		1.0508875739644972
33.2	30.1		1.0514950166112957
22.1	20		1.0525
1.78	1.6		1.05625
107	95.3		1.0613850996852046
84.5	75.0		1.0633333333333335
24.9	22.1		1.0633484162895925
100	88.7		1.0636978579481398
68.1	60.4		1.0637417218543046
61.9	54.9		1.063752276867031
76.8	68.1		1.0638766519823788
95.3	84.5		1.0639053254437871
1.21	1.07		1.0654205607476634
107	93.1		1.0746509129967778
88.7	76.8		1.0774739583333335
75.0	64.9		1.0778120184899844
2.74	2.37		1.0780590717299579
11.8	10.2		1.0784313725490198
64.9	54.9		1.0910746812386156
88.7	75.0		1.0913333333333335
5.62	4.75		1.0915789473684212
76.8	64.9		1.0916795069337442
20	16.9		1.0917159763313609
100	84.5		1.0917159763313609
23.7	20		1.0925
12.1	10.2		1.093137254901961
1.78	1.5		1.0933333333333333
107	88.7		1.1031567080045095
115	95.3		1.103357817418678
30.1	24.9		1.104417670682731
11.8	9.76		1.1045081967213115
1.21	1		1.105
75.0	61.9		1.105815831987076
3.32	2.74		1.105839416058394
93.1	76.8		1.1061197916666665
115	93.1		1.1176154672395273
1.5	1.21		1.1198347107438016
12.1	9.76		1.1198770491803278
68.1	54.9		1.1202185792349726
76.8	61.9		1.1203554119547658
84.5	68.1		1.1204111600587372
95.3	76.8		1.1204427083333335
30.9	24.9		1.1204819277108435
93.1	75.0		1.1206666666666667
75.0	60.4		1.120860927152318
6.98	5.62		1.1209964412811388
24.9	20		1.1225
107	84.5		1.1331360946745561
121	95.3		1.134837355718783
30.1	23.7		1.1350210970464136
95.3	75.0		1.1353333333333333
76.8	60.4		1.1357615894039736
15.4	12.1		1.1363636363636362
115	88.7		1.1482525366403609
20	15.4		1.1493506493506493
121	93.1		1.1498388829215898
32.4	24.9		1.1506024096385543
84.5	64.9		1.1510015408320493
100	76.8		1.1510416666666667
88.7	68.1		1.1512481644640236
30.9	23.7		1.1518987341772151
15.4	11.8		1.152542372881356
22.1	16.9		1.153846153846154
1.6	1.21		1.1611570247933884
2.37	1.78		1.1657303370786516
127	95.3		1.1663168940188877
100	75.0		1.1666666666666665
33.2	24.9		1.1666666666666667
115	84.5		1.1804733727810652
30.1	22.1		1.1809954751131222
1.5	1.1		1.1818181818181817
130	95.3		1.1820566631689402
127	93.1		1.1820622986036522
121	88.7		1.1820744081172492
84.5	61.9		1.1825525040387723
75.0	54.9		1.1830601092896176
88.7	64.9		1.1833590138674883
32.4	23.7		1.1835443037974684
93.1	68.1		1.1835535976505138
107	76.8		1.1966145833333335
130	93.1		1.1981740064446833
16.9	12.1		1.1983471074380165
30.9	22.1		1.1990950226244343
9.76	6.98		1.1991404011461317
76.8	54.9		1.1994535519125682
84.5	60.4		1.1995033112582782
95.3	68.1		1.1997063142437592
3.32	2.37		1.20042194092827
33.2	23.7		1.2004219409282701
1.5	1.07		1.2009345794392523
23.7	16.9		1.2011834319526629
107	75.0		1.2133333333333334
4.75	3.32		1.2153614457831325
127	88.7		1.2158962795941375
121	84.5		1.2159763313609466
16.9	11.8		1.216101694915254
88.7	61.9		1.2164781906300486
93.1	64.9		1.217257318952234
22.1	15.4		1.2175324675324677
1.6	1.1		1.2272727272727273
10.2	6.98		1.2306590257879655
130	88.7		1.2328072153325818
32.4	22.1		1.2330316742081449
95.3	64.9		1.234206471494607
100	68.1		1.2342143906020557
88.7	60.4		1.234271523178808
140	95.3		1.234522560335782
6.98	4.75		1.2347368421052631
1.78	1.21		1.2355371900826446
24.9	16.9		1.2366863905325443
2.37	1.6		1.240625
1.6	1.07		1.2476635514018692
115	76.8		1.2486979166666667
1.5	1		1.25
33.2	22.1		1.251131221719457
127	84.5		1.2514792899408285
140	93.1		1.2518796992481205
93.1	61.9		1.2520193861066236
30.1	20		1.2525
15.4	10.2		1.2549019607843137
115	75.0		1.2666666666666666
130	84.5		1.2692307692307692
23.7	15.4		1.2694805194805194
84.5	54.9		1.2695810564663024
2.74	1.78		1.2696629213483148
95.3	61.9		1.2697899838449112
100	64.9		1.2704160246533127
93.1	60.4		1.2706953642384105
147	95.3		1.2712486883525709
30.9	20		1.2725
107	68.1		1.2856093979441998
121	76.8		1.2877604166666667
95.3	60.4		1.288907284768212
15.4	9.76		1.2889344262295084
140	88.7		1.2891770011273955
147	93.1		1.2894736842105263
2.37	1.5		1.29
1.6	1		1.3
121	75.0		1.3066666666666666
100	61.9		1.3077544426494345
88.7	54.9		1.307832422586521
24.9	15.4		1.3084415584415585
1.78	1.1		1.309090909090909
32.4	20		1.31
107	64.9		1.3243451463790445
20	12.1		1.3264462809917354
54.9	33.2		1.3268072289156625
127	76.8		1.3268229166666667
100	60.4		1.3278145695364238
140	84.5		1.3284023668639053
16.9	10.2		1.3284313725490196
147	88.7		1.3286358511837655
33.2	20		1.33
1.78	1.07		1.3317757009345794
115	68.1		1.3443465491923643
11.8	6.98		1.3452722063037248
130	76.8		1.3463541666666667
5.62	3.32		1.3463855421686748
127	75.0		1.3466666666666667
54.9	32.4		1.3472222222222223
20	11.8		1.347457627118644
93.1	54.9		1.3479052823315119
162	95.3		1.3499475341028333
2.74	1.6		1.3562500000000002
107	61.9		1.364297253634895
16.9	9.76		1.36577868852459
130	75.0		1.3666666666666667
12.1	6.98		1.3667621776504297
4.75	2.74		1.366788321167883
95.3	54.9		1.3679417122040074
9.76	5.62		1.3683274021352312
147	84.5		1.3698224852071006
162	93.1		1.370032223415682
107	60.4		1.3857615894039736
115	64.9		1.3859784283513097
169	95.3		1.3866736621196223
54.9	30.9		1.3883495145631068
121	68.1		1.3883994126284875
1.78	1		1.3900000000000001
30.1	16.9		1.3905325443786984
10.2	5.62		1.407473309608541
169	93.1		1.4076262083780882
60.4	33.2		1.4096385542168672
100	54.9		1.4107468123861566
140	76.8		1.4114583333333335
54.9	30.1		1.4119601328903655
162	88.7		1.4131905298759864
22.1	12.1		1.4132231404958677
2.74	1.5		1.4133333333333336
30.9	16.9		1.4142011834319526
115	61.9		1.4289176090468496
60.4	32.4		1.432098765432099
121	64.9		1.4322033898305084
61.9	33.2		1.4322289156626504
127	68.1		1.4324522760646108
3.32	1.78		1.4325842696629212
140	75.0		1.4333333333333333
22.1	11.8		1.4364406779661016
115	60.4		1.4519867549668874
169	88.7		1.4526493799323563
130	68.1		1.4544787077826726
182	95.3		1.4548793284365162
61.9	32.4		1.4552469135802468
147	76.8		1.45703125
32.4	16.9		1.4585798816568047
162	84.5		1.4585798816568047
107	54.9		1.4744990892531877
30.1	15.4		1.4772727272727273
60.4	30.9		1.4773462783171523
121	61.9		1.4773828756058158
64.9	33.2		1.4774096385542168
182	93.1		1.4774436090225564
127	64.9		1.4784283513097072
23.7	12.1		1.4793388429752066
2.37	1.21		1.4793388429752068
147	75.0		1.48
20	10.2		1.4803921568627452
33.2	16.9		1.4822485207100593
169	84.5		1.5
200	100		1.5
210	100		1.5
274	100		1.5
274	107		1.5
274	115		1.5
274	121		1.5
274	127		1.5
274	130		1.5
332	115		1.5
332	121		1.5
332	127		1.5
332	130		1.5
332	140		1.5
332	147		1.5
332	162		1.5
365	127		1.5
365	130		1.5
365	140		1.5
365	147		1.5
365	162		1.5
365	169		1.5
365	182		1.5
562	191		1.5
562	200		1.5
562	210		1.5
562	274		1.5
768	274		1.5
768	332		1.5
768	365		1.5
909	332		1.5
909	365		1.5
130	64.9		1.5015408320493064
64.9	32.4		1.5015432098765433
61.9	30.9		1.5016181229773462
121	60.4		1.5016556291390728
191	95.3		1.5020986358866737
4.75	2.37		1.50210970464135
30.9	15.4		1.5032467532467533
60.4	30.1		1.5033222591362125
23.7	11.8		1.5042372881355932
20	9.76		1.5245901639344261
5.62	2.74		1.5255474452554745
68.1	33.2		1.525602409638554
191	93.1		1.52577873254565
127	61.9		1.525848142164782
182	88.7		1.5259301014656144
9.76	4.75		1.5273684210526315
140	68.1		1.5279001468428781
61.9	30.1		1.5282392026578073
24.9	12.1		1.5289256198347108
3.32	1.6		1.5374999999999999
115	54.9		1.5473588342440803
200	95.3		1.5493179433368311
11.8	5.62		1.5498220640569396
130	61.9		1.550080775444265
64.9	30.9		1.5501618122977348
68.1	32.4		1.5509259259259258
6.98	3.32		1.5512048192771086
127	60.4		1.5513245033112584
32.4	15.4		1.551948051948052
162	76.8		1.5546875
24.9	11.8		1.5550847457627117
10.2	4.75		1.5736842105263158
200	93.1		1.5741138560687433
130	60.4		1.576158940397351
12.1	5.62		1.5765124555160142
191	88.7		1.576662908680947
182	84.5		1.5769230769230769
2.37	1.1		1.5772727272727272
33.2	15.4		1.577922077922078
64.9	30.1		1.5780730897009967
140	64.9		1.5785824345146378
147	68.1		1.5792951541850222
162	75.0		1.58
22.1	10.2		1.5833333333333335
169	76.8		1.6002604166666667
210	95.3		1.6017838405036726
68.1	30.9		1.6019417475728155
121	54.9		1.6020036429872495
54.9	24.9		1.6024096385542168
15.4	6.98		1.6031518624641834
3.32	1.5		1.6066666666666667
2.37	1.07		1.6074766355140186
169	75.0		1.6266666666666667
200	88.7		1.6273957158962795
210	93.1		1.6278195488721805
75.0	33.2		1.6295180722891565
191	84.5		1.6301775147928994
140	61.9		1.6308562197092085
68.1	30.1		1.6312292358803986
22.1	9.76		1.632172131147541
2.74	1.21		1.632231404958678
147	64.9		1.6325115562403698
76.8	33.2		1.6566265060240963
127	54.9		1.656648451730419
75.0	32.4		1.6574074074074074
54.9	23.7		1.6582278481012658
140	60.4		1.6589403973509933
23.7	10.2		1.661764705882353
200	84.5		1.683431952662722
210	88.7		1.6837655016910935
130	54.9		1.6839708561020037
182	76.8		1.6848958333333335
2.37	1		1.685
76.8	32.4		1.6851851851851851
5.62	2.37		1.6856540084388185
147	61.9		1.687399030694669
162	68.1		1.6894273127753305
16.9	6.98		1.7106017191977076
60.4	24.9		1.71285140562249
182	75.0		1.7133333333333334
75.0	30.9		1.7135922330097089
23.7	9.76		1.714139344262295
147	60.4		1.716887417218543
24.9	10.2		1.7205882352941178
169	68.1		1.7408223201174744
54.9	22.1		1.7420814479638007
11.8	4.75		1.7421052631578948
210	84.5		1.742603550295858
76.8	30.9		1.7427184466019419
61.9	24.9		1.742971887550201
191	76.8		1.7434895833333335
30.1	12.1		1.7438016528925622
2.74	1.1		1.7454545454545454
75.0	30.1		1.745847176079734
162	64.9		1.7480739599383666
84.5	33.2		1.772590361445783
191	75.0		1.7733333333333334
12.1	4.75		1.7736842105263158
6.98	2.74		1.7737226277372262
60.4	23.7		1.7742616033755274
140	54.9		1.7750455373406193
30.1	11.8		1.7754237288135593
24.9	9.76		1.7756147540983607
76.8	30.1		1.7757475083056478
30.9	12.1		1.7768595041322315
2.74	1.07		1.780373831775701
169	64.9		1.8020030816640984
200	76.8		1.8020833333333335
64.9	24.9		1.8032128514056227
84.5	32.4		1.8040123456790125
61.9	23.7		1.8059071729957805
162	61.9		1.808562197092084
30.9	11.8		1.809322033898305
200	75.0		1.8333333333333333
4.75	1.78		1.8342696629213482
88.7	33.2		1.8358433734939759
182	68.1		1.8362701908957417
147	54.9		1.8387978142076502
32.4	12.1		1.8388429752066116
162	60.4		1.8410596026490067
169	61.9		1.8651050080775444
60.4	22.1		1.8665158371040722
210	76.8		1.8671875
84.5	30.9		1.8673139158576053
68.1	24.9		1.8674698795180722
88.7	32.4		1.8688271604938274
64.9	23.7		1.8691983122362872
2.74	1		1.87
15.4	5.62		1.8701067615658362
3.32	1.21		1.8719008264462809
33.2	12.1		1.871900826446281
54.9	20		1.8725
32.4	11.8		1.8728813559322033
169	60.4		1.8990066225165563
210	75.0		1.9
61.9	22.1		1.9004524886877827
93.1	33.2		1.9021084337349397
182	64.9		1.9021571648690292
191	68.1		1.9023494860499266
84.5	30.1		1.9036544850498338
33.2	11.8		1.9067796610169492
20	6.98		1.9326647564469912
95.3	33.2		1.9352409638554215
88.7	30.9		1.935275080906149
68.1	23.7		1.9367088607594936
93.1	32.4		1.9367283950617284
274	95.3		1.9375655823714586
64.9	22.1		1.9683257918552037
200	68.1		1.9684287812041117
9.76	3.32		1.9698795180722892
182	61.9		1.9701130856219708
95.3	32.4		1.970679012345679
191	64.9		1.9714946070878272
274	93.1		1.9715359828141783
6.98	2.37		1.9725738396624473
88.7	30.1		1.973421926910299
162	54.9		1.9754098360655739
30.1	10.2		1.9754901960784315
4.75	1.6		1.984375
332	100		2.0
332	107		2.0
365	100		2.0
365	107		2.0
365	115		2.0
365	121		2.0
562	147		2.0
562	162		2.0
562	169		2.0
562	182		2.0
768	200		2.0
768	210		2.0
909	274		2.0
16.9	5.62		2.0035587188612096
100	33.2		2.0060240963855422
75.0	24.9		2.0060240963855422
93.1	30.9		2.006472491909385
182	60.4		2.006622516556291
3.32	1.1		2.009090909090909
60.4	20		2.01
30.9	10.2		2.014705882352941
10.2	3.32		2.036144578313253
169	54.9		2.0391621129326047
68.1	22.1		2.0407239819004523
200	64.9		2.0408320493066254
210	68.1		2.041850220264317
30.1	9.76		2.0420081967213113
95.3	30.9		2.042071197411003
76.8	24.9		2.0421686746987953
191	61.9		2.04281098546042
100	32.4		2.0432098765432096
274	88.7		2.044532130777903
93.1	30.1		2.046511627906977
61.9	20		2.0475
3.32	1.07		2.0514018691588785
5.62	1.78		2.0786516853932584
191	60.4		2.08112582781457
75.0	23.7		2.0822784810126582
30.9	9.76		2.0829918032786887
95.3	30.1		2.0830564784053154
22.1	6.98		2.0830945558739256
4.75	1.5		2.083333333333333
32.4	10.2		2.088235294117647
107	33.2		2.11144578313253
200	61.9		2.115508885298869
210	64.9		2.1178736517719567
100	30.9		2.118122977346278
76.8	23.7		2.120253164556962
15.4	4.75		2.121052631578947
274	84.5		2.121301775147929
64.9	20		2.1225
54.9	16.9		2.1242603550295858
33.2	10.2		2.1274509803921573
107	32.4		2.1512345679012346
200	60.4		2.1556291390728477
182	54.9		2.1575591985428053
32.4	9.76		2.1598360655737707
3.32	1		2.16
100	30.1		2.161129568106312
210	61.9		2.1962843295638126
84.5	24.9		2.1967871485943773
75.0	22.1		2.1968325791855206
23.7	6.98		2.1977077363896846
33.2	9.76		2.2008196721311477
68.1	20		2.2024999999999997
107	30.9		2.2313915857605178
115	33.2		2.2319277108433733
76.8	22.1		2.237556561085973
210	60.4		2.2384105960264904
191	54.9		2.2395264116575593
332	95.3		2.2418677859391396
5.62	1.6		2.2562499999999996
115	32.4		2.2746913580246915
11.8	3.32		2.2771084337349397
107	30.1		2.277408637873754
16.9	4.75		2.2789473684210524
20	5.62		2.2793594306049823
9.76	2.74		2.281021897810219
88.7	24.9		2.281124497991968
54.9	15.4		2.2824675324675323
84.5	23.7		2.2827004219409286
332	93.1		2.283029001074114
24.9	6.98		2.2836676217765044
274	76.8		2.283854166666667
60.4	16.9		2.28698224852071
200	54.9		2.3214936247723132
12.1	3.32		2.322289156626506
121	33.2		2.322289156626506
274	75.0		2.3266666666666667
61.9	16.9		2.331360946745562
115	30.9		2.3608414239482203
10.2	2.74		2.3613138686131387
121	32.4		2.367283950617284
93.1	24.9		2.3694779116465865
88.7	23.7		2.371308016877637
332	88.7		2.371476888387824
5.62	1.5		2.373333333333333
75.0	20		2.375
115	30.1		2.410299003322259
84.5	22.1		2.411764705882353
210	54.9		2.412568306010929
127	33.2		2.4126506024096384
95.3	24.9		2.4136546184738954
365	95.3		2.4150052465897165
76.8	20		2.42
64.9	16.9		2.4201183431952664
130	33.2		2.4578313253012047
121	30.9		2.457928802588997
127	32.4		2.4598765432098766
365	93.1		2.4602577873254567
6.98	1.78		2.460674157303371
60.4	15.4		2.4610389610389607
4.75	1.21		2.462809917355372
93.1	23.7		2.4641350210970465
332	84.5		2.4644970414201186
22.1	5.62		2.4661921708185055
562	115		2.5
562	121		2.5
562	127		2.5
562	130		2.5
562	140		2.5
768	162		2.5
768	169		2.5
768	182		2.5
768	191		2.5
909	182		2.5
909	191		2.5
909	200		2.5
909	210		2.5
130	32.4		2.506172839506173
88.7	22.1		2.506787330316742
100	24.9		2.5080321285140563
61.9	15.4		2.50974025974026
121	30.1		2.509966777408638
95.3	23.7		2.5105485232067513
274	68.1		2.511747430249633
68.1	16.9		2.514792899408284
127	30.9		2.5550161812297736
365	88.7		2.55749718151071
9.76	2.37		2.5590717299578056
130	30.9		2.603559870550162
20	4.75		2.6052631578947367
93.1	22.1		2.606334841628959
64.9	15.4		2.607142857142857
140	33.2		2.608433734939759
23.7	5.62		2.6085409252669036
127	30.1		2.6096345514950166
100	23.7		2.609704641350211
274	64.9		2.610939907550077
84.5	20		2.6125
107	24.9		2.6485943775100402
10.2	2.37		2.651898734177215
11.8	2.74		2.653284671532847
95.3	22.1		2.6561085972850678
30.1	6.98		2.656160458452722
4.75	1.1		2.6590909090909087
130	30.1		2.6594684385382057
365	84.5		2.6597633136094676
140	32.4		2.660493827160494
332	76.8		2.6614583333333335
6.98	1.6		2.68125
12.1	2.74		2.708029197080292
68.1	15.4		2.7110389610389607
274	61.9		2.7132471728594507
332	75.0		2.7133333333333334
30.9	6.98		2.7134670487106014
147	33.2		2.713855421686747
24.9	5.62		2.715302491103203
88.7	20		2.7175000000000002
75.0	16.9		2.7189349112426036
4.75	1.07		2.719626168224299
107	23.7		2.757383966244726
100	22.1		2.762443438914027
140	30.9		2.76537216828479
274	60.4		2.7682119205298013
147	32.4		2.7685185185185186
54.9	12.1		2.768595041322314
76.8	16.9		2.772189349112426
115	24.9		2.809236947791165
15.4	3.32		2.819277108433735
32.4	6.98		2.820916905444126
5.62	1.21		2.822314049586777
140	30.1		2.825581395348837
54.9	11.8		2.8262711864406778
22.1	4.75		2.8263157894736843
6.98	1.5		2.8266666666666667
93.1	20		2.8274999999999997
4.75	1		2.875
365	76.8		2.8763020833333335
33.2	6.98		2.878223495702006
147	30.9		2.8786407766990294
95.3	20		2.8825
107	22.1		2.920814479638009
115	23.7		2.9261603375527425
121	24.9		2.929718875502008
365	75.0		2.933333333333333
75.0	15.4		2.935064935064935
332	68.1		2.9375917767988255
162	33.2		2.939759036144578
147	30.1		2.941860465116279
11.8	2.37		2.989451476793249
76.8	15.4		2.9935064935064934
23.7	4.75		2.994736842105263
274	54.9		2.995446265938069
60.4	12.1		2.9958677685950414
100	20		3.0
107	20		3.0
115	20		3.0
162	32.4		3.0
562	100		3.0
562	107		3.0
768	130		3.0
768	140		3.0
768	147		3.0
84.5	16.9		3.0
909	162		3.0
909	169		3.0
169	33.2		3.045180722891566
16.9	3.32		3.0451807228915664
127	24.9		3.0502008032128516
12.1	2.37		3.052742616033755
121	23.7		3.0527426160337554
5.62	1.1		3.0545454545454542
332	64.9		3.0577812018489983
61.9	12.1		3.0578512396694215
60.4	11.8		3.059322033898305
115	22.1		3.101809954751131
169	32.4		3.108024691358025
130	24.9		3.110441767068273
24.9	4.75		3.121052631578947
162	30.9		3.121359223300971
61.9	11.8		3.1228813559322033
88.7	16.9		3.124260355029586
5.62	1.07		3.1261682242990654
30.1	5.62		3.1779359430604983
127	23.7		3.179324894514768
365	68.1		3.179882525697504
332	61.9		3.1817447495961226
64.9	12.1		3.181818181818182
162	30.1		3.191029900332226
54.9	10.2		3.1911764705882355
169	30.9		3.2346278317152106
121	22.1		3.237556561085973
182	33.2		3.2409638554216866
9.76	1.78		3.241573033707865
130	23.7		3.2426160337552745
84.5	15.4		3.2435064935064934
332	60.4		3.248344370860927
30.9	5.62		3.2491103202846974
64.9	11.8		3.25
93.1	16.9		3.2544378698224854
169	30.1		3.3073089700996676
182	32.4		3.308641975308642
5.62	1		3.31
15.4	2.74		3.31021897810219
140	24.9		3.311244979919679
365	64.9		3.3120184899845913
54.9	9.76		3.3125
68.1	12.1		3.3140495867768593
95.3	16.9		3.319526627218935
10.2	1.78		3.3651685393258424
127	22.1		3.3733031674208145
191	33.2		3.3765060240963853
88.7	15.4		3.3798701298701297
32.4	5.62		3.382562277580071
6.98	1.21		3.3842975206611574
68.1	11.8		3.3855932203389827
130	22.1		3.441176470588235
182	30.9		3.444983818770227
191	32.4		3.447530864197531
365	61.9		3.4483037156704364
562	95.3		3.448583420776495
147	24.9		3.451807228915663
140	23.7		3.4535864978902953
33.2	5.62		3.4537366548042705
100	16.9		3.458579881656805
60.4	10.2		3.4607843137254903
121	20		3.5
127	20		3.5
130	20		3.5
768	115		3.5
768	121		3.5
768	127		3.5
909	130		3.5
909	140		3.5
909	147		3.5
200	33.2		3.512048192771084
20	3.32		3.5120481927710845
562	93.1		3.5182599355531687
365	60.4		3.5215231788079473
93.1	15.4		3.5227272727272725
182	30.1		3.5232558139534884
332	54.9		3.52367941712204
61.9	10.2		3.5343137254901964
9.76	1.6		3.55
16.9	2.74		3.5839416058394153
200	32.4		3.5864197530864197
191	30.9		3.590614886731392
95.3	15.4		3.594155844155844
60.4	9.76		3.5942622950819674
75.0	12.1		3.5991735537190084
147	23.7		3.6012658227848102
210	33.2		3.6626506024096384
107	16.9		3.6656804733727815
140	22.1		3.667420814479638
562	88.7		3.6679819616685454
30.1	4.75		3.668421052631579
61.9	9.76		3.6711065573770494
6.98	1.1		3.672727272727273
191	30.1		3.6727574750830563
76.8	12.1		3.6735537190082646
75.0	11.8		3.6779661016949152
64.9	10.2		3.6813725490196085
10.2	1.6		3.6874999999999996
200	30.9		3.736245954692557
210	32.4		3.740740740740741
100	15.4		3.7467532467532467
15.4	2.37		3.7489451476793247
30.9	4.75		3.7526315789473683
162	24.9		3.753012048192771
9.76	1.5		3.7533333333333334
76.8	11.8		3.754237288135593
6.98	1.07		3.7616822429906542
11.8	1.78		3.814606741573034
200	30.1		3.8222591362126246
365	54.9		3.824225865209472
64.9	9.76		3.8247950819672134
562	84.5		3.8254437869822486
147	22.1		3.8257918552036196
22.1	3.32		3.8283132530120487
68.1	10.2		3.838235294117647
169	24.9		3.893574297188755
210	30.9		3.8980582524271847
12.1	1.78		3.898876404494382
10.2	1.5		3.9
115	16.9		3.9023668639053257
32.4	4.75		3.9105263157894736
162	23.7		3.9177215189873418
107	15.4		3.974025974025974
210	30.1		3.988372093023256
68.1	9.76		3.988729508196721
6.98	1		3.99
84.5	12.1		3.991735537190083
33.2	4.75		3.9947368421052634
140	20		4.0
147	20		4.0
768	100		4.0
768	107		4.0
909	115		4.0
909	121		4.0
909	127		4.0
16.9	2.37		4.065400843881856
169	23.7		4.065400843881857
23.7	3.32		4.0692771084337345
121	16.9		4.079881656804734
84.5	11.8		4.080508474576271
20	2.74		4.14963503649635
182	24.9		4.1546184738955825
562	76.8		4.158854166666667
162	22.1		4.165158371040723
88.7	12.1		4.1652892561983474
75.0	10.2		4.176470588235294
11.8	1.6		4.1875
115	15.4		4.233766233766234
562	75.0		4.246666666666666
24.9	3.32		4.25
127	16.9		4.257396449704142
88.7	11.8		4.258474576271187
76.8	10.2		4.264705882352941
12.1	1.6		4.28125
169	22.1		4.323529411764706
191	24.9		4.335341365461847
182	23.7		4.339662447257384
75.0	9.76		4.342213114754099
130	16.9		4.346153846153847
93.1	12.1		4.347107438016529
121	15.4		4.428571428571429
54.9	6.98		4.432664756446991
11.8	1.5		4.433333333333334
76.8	9.76		4.434426229508197
95.3	12.1		4.43801652892562
93.1	11.8		4.444915254237287
162	20		4.5
169	20		4.5
909	107		4.5
200	24.9		4.516064257028113
768	95.3		4.529380902413432
191	23.7		4.529535864978903
22.1	2.74		4.532846715328467
9.76	1.21		4.533057851239669
12.1	1.5		4.533333333333333
95.3	11.8		4.538135593220338
182	22.1		4.617647058823529
127	15.4		4.623376623376624
768	93.1		4.6245972073039745
562	68.1		4.626284875183554
274	33.2		4.626506024096385
100	12.1		4.632231404958678
140	16.9		4.642011834319527
84.5	10.2		4.642156862745098
10.2	1.21		4.714876033057851
210	24.9		4.716867469879518
20	2.37		4.719409282700422
200	23.7		4.719409282700422
130	15.4		4.720779220779221
274	32.4		4.728395061728396
100	11.8		4.73728813559322
191	22.1		4.821266968325792
23.7	2.74		4.8248175182481745
15.4	1.78		4.825842696629214
60.4	6.98		4.826647564469914
84.5	9.76		4.828893442622951
768	88.7		4.8291995490417134
562	64.9		4.829738058551618
88.7	10.2		4.848039215686275
147	16.9		4.849112426035504
107	12.1		4.921487603305785
210	23.7		4.9303797468354436
274	30.9		4.933656957928803
61.9	6.98		4.934097421203438
9.76	1.1		4.936363636363636
182	20		5.0
191	20		5.0
909	100		5.0
200	22.1		5.024886877828054
30.1	3.32		5.033132530120483
107	11.8		5.033898305084746
562	61.9		5.039579967689822
24.9	2.74		5.0437956204379555
88.7	9.76		5.044057377049181
768	84.5		5.044378698224852
140	15.4		5.045454545454545
274	30.1		5.0514950166112955
9.76	1.07		5.0607476635514015
93.1	10.2		5.063725490196078
10.2	1.1		5.136363636363636
64.9	6.98		5.148997134670487
562	60.4		5.152317880794702
30.9	3.32		5.153614457831325
22.1	2.37		5.162447257383966
95.3	10.2		5.171568627450981
16.9	1.78		5.247191011235954
210	22.1		5.251131221719457
115	12.1		5.25206611570248
10.2	1.07		5.266355140186915
909	95.3		5.269150052465897
93.1	9.76		5.269467213114754
147	15.4		5.2727272727272725
162	16.9		5.292899408284024
15.4	1.6		5.3125
115	11.8		5.372881355932203
11.8	1.21		5.37603305785124
68.1	6.98		5.378223495702005
32.4	3.32		5.379518072289157
9.76	1		5.38
909	93.1		5.381847475832439
95.3	9.76		5.382172131147541
54.9	5.62		5.384341637010676
100	10.2		5.401960784313726
